------------------------------------------------------------
Client connecting to 192.168.11.210, TCP port 5001
TCP window size: 85.0 KByte (default)
------------------------------------------------------------
[  6] local 192.168.11.110 port 45844 connected with 192.168.11.210 port 5001
[  3] local 192.168.11.110 port 45836 connected with 192.168.11.210 port 5001
[  4] local 192.168.11.110 port 45838 connected with 192.168.11.210 port 5001
[  5] local 192.168.11.110 port 45840 connected with 192.168.11.210 port 5001
[  7] local 192.168.11.110 port 45842 connected with 192.168.11.210 port 5001
[ ID] Interval       Transfer     Bandwidth
[  6]  0.0- 2.0 sec   550 MBytes  2.31 Gbits/sec
[  5]  0.0- 2.0 sec   538 MBytes  2.25 Gbits/sec
[  3]  0.0- 2.0 sec   589 MBytes  2.47 Gbits/sec
[  4]  0.0- 2.0 sec   216 MBytes   905 Mbits/sec
[  7]  0.0- 2.0 sec   339 MBytes  1.42 Gbits/sec
[SUM]  0.0- 2.0 sec  2.18 GBytes  9.36 Gbits/sec
[  6]  2.0- 4.0 sec   550 MBytes  2.31 Gbits/sec
[  3]  2.0- 4.0 sec   554 MBytes  2.33 Gbits/sec
[  4]  2.0- 4.0 sec   212 MBytes   888 Mbits/sec
[  5]  2.0- 4.0 sec   556 MBytes  2.33 Gbits/sec
[  7]  2.0- 4.0 sec   340 MBytes  1.43 Gbits/sec
[SUM]  2.0- 4.0 sec  2.16 GBytes  9.28 Gbits/sec
[  6]  4.0- 6.0 sec   554 MBytes  2.32 Gbits/sec
[  3]  4.0- 6.0 sec   553 MBytes  2.32 Gbits/sec
[  4]  4.0- 6.0 sec   226 MBytes   946 Mbits/sec
[  5]  4.0- 6.0 sec   553 MBytes  2.32 Gbits/sec
[  7]  4.0- 6.0 sec   328 MBytes  1.38 Gbits/sec
[SUM]  4.0- 6.0 sec  2.16 GBytes  9.29 Gbits/sec
[  6]  6.0- 8.0 sec   554 MBytes  2.33 Gbits/sec
[  3]  6.0- 8.0 sec   555 MBytes  2.33 Gbits/sec
[  4]  6.0- 8.0 sec   234 MBytes   980 Mbits/sec
[  5]  6.0- 8.0 sec   555 MBytes  2.33 Gbits/sec
[  7]  6.0- 8.0 sec   321 MBytes  1.35 Gbits/sec
[SUM]  6.0- 8.0 sec  2.17 GBytes  9.31 Gbits/sec
[  6]  8.0-10.0 sec   555 MBytes  2.33 Gbits/sec
[  3]  8.0-10.0 sec   555 MBytes  2.33 Gbits/sec
[  7]  8.0-10.0 sec   325 MBytes  1.36 Gbits/sec
[  4]  8.0-10.0 sec   231 MBytes   968 Mbits/sec
[  5]  8.0-10.0 sec   556 MBytes  2.33 Gbits/sec
[SUM]  8.0-10.0 sec  2.17 GBytes  9.32 Gbits/sec
[  6] 10.0-12.0 sec   555 MBytes  2.33 Gbits/sec
[  3] 10.0-12.0 sec   555 MBytes  2.33 Gbits/sec
[  4] 10.0-12.0 sec   264 MBytes  1.11 Gbits/sec
[  5] 10.0-12.0 sec   555 MBytes  2.33 Gbits/sec
[  7] 10.0-12.0 sec   293 MBytes  1.23 Gbits/sec
[SUM] 10.0-12.0 sec  2.17 GBytes  9.32 Gbits/sec
[  6] 12.0-14.0 sec   555 MBytes  2.33 Gbits/sec
[  3] 12.0-14.0 sec   555 MBytes  2.33 Gbits/sec
[  7] 12.0-14.0 sec   286 MBytes  1.20 Gbits/sec
[  4] 12.0-14.0 sec   269 MBytes  1.13 Gbits/sec
[  5] 12.0-14.0 sec   555 MBytes  2.33 Gbits/sec
[SUM] 12.0-14.0 sec  2.17 GBytes  9.31 Gbits/sec
[  6] 14.0-16.0 sec   555 MBytes  2.33 Gbits/sec
[  3] 14.0-16.0 sec   556 MBytes  2.33 Gbits/sec
[  4] 14.0-16.0 sec   273 MBytes  1.15 Gbits/sec
[  5] 14.0-16.0 sec   555 MBytes  2.33 Gbits/sec
[  7] 14.0-16.0 sec   281 MBytes  1.18 Gbits/sec
[SUM] 14.0-16.0 sec  2.17 GBytes  9.31 Gbits/sec
[  6] 16.0-18.0 sec   555 MBytes  2.33 Gbits/sec
[  3] 16.0-18.0 sec   555 MBytes  2.33 Gbits/sec
[  4] 16.0-18.0 sec   278 MBytes  1.17 Gbits/sec
[  5] 16.0-18.0 sec   554 MBytes  2.32 Gbits/sec
[  7] 16.0-18.0 sec   277 MBytes  1.16 Gbits/sec
[SUM] 16.0-18.0 sec  2.17 GBytes  9.31 Gbits/sec
[  6] 18.0-20.0 sec   554 MBytes  2.32 Gbits/sec
[  6]  0.0-20.0 sec  5.41 GBytes  2.32 Gbits/sec
[  3]  0.0-20.0 sec  5.45 GBytes  2.34 Gbits/sec
[  4] 18.0-20.0 sec   277 MBytes  1.16 Gbits/sec
[  4]  0.0-20.0 sec  2.42 GBytes  1.04 Gbits/sec
[  5]  0.0-20.0 sec  5.40 GBytes  2.32 Gbits/sec
[  7] 18.0-20.0 sec   277 MBytes  1.16 Gbits/sec
[  7]  0.0-20.0 sec  3.00 GBytes  1.29 Gbits/sec
[SUM]  0.0-20.0 sec  21.7 GBytes  9.31 Gbits/sec
