------------------------------------------------------------
Client connecting to 192.168.1.20, TCP port 5001
TCP window size: 85.0 KByte (default)
------------------------------------------------------------
[ 12] local 192.168.1.10 port 52930 connected with 192.168.1.20 port 5001
[  3] local 192.168.1.10 port 52912 connected with 192.168.1.20 port 5001
[  4] local 192.168.1.10 port 52914 connected with 192.168.1.20 port 5001
[  6] local 192.168.1.10 port 52916 connected with 192.168.1.20 port 5001
[  5] local 192.168.1.10 port 52918 connected with 192.168.1.20 port 5001
[  7] local 192.168.1.10 port 52920 connected with 192.168.1.20 port 5001
[  8] local 192.168.1.10 port 52922 connected with 192.168.1.20 port 5001
[  9] local 192.168.1.10 port 52924 connected with 192.168.1.20 port 5001
[ 10] local 192.168.1.10 port 52926 connected with 192.168.1.20 port 5001
[ 11] local 192.168.1.10 port 52928 connected with 192.168.1.20 port 5001
[ ID] Interval       Transfer     Bandwidth
[ 12]  0.0- 2.0 sec  43.8 MBytes   184 Mbits/sec
[ 11]  0.0- 2.0 sec  21.1 MBytes  88.6 Mbits/sec
[  3]  0.0- 2.0 sec  22.5 MBytes  94.4 Mbits/sec
[  4]  0.0- 2.0 sec  49.9 MBytes   209 Mbits/sec
[  9]  0.0- 2.0 sec  15.1 MBytes  63.4 Mbits/sec
[  5]  0.0- 2.0 sec  14.9 MBytes  62.4 Mbits/sec
[  7]  0.0- 2.0 sec  11.0 MBytes  46.1 Mbits/sec
[  8]  0.0- 2.0 sec  23.4 MBytes  98.0 Mbits/sec
[ 10]  0.0- 2.0 sec  14.9 MBytes  62.4 Mbits/sec
[  6]  0.0- 2.0 sec  10.5 MBytes  44.0 Mbits/sec
[SUM]  0.0- 2.0 sec   227 MBytes   952 Mbits/sec
[  7]  2.0- 4.0 sec  11.5 MBytes  48.2 Mbits/sec
[ 12]  2.0- 4.0 sec  45.1 MBytes   189 Mbits/sec
[  4]  2.0- 4.0 sec  45.1 MBytes   189 Mbits/sec
[  8]  2.0- 4.0 sec  23.1 MBytes  97.0 Mbits/sec
[ 10]  2.0- 4.0 sec  14.9 MBytes  62.4 Mbits/sec
[ 11]  2.0- 4.0 sec  21.8 MBytes  91.2 Mbits/sec
[  3]  2.0- 4.0 sec  22.1 MBytes  92.8 Mbits/sec
[  5]  2.0- 4.0 sec  15.1 MBytes  63.4 Mbits/sec
[  9]  2.0- 4.0 sec  15.1 MBytes  63.4 Mbits/sec
[  6]  2.0- 4.0 sec  11.1 MBytes  46.7 Mbits/sec
[SUM]  2.0- 4.0 sec   225 MBytes   944 Mbits/sec
[ 12]  4.0- 6.0 sec  44.9 MBytes   188 Mbits/sec
[  4]  4.0- 6.0 sec  44.6 MBytes   187 Mbits/sec
[  5]  4.0- 6.0 sec  14.9 MBytes  62.4 Mbits/sec
[  8]  4.0- 6.0 sec  23.2 MBytes  97.5 Mbits/sec
[ 10]  4.0- 6.0 sec  15.0 MBytes  62.9 Mbits/sec
[  3]  4.0- 6.0 sec  20.6 MBytes  86.5 Mbits/sec
[  6]  4.0- 6.0 sec  12.0 MBytes  50.3 Mbits/sec
[ 11]  4.0- 6.0 sec  21.6 MBytes  90.7 Mbits/sec
[  9]  4.0- 6.0 sec  14.9 MBytes  62.4 Mbits/sec
[  7]  4.0- 6.0 sec  12.0 MBytes  50.3 Mbits/sec
[SUM]  4.0- 6.0 sec   224 MBytes   938 Mbits/sec
[ 12]  6.0- 8.0 sec  44.9 MBytes   188 Mbits/sec
[  3]  6.0- 8.0 sec  20.5 MBytes  86.0 Mbits/sec
[  8]  6.0- 8.0 sec  23.8 MBytes  99.6 Mbits/sec
[ 11]  6.0- 8.0 sec  20.9 MBytes  87.6 Mbits/sec
[  4]  6.0- 8.0 sec  45.1 MBytes   189 Mbits/sec
[  5]  6.0- 8.0 sec  15.0 MBytes  62.9 Mbits/sec
[  7]  6.0- 8.0 sec  12.4 MBytes  51.9 Mbits/sec
[  9]  6.0- 8.0 sec  15.0 MBytes  62.9 Mbits/sec
[ 10]  6.0- 8.0 sec  15.0 MBytes  62.9 Mbits/sec
[  6]  6.0- 8.0 sec  12.4 MBytes  51.9 Mbits/sec
[SUM]  6.0- 8.0 sec   225 MBytes   943 Mbits/sec
[  9]  8.0-10.0 sec  14.9 MBytes  62.4 Mbits/sec
[ 10]  8.0-10.0 sec  15.0 MBytes  62.9 Mbits/sec
[ 12]  8.0-10.0 sec  45.0 MBytes   189 Mbits/sec
[  3]  8.0-10.0 sec  20.2 MBytes  84.9 Mbits/sec
[  8]  8.0-10.0 sec  23.5 MBytes  98.6 Mbits/sec
[ 11]  8.0-10.0 sec  21.6 MBytes  90.7 Mbits/sec
[  4]  8.0-10.0 sec  45.1 MBytes   189 Mbits/sec
[  6]  8.0-10.0 sec  12.4 MBytes  51.9 Mbits/sec
[  7]  8.0-10.0 sec  12.4 MBytes  51.9 Mbits/sec
[  5]  8.0-10.0 sec  15.1 MBytes  63.4 Mbits/sec
[SUM]  8.0-10.0 sec   225 MBytes   945 Mbits/sec
[  4] 10.0-12.0 sec  44.6 MBytes   187 Mbits/sec
[ 11] 10.0-12.0 sec  25.9 MBytes   109 Mbits/sec
[ 12] 10.0-12.0 sec  45.1 MBytes   189 Mbits/sec
[  3] 10.0-12.0 sec  20.1 MBytes  84.4 Mbits/sec
[  8] 10.0-12.0 sec  18.9 MBytes  79.2 Mbits/sec
[ 10] 10.0-12.0 sec  15.0 MBytes  62.9 Mbits/sec
[  5] 10.0-12.0 sec  15.0 MBytes  62.9 Mbits/sec
[  7] 10.0-12.0 sec  12.1 MBytes  50.9 Mbits/sec
[  9] 10.0-12.0 sec  15.1 MBytes  63.4 Mbits/sec
[  6] 10.0-12.0 sec  12.5 MBytes  52.4 Mbits/sec
[SUM] 10.0-12.0 sec   224 MBytes   941 Mbits/sec
[ 12] 12.0-14.0 sec  44.9 MBytes   188 Mbits/sec
[  3] 12.0-14.0 sec  20.2 MBytes  84.9 Mbits/sec
[  4] 12.0-14.0 sec  45.1 MBytes   189 Mbits/sec
[  5] 12.0-14.0 sec  14.9 MBytes  62.4 Mbits/sec
[  8] 12.0-14.0 sec  18.9 MBytes  79.2 Mbits/sec
[ 11] 12.0-14.0 sec  26.0 MBytes   109 Mbits/sec
[  9] 12.0-14.0 sec  15.0 MBytes  62.9 Mbits/sec
[ 10] 12.0-14.0 sec  15.0 MBytes  62.9 Mbits/sec
[  6] 12.0-14.0 sec  12.2 MBytes  51.4 Mbits/sec
[  7] 12.0-14.0 sec  12.2 MBytes  51.4 Mbits/sec
[SUM] 12.0-14.0 sec   224 MBytes   942 Mbits/sec
[ 12] 14.0-16.0 sec  44.9 MBytes   188 Mbits/sec
[  3] 14.0-16.0 sec  20.2 MBytes  84.9 Mbits/sec
[  8] 14.0-16.0 sec  19.1 MBytes  80.2 Mbits/sec
[ 11] 14.0-16.0 sec  26.0 MBytes   109 Mbits/sec
[  4] 14.0-16.0 sec  45.1 MBytes   189 Mbits/sec
[  5] 14.0-16.0 sec  15.1 MBytes  63.4 Mbits/sec
[  6] 14.0-16.0 sec  12.1 MBytes  50.9 Mbits/sec
[  9] 14.0-16.0 sec  15.0 MBytes  62.9 Mbits/sec
[  7] 14.0-16.0 sec  12.2 MBytes  51.4 Mbits/sec
[ 10] 14.0-16.0 sec  15.1 MBytes  63.4 Mbits/sec
[SUM] 14.0-16.0 sec   225 MBytes   944 Mbits/sec
[ 12] 16.0-18.0 sec  45.0 MBytes   189 Mbits/sec
[  4] 16.0-18.0 sec  44.6 MBytes   187 Mbits/sec
[  8] 16.0-18.0 sec  18.9 MBytes  79.2 Mbits/sec
[  3] 16.0-18.0 sec  20.4 MBytes  85.5 Mbits/sec
[ 11] 16.0-18.0 sec  26.0 MBytes   109 Mbits/sec
[  9] 16.0-18.0 sec  15.0 MBytes  62.9 Mbits/sec
[  7] 16.0-18.0 sec  12.0 MBytes  50.3 Mbits/sec
[ 10] 16.0-18.0 sec  15.0 MBytes  62.9 Mbits/sec
[  6] 16.0-18.0 sec  12.5 MBytes  52.4 Mbits/sec
[  5] 16.0-18.0 sec  15.0 MBytes  62.9 Mbits/sec
[SUM] 16.0-18.0 sec   224 MBytes   941 Mbits/sec
[  4]  0.0-20.0 sec   454 MBytes   190 Mbits/sec
[ 12] 18.0-20.0 sec  45.0 MBytes   189 Mbits/sec
[ 12]  0.0-20.0 sec   449 MBytes   188 Mbits/sec
[  3] 18.0-20.0 sec  21.2 MBytes  89.1 Mbits/sec
[  3]  0.0-20.0 sec   208 MBytes  87.4 Mbits/sec
[  8] 18.0-20.0 sec  17.9 MBytes  75.0 Mbits/sec
[  8]  0.0-20.0 sec   211 MBytes  88.3 Mbits/sec
[  9] 18.0-20.0 sec  21.9 MBytes  91.8 Mbits/sec
[  9]  0.0-20.0 sec   157 MBytes  65.9 Mbits/sec
[ 11] 18.0-20.0 sec  27.6 MBytes   116 Mbits/sec
[ 11]  0.0-20.0 sec   239 MBytes   100 Mbits/sec
[  5] 18.0-20.0 sec  12.1 MBytes  50.9 Mbits/sec
[  5]  0.0-20.0 sec   147 MBytes  61.7 Mbits/sec
[ 10] 18.0-20.0 sec  11.1 MBytes  46.7 Mbits/sec
[ 10]  0.0-20.0 sec   146 MBytes  61.2 Mbits/sec
[  6] 18.0-20.0 sec  12.2 MBytes  51.4 Mbits/sec
[  6]  0.0-20.0 sec   120 MBytes  50.3 Mbits/sec
[  7] 18.0-20.0 sec  12.1 MBytes  50.9 Mbits/sec
[  7]  0.0-20.0 sec   120 MBytes  50.3 Mbits/sec
[SUM]  0.0-20.0 sec  2.20 GBytes   942 Mbits/sec
