------------------------------------------------------------
Client connecting to 192.168.11.210, TCP port 5001
TCP window size: 85.0 KByte (default)
------------------------------------------------------------
[ 12] local 192.168.11.110 port 33900 connected with 192.168.11.210 port 5001
[  4] local 192.168.11.110 port 33882 connected with 192.168.11.210 port 5001
[  5] local 192.168.11.110 port 33884 connected with 192.168.11.210 port 5001
[  6] local 192.168.11.110 port 33886 connected with 192.168.11.210 port 5001
[  3] local 192.168.11.110 port 33888 connected with 192.168.11.210 port 5001
[  7] local 192.168.11.110 port 33890 connected with 192.168.11.210 port 5001
[  8] local 192.168.11.110 port 33892 connected with 192.168.11.210 port 5001
[ 10] local 192.168.11.110 port 33894 connected with 192.168.11.210 port 5001
[  9] local 192.168.11.110 port 33896 connected with 192.168.11.210 port 5001
[ 11] local 192.168.11.110 port 33898 connected with 192.168.11.210 port 5001
[ ID] Interval       Transfer     Bandwidth
[ 12]  0.0- 2.0 sec   373 MBytes  1.56 Gbits/sec
[  4]  0.0- 2.0 sec   377 MBytes  1.58 Gbits/sec
[  5]  0.0- 2.0 sec   375 MBytes  1.57 Gbits/sec
[  3]  0.0- 2.0 sec   116 MBytes   486 Mbits/sec
[  7]  0.0- 2.0 sec   375 MBytes  1.57 Gbits/sec
[ 10]  0.0- 2.0 sec   116 MBytes   485 Mbits/sec
[  6]  0.0- 2.0 sec   145 MBytes   609 Mbits/sec
[  8]  0.0- 2.0 sec   145 MBytes   609 Mbits/sec
[  9]  0.0- 2.0 sec   116 MBytes   486 Mbits/sec
[ 11]  0.0- 2.0 sec   117 MBytes   490 Mbits/sec
[SUM]  0.0- 2.0 sec  2.20 GBytes  9.45 Gbits/sec
[ 12]  2.0- 4.0 sec   374 MBytes  1.57 Gbits/sec
[  4]  2.0- 4.0 sec   374 MBytes  1.57 Gbits/sec
[  6]  2.0- 4.0 sec   144 MBytes   603 Mbits/sec
[  8]  2.0- 4.0 sec   144 MBytes   603 Mbits/sec
[ 10]  2.0- 4.0 sec   115 MBytes   482 Mbits/sec
[  9]  2.0- 4.0 sec   115 MBytes   482 Mbits/sec
[ 11]  2.0- 4.0 sec   115 MBytes   482 Mbits/sec
[  5]  2.0- 4.0 sec   375 MBytes  1.57 Gbits/sec
[  3]  2.0- 4.0 sec   115 MBytes   483 Mbits/sec
[  7]  2.0- 4.0 sec   375 MBytes  1.57 Gbits/sec
[SUM]  2.0- 4.0 sec  2.19 GBytes  9.42 Gbits/sec
[ 12]  4.0- 6.0 sec   373 MBytes  1.57 Gbits/sec
[  4]  4.0- 6.0 sec   380 MBytes  1.59 Gbits/sec
[  5]  4.0- 6.0 sec   360 MBytes  1.51 Gbits/sec
[  7]  4.0- 6.0 sec   372 MBytes  1.56 Gbits/sec
[ 11]  4.0- 6.0 sec   128 MBytes   537 Mbits/sec
[  6]  4.0- 6.0 sec   129 MBytes   539 Mbits/sec
[  3]  4.0- 6.0 sec   116 MBytes   487 Mbits/sec
[  8]  4.0- 6.0 sec   151 MBytes   632 Mbits/sec
[ 10]  4.0- 6.0 sec   136 MBytes   569 Mbits/sec
[  9]  4.0- 6.0 sec   102 MBytes   428 Mbits/sec
[SUM]  4.0- 6.0 sec  2.19 GBytes  9.43 Gbits/sec
[ 12]  6.0- 8.0 sec   374 MBytes  1.57 Gbits/sec
[  4]  6.0- 8.0 sec   374 MBytes  1.57 Gbits/sec
[  5]  6.0- 8.0 sec   374 MBytes  1.57 Gbits/sec
[  6]  6.0- 8.0 sec   117 MBytes   491 Mbits/sec
[  3]  6.0- 8.0 sec   117 MBytes   491 Mbits/sec
[  7]  6.0- 8.0 sec   374 MBytes  1.57 Gbits/sec
[  8]  6.0- 8.0 sec   148 MBytes   620 Mbits/sec
[ 10]  6.0- 8.0 sec   140 MBytes   589 Mbits/sec
[  9]  6.0- 8.0 sec  90.4 MBytes   379 Mbits/sec
[ 11]  6.0- 8.0 sec   136 MBytes   570 Mbits/sec
[SUM]  6.0- 8.0 sec  2.19 GBytes  9.42 Gbits/sec
[  5]  8.0-10.0 sec   374 MBytes  1.57 Gbits/sec
[ 10]  8.0-10.0 sec   140 MBytes   587 Mbits/sec
[  9]  8.0-10.0 sec  90.5 MBytes   380 Mbits/sec
[ 12]  8.0-10.0 sec   374 MBytes  1.57 Gbits/sec
[  4]  8.0-10.0 sec   375 MBytes  1.57 Gbits/sec
[  6]  8.0-10.0 sec   117 MBytes   490 Mbits/sec
[  3]  8.0-10.0 sec   117 MBytes   491 Mbits/sec
[  7]  8.0-10.0 sec   375 MBytes  1.57 Gbits/sec
[  8]  8.0-10.0 sec   148 MBytes   622 Mbits/sec
[ 11]  8.0-10.0 sec   135 MBytes   568 Mbits/sec
[SUM]  8.0-10.0 sec  2.19 GBytes  9.42 Gbits/sec
[ 12] 10.0-12.0 sec   374 MBytes  1.57 Gbits/sec
[  4] 10.0-12.0 sec   374 MBytes  1.57 Gbits/sec
[  5] 10.0-12.0 sec   374 MBytes  1.57 Gbits/sec
[  6] 10.0-12.0 sec   117 MBytes   490 Mbits/sec
[  3] 10.0-12.0 sec   116 MBytes   489 Mbits/sec
[  7] 10.0-12.0 sec   374 MBytes  1.57 Gbits/sec
[  8] 10.0-12.0 sec   148 MBytes   622 Mbits/sec
[ 10] 10.0-12.0 sec   140 MBytes   589 Mbits/sec
[  9] 10.0-12.0 sec  90.1 MBytes   378 Mbits/sec
[ 11] 10.0-12.0 sec   136 MBytes   568 Mbits/sec
[SUM] 10.0-12.0 sec  2.19 GBytes  9.41 Gbits/sec
[ 12] 12.0-14.0 sec   372 MBytes  1.56 Gbits/sec
[  4] 12.0-14.0 sec   374 MBytes  1.57 Gbits/sec
[  5] 12.0-14.0 sec   375 MBytes  1.57 Gbits/sec
[  6] 12.0-14.0 sec   117 MBytes   492 Mbits/sec
[  3] 12.0-14.0 sec   117 MBytes   491 Mbits/sec
[  7] 12.0-14.0 sec   374 MBytes  1.57 Gbits/sec
[  8] 12.0-14.0 sec   148 MBytes   622 Mbits/sec
[ 10] 12.0-14.0 sec   140 MBytes   589 Mbits/sec
[  9] 12.0-14.0 sec  90.8 MBytes   381 Mbits/sec
[ 11] 12.0-14.0 sec   136 MBytes   570 Mbits/sec
[SUM] 12.0-14.0 sec  2.19 GBytes  9.42 Gbits/sec
[ 12] 14.0-16.0 sec   370 MBytes  1.55 Gbits/sec
[  4] 14.0-16.0 sec   372 MBytes  1.56 Gbits/sec
[  5] 14.0-16.0 sec   378 MBytes  1.59 Gbits/sec
[  6] 14.0-16.0 sec   127 MBytes   534 Mbits/sec
[  3] 14.0-16.0 sec   122 MBytes   510 Mbits/sec
[  7] 14.0-16.0 sec   377 MBytes  1.58 Gbits/sec
[  8] 14.0-16.0 sec   145 MBytes   610 Mbits/sec
[ 10] 14.0-16.0 sec   128 MBytes   538 Mbits/sec
[  9] 14.0-16.0 sec  96.0 MBytes   403 Mbits/sec
[ 11] 14.0-16.0 sec   135 MBytes   565 Mbits/sec
[SUM] 14.0-16.0 sec  2.20 GBytes  9.44 Gbits/sec
[ 12] 16.0-18.0 sec   374 MBytes  1.57 Gbits/sec
[  4] 16.0-18.0 sec   374 MBytes  1.57 Gbits/sec
[  5] 16.0-18.0 sec   373 MBytes  1.56 Gbits/sec
[  8] 16.0-18.0 sec   132 MBytes   553 Mbits/sec
[  9] 16.0-18.0 sec   110 MBytes   460 Mbits/sec
[  6] 16.0-18.0 sec   165 MBytes   693 Mbits/sec
[  3] 16.0-18.0 sec   114 MBytes   480 Mbits/sec
[  7] 16.0-18.0 sec   375 MBytes  1.57 Gbits/sec
[ 10] 16.0-18.0 sec  95.4 MBytes   400 Mbits/sec
[ 11] 16.0-18.0 sec   132 MBytes   555 Mbits/sec
[SUM] 16.0-18.0 sec  2.19 GBytes  9.41 Gbits/sec
[  4]  0.0-19.0 sec  3.47 GBytes  1.57 Gbits/sec
[  5]  0.0-19.0 sec  3.46 GBytes  1.57 Gbits/sec
[  6]  0.0-19.0 sec  1.23 GBytes   556 Mbits/sec
[  7]  0.0-19.0 sec  3.47 GBytes  1.57 Gbits/sec
[  8]  0.0-19.0 sec  1.34 GBytes   607 Mbits/sec
[ 10]  0.0-19.0 sec  1.17 GBytes   529 Mbits/sec
[  9]  0.0-19.0 sec   954 MBytes   422 Mbits/sec
[ 11]  0.0-19.0 sec  1.20 GBytes   545 Mbits/sec
[  3]  0.0-19.0 sec  1.08 GBytes   489 Mbits/sec
[ 12] 18.0-20.0 sec  1.29 GBytes  5.53 Gbits/sec
[ 12]  0.0-20.0 sec  4.57 GBytes  1.96 Gbits/sec
[SUM]  0.0-20.0 sec  21.9 GBytes  9.41 Gbits/sec
