------------------------------------------------------------
Client connecting to fe80::c2a8:2ff:fef0:0%enahisic2i2, TCP port 5001
TCP window size: 85.0 KByte (default)
------------------------------------------------------------
[  7] local fe80::f886:57ff:febe:7417 port 36894 connected with fe80::c2a8:2ff:fef0:0 port 5001
[  3] local fe80::f886:57ff:febe:7417 port 36886 connected with fe80::c2a8:2ff:fef0:0 port 5001
[  4] local fe80::f886:57ff:febe:7417 port 36888 connected with fe80::c2a8:2ff:fef0:0 port 5001
[  5] local fe80::f886:57ff:febe:7417 port 36890 connected with fe80::c2a8:2ff:fef0:0 port 5001
[  6] local fe80::f886:57ff:febe:7417 port 36892 connected with fe80::c2a8:2ff:fef0:0 port 5001
[ ID] Interval       Transfer     Bandwidth
[  7]  0.0- 2.0 sec   435 MBytes  1.82 Gbits/sec
[  3]  0.0- 2.0 sec   435 MBytes  1.82 Gbits/sec
[  4]  0.0- 2.0 sec   432 MBytes  1.81 Gbits/sec
[  5]  0.0- 2.0 sec   434 MBytes  1.82 Gbits/sec
[  6]  0.0- 2.0 sec   433 MBytes  1.82 Gbits/sec
[SUM]  0.0- 2.0 sec  2.12 GBytes  9.10 Gbits/sec
[  7]  2.0- 4.0 sec   442 MBytes  1.86 Gbits/sec
[  3]  2.0- 4.0 sec   443 MBytes  1.86 Gbits/sec
[  4]  2.0- 4.0 sec   444 MBytes  1.86 Gbits/sec
[  5]  2.0- 4.0 sec   443 MBytes  1.86 Gbits/sec
[  6]  2.0- 4.0 sec   442 MBytes  1.85 Gbits/sec
[SUM]  2.0- 4.0 sec  2.16 GBytes  9.29 Gbits/sec
[  7]  4.0- 6.0 sec   443 MBytes  1.86 Gbits/sec
[  3]  4.0- 6.0 sec   443 MBytes  1.86 Gbits/sec
[  4]  4.0- 6.0 sec   442 MBytes  1.86 Gbits/sec
[  5]  4.0- 6.0 sec   443 MBytes  1.86 Gbits/sec
[  6]  4.0- 6.0 sec   443 MBytes  1.86 Gbits/sec
[SUM]  4.0- 6.0 sec  2.16 GBytes  9.29 Gbits/sec
[  3]  6.0- 8.0 sec   442 MBytes  1.86 Gbits/sec
[  4]  6.0- 8.0 sec   443 MBytes  1.86 Gbits/sec
[  6]  6.0- 8.0 sec   442 MBytes  1.86 Gbits/sec
[  7]  6.0- 8.0 sec   443 MBytes  1.86 Gbits/sec
[  5]  6.0- 8.0 sec   444 MBytes  1.86 Gbits/sec
[SUM]  6.0- 8.0 sec  2.16 GBytes  9.29 Gbits/sec
[  7]  8.0-10.0 sec   443 MBytes  1.86 Gbits/sec
[  3]  8.0-10.0 sec   443 MBytes  1.86 Gbits/sec
[  4]  8.0-10.0 sec   443 MBytes  1.86 Gbits/sec
[  5]  8.0-10.0 sec   442 MBytes  1.85 Gbits/sec
[  6]  8.0-10.0 sec   442 MBytes  1.86 Gbits/sec
[SUM]  8.0-10.0 sec  2.16 GBytes  9.28 Gbits/sec
[  7] 10.0-12.0 sec   443 MBytes  1.86 Gbits/sec
[  3] 10.0-12.0 sec   443 MBytes  1.86 Gbits/sec
[  4] 10.0-12.0 sec   442 MBytes  1.85 Gbits/sec
[  5] 10.0-12.0 sec   443 MBytes  1.86 Gbits/sec
[  6] 10.0-12.0 sec   443 MBytes  1.86 Gbits/sec
[SUM] 10.0-12.0 sec  2.16 GBytes  9.28 Gbits/sec
[  7] 12.0-14.0 sec   442 MBytes  1.86 Gbits/sec
[  4] 12.0-14.0 sec   444 MBytes  1.86 Gbits/sec
[  5] 12.0-14.0 sec   443 MBytes  1.86 Gbits/sec
[  3] 12.0-14.0 sec   444 MBytes  1.86 Gbits/sec
[  6] 12.0-14.0 sec   443 MBytes  1.86 Gbits/sec
[SUM] 12.0-14.0 sec  2.16 GBytes  9.29 Gbits/sec
[  7] 14.0-16.0 sec   443 MBytes  1.86 Gbits/sec
[  3] 14.0-16.0 sec   442 MBytes  1.85 Gbits/sec
[  4] 14.0-16.0 sec   443 MBytes  1.86 Gbits/sec
[  5] 14.0-16.0 sec   443 MBytes  1.86 Gbits/sec
[  6] 14.0-16.0 sec   442 MBytes  1.86 Gbits/sec
[SUM] 14.0-16.0 sec  2.16 GBytes  9.29 Gbits/sec
[  7] 16.0-18.0 sec   443 MBytes  1.86 Gbits/sec
[  3] 16.0-18.0 sec   444 MBytes  1.86 Gbits/sec
[  4] 16.0-18.0 sec   442 MBytes  1.85 Gbits/sec
[  5] 16.0-18.0 sec   442 MBytes  1.86 Gbits/sec
[  6] 16.0-18.0 sec   443 MBytes  1.86 Gbits/sec
[SUM] 16.0-18.0 sec  2.16 GBytes  9.29 Gbits/sec
[  3]  0.0-20.0 sec  4.32 GBytes  1.85 Gbits/sec
[  4]  0.0-20.0 sec  4.31 GBytes  1.85 Gbits/sec
[  5]  0.0-20.0 sec  4.32 GBytes  1.85 Gbits/sec
[  7] 18.0-20.0 sec   442 MBytes  1.85 Gbits/sec
[  7]  0.0-20.0 sec  4.32 GBytes  1.85 Gbits/sec
[  6] 18.0-20.0 sec   443 MBytes  1.86 Gbits/sec
[  6]  0.0-20.0 sec  4.31 GBytes  1.85 Gbits/sec
[SUM]  0.0-20.0 sec  21.6 GBytes  9.27 Gbits/sec
