------------------------------------------------------------
Client connecting to fe80::c2a8:2ff:fef0:5%enahisic2i1, TCP port 5001
TCP window size: 85.0 KByte (default)
------------------------------------------------------------
[  7] local fe80::5ca7:b9ff:fe2e:61b9 port 55510 connected with fe80::c2a8:2ff:fef0:5 port 5001
[  4] local fe80::5ca7:b9ff:fe2e:61b9 port 55502 connected with fe80::c2a8:2ff:fef0:5 port 5001
[  3] local fe80::5ca7:b9ff:fe2e:61b9 port 55504 connected with fe80::c2a8:2ff:fef0:5 port 5001
[  6] local fe80::5ca7:b9ff:fe2e:61b9 port 55506 connected with fe80::c2a8:2ff:fef0:5 port 5001
[  5] local fe80::5ca7:b9ff:fe2e:61b9 port 55508 connected with fe80::c2a8:2ff:fef0:5 port 5001
[ ID] Interval       Transfer     Bandwidth
[  3]  0.0- 2.0 sec  15.8 MBytes  66.1 Mbits/sec
[  5]  0.0- 2.0 sec  60.0 MBytes   252 Mbits/sec
[  4]  0.0- 2.0 sec  66.9 MBytes   280 Mbits/sec
[  6]  0.0- 2.0 sec  69.5 MBytes   292 Mbits/sec
[  7]  0.0- 2.0 sec  12.0 MBytes  50.3 Mbits/sec
[SUM]  0.0- 2.0 sec   224 MBytes   940 Mbits/sec
[  4]  2.0- 4.0 sec  67.6 MBytes   284 Mbits/sec
[  3]  2.0- 4.0 sec  12.1 MBytes  50.9 Mbits/sec
[  6]  2.0- 4.0 sec  68.9 MBytes   289 Mbits/sec
[  5]  2.0- 4.0 sec  64.6 MBytes   271 Mbits/sec
[  7]  2.0- 4.0 sec  3.62 MBytes  15.2 Mbits/sec
[SUM]  2.0- 4.0 sec   217 MBytes   910 Mbits/sec
[  6]  4.0- 6.0 sec  68.9 MBytes   289 Mbits/sec
[  7]  4.0- 6.0 sec  4.12 MBytes  17.3 Mbits/sec
[  4]  4.0- 6.0 sec  67.5 MBytes   283 Mbits/sec
[  3]  4.0- 6.0 sec  11.4 MBytes  47.7 Mbits/sec
[  5]  4.0- 6.0 sec  63.1 MBytes   265 Mbits/sec
[SUM]  4.0- 6.0 sec   215 MBytes   902 Mbits/sec
[  6]  6.0- 8.0 sec  71.4 MBytes   299 Mbits/sec
[  5]  6.0- 8.0 sec  60.5 MBytes   254 Mbits/sec
[  4]  6.0- 8.0 sec  66.9 MBytes   280 Mbits/sec
[  7]  6.0- 8.0 sec  5.00 MBytes  21.0 Mbits/sec
[  3]  6.0- 8.0 sec  13.8 MBytes  57.7 Mbits/sec
[SUM]  6.0- 8.0 sec   218 MBytes   912 Mbits/sec
[  4]  8.0-10.0 sec  64.6 MBytes   271 Mbits/sec
[  6]  8.0-10.0 sec  71.5 MBytes   300 Mbits/sec
[  5]  8.0-10.0 sec  60.6 MBytes   254 Mbits/sec
[  3]  8.0-10.0 sec  12.5 MBytes  52.4 Mbits/sec
[  7]  8.0-10.0 sec  6.38 MBytes  26.7 Mbits/sec
[SUM]  8.0-10.0 sec   216 MBytes   904 Mbits/sec
[  7] 10.0-12.0 sec  8.88 MBytes  37.2 Mbits/sec
[  4] 10.0-12.0 sec  65.1 MBytes   273 Mbits/sec
[  3] 10.0-12.0 sec  17.0 MBytes  71.3 Mbits/sec
[  5] 10.0-12.0 sec  57.8 MBytes   242 Mbits/sec
[  6] 10.0-12.0 sec  67.6 MBytes   284 Mbits/sec
[SUM] 10.0-12.0 sec   216 MBytes   908 Mbits/sec
[  4] 12.0-14.0 sec  65.8 MBytes   276 Mbits/sec
[  6] 12.0-14.0 sec  61.1 MBytes   256 Mbits/sec
[  5] 12.0-14.0 sec  57.1 MBytes   240 Mbits/sec
[  7] 12.0-14.0 sec  11.1 MBytes  46.7 Mbits/sec
[  3] 12.0-14.0 sec  20.8 MBytes  87.0 Mbits/sec
[SUM] 12.0-14.0 sec   216 MBytes   905 Mbits/sec
[  4] 14.0-16.0 sec  65.9 MBytes   276 Mbits/sec
[  6] 14.0-16.0 sec  62.4 MBytes   262 Mbits/sec
[  7] 14.0-16.0 sec  10.2 MBytes  43.0 Mbits/sec
[  5] 14.0-16.0 sec  57.9 MBytes   243 Mbits/sec
[  3] 14.0-16.0 sec  20.8 MBytes  87.0 Mbits/sec
[SUM] 14.0-16.0 sec   217 MBytes   911 Mbits/sec
[  7] 16.0-18.0 sec  10.0 MBytes  41.9 Mbits/sec
[  4] 16.0-18.0 sec  65.8 MBytes   276 Mbits/sec
[  6] 16.0-18.0 sec  62.5 MBytes   262 Mbits/sec
[  5] 16.0-18.0 sec  57.9 MBytes   243 Mbits/sec
[  3] 16.0-18.0 sec  20.6 MBytes  86.5 Mbits/sec
[SUM] 16.0-18.0 sec   217 MBytes   909 Mbits/sec
[  4]  0.0-20.0 sec   662 MBytes   278 Mbits/sec
[  3] 18.0-20.0 sec  19.5 MBytes  81.8 Mbits/sec
[  3]  0.0-20.0 sec   164 MBytes  68.9 Mbits/sec
[  6] 18.0-20.0 sec  62.4 MBytes   262 Mbits/sec
[  6]  0.0-20.0 sec   666 MBytes   279 Mbits/sec
[  7] 18.0-20.0 sec  10.2 MBytes  43.0 Mbits/sec
[  7]  0.0-20.0 sec  81.8 MBytes  34.3 Mbits/sec
[  5] 18.0-20.0 sec  57.1 MBytes   240 Mbits/sec
[  5]  0.0-20.0 sec   597 MBytes   250 Mbits/sec
[SUM]  0.0-20.0 sec  2.12 GBytes   910 Mbits/sec
