------------------------------------------------------------
Client connecting to fe80::c2a8:2ff:fef0:5%enahisic2i1, TCP port 5001
TCP window size: 85.0 KByte (default)
------------------------------------------------------------
[  7] local fe80::5ca7:b9ff:fe2e:61b9 port 36604 connected with fe80::c2a8:2ff:fef0:5 port 5001
[  3] local fe80::5ca7:b9ff:fe2e:61b9 port 36596 connected with fe80::c2a8:2ff:fef0:5 port 5001
[  5] local fe80::5ca7:b9ff:fe2e:61b9 port 36598 connected with fe80::c2a8:2ff:fef0:5 port 5001
[  4] local fe80::5ca7:b9ff:fe2e:61b9 port 36600 connected with fe80::c2a8:2ff:fef0:5 port 5001
[  6] local fe80::5ca7:b9ff:fe2e:61b9 port 36602 connected with fe80::c2a8:2ff:fef0:5 port 5001
[ ID] Interval       Transfer     Bandwidth
[  6]  0.0- 2.0 sec  31.5 MBytes   132 Mbits/sec
[  7]  0.0- 2.0 sec  54.6 MBytes   229 Mbits/sec
[  3]  0.0- 2.0 sec  40.2 MBytes   169 Mbits/sec
[  5]  0.0- 2.0 sec  50.5 MBytes   212 Mbits/sec
[  4]  0.0- 2.0 sec  50.9 MBytes   213 Mbits/sec
[SUM]  0.0- 2.0 sec   228 MBytes   955 Mbits/sec
[  7]  2.0- 4.0 sec  51.8 MBytes   217 Mbits/sec
[  3]  2.0- 4.0 sec  50.8 MBytes   213 Mbits/sec
[  6]  2.0- 4.0 sec  50.9 MBytes   213 Mbits/sec
[  4]  2.0- 4.0 sec  29.8 MBytes   125 Mbits/sec
[  5]  2.0- 4.0 sec  32.2 MBytes   135 Mbits/sec
[SUM]  2.0- 4.0 sec   215 MBytes   903 Mbits/sec
[  4]  4.0- 6.0 sec  35.2 MBytes   148 Mbits/sec
[  3]  4.0- 6.0 sec  48.6 MBytes   204 Mbits/sec
[  6]  4.0- 6.0 sec  48.6 MBytes   204 Mbits/sec
[  5]  4.0- 6.0 sec  36.4 MBytes   153 Mbits/sec
[  7]  4.0- 6.0 sec  45.4 MBytes   190 Mbits/sec
[SUM]  4.0- 6.0 sec   214 MBytes   899 Mbits/sec
[  7]  6.0- 8.0 sec  43.5 MBytes   182 Mbits/sec
[  3]  6.0- 8.0 sec  49.2 MBytes   207 Mbits/sec
[  5]  6.0- 8.0 sec  37.6 MBytes   158 Mbits/sec
[  6]  6.0- 8.0 sec  48.1 MBytes   202 Mbits/sec
[  4]  6.0- 8.0 sec  39.1 MBytes   164 Mbits/sec
[SUM]  6.0- 8.0 sec   218 MBytes   913 Mbits/sec
[  5]  8.0-10.0 sec  37.6 MBytes   158 Mbits/sec
[  6]  8.0-10.0 sec  47.4 MBytes   199 Mbits/sec
[  7]  8.0-10.0 sec  43.8 MBytes   184 Mbits/sec
[  3]  8.0-10.0 sec  49.6 MBytes   208 Mbits/sec
[  4]  8.0-10.0 sec  38.1 MBytes   160 Mbits/sec
[SUM]  8.0-10.0 sec   216 MBytes   908 Mbits/sec
[  3] 10.0-12.0 sec  47.9 MBytes   201 Mbits/sec
[  4] 10.0-12.0 sec  37.9 MBytes   159 Mbits/sec
[  7] 10.0-12.0 sec  43.5 MBytes   182 Mbits/sec
[  5] 10.0-12.0 sec  39.2 MBytes   165 Mbits/sec
[  6] 10.0-12.0 sec  50.4 MBytes   211 Mbits/sec
[SUM] 10.0-12.0 sec   219 MBytes   918 Mbits/sec
[  4] 12.0-14.0 sec  37.9 MBytes   159 Mbits/sec
[  7] 12.0-14.0 sec  45.0 MBytes   189 Mbits/sec
[  3] 12.0-14.0 sec  47.0 MBytes   197 Mbits/sec
[  6] 12.0-14.0 sec  47.6 MBytes   200 Mbits/sec
[  5] 12.0-14.0 sec  39.0 MBytes   164 Mbits/sec
[SUM] 12.0-14.0 sec   216 MBytes   908 Mbits/sec
[  4] 14.0-16.0 sec  38.0 MBytes   159 Mbits/sec
[  7] 14.0-16.0 sec  47.8 MBytes   200 Mbits/sec
[  3] 14.0-16.0 sec  46.0 MBytes   193 Mbits/sec
[  5] 14.0-16.0 sec  38.0 MBytes   159 Mbits/sec
[  6] 14.0-16.0 sec  47.6 MBytes   200 Mbits/sec
[SUM] 14.0-16.0 sec   217 MBytes   912 Mbits/sec
[  4] 16.0-18.0 sec  36.8 MBytes   154 Mbits/sec
[  5] 16.0-18.0 sec  37.6 MBytes   158 Mbits/sec
[  7] 16.0-18.0 sec  48.1 MBytes   202 Mbits/sec
[  3] 16.0-18.0 sec  45.9 MBytes   192 Mbits/sec
[  6] 16.0-18.0 sec  47.4 MBytes   199 Mbits/sec
[SUM] 16.0-18.0 sec   216 MBytes   905 Mbits/sec
[  3] 18.0-20.0 sec  44.8 MBytes   188 Mbits/sec
[  3]  0.0-20.0 sec   470 MBytes   197 Mbits/sec
[  6] 18.0-20.0 sec  47.4 MBytes   199 Mbits/sec
[  6]  0.0-20.0 sec   467 MBytes   196 Mbits/sec
[  7] 18.0-20.0 sec  46.8 MBytes   196 Mbits/sec
[  7]  0.0-20.0 sec   470 MBytes   197 Mbits/sec
[  4] 18.0-20.0 sec  39.0 MBytes   164 Mbits/sec
[  4]  0.0-20.0 sec   383 MBytes   160 Mbits/sec
[  5] 18.0-20.0 sec  39.2 MBytes   165 Mbits/sec
[SUM] 18.0-20.0 sec   217 MBytes   911 Mbits/sec
[  5]  0.0-20.1 sec   388 MBytes   162 Mbits/sec
[SUM]  0.0-20.1 sec  2.13 GBytes   911 Mbits/sec
