------------------------------------------------------------
Client connecting to fe80::c2a8:2ff:fef0:0%enahisic2i2, TCP port 5001
TCP window size: 85.0 KByte (default)
------------------------------------------------------------
[  7] local fe80::f886:57ff:febe:7417 port 36402 connected with fe80::c2a8:2ff:fef0:0 port 5001
[  3] local fe80::f886:57ff:febe:7417 port 36394 connected with fe80::c2a8:2ff:fef0:0 port 5001
[  4] local fe80::f886:57ff:febe:7417 port 36396 connected with fe80::c2a8:2ff:fef0:0 port 5001
[  5] local fe80::f886:57ff:febe:7417 port 36398 connected with fe80::c2a8:2ff:fef0:0 port 5001
[  6] local fe80::f886:57ff:febe:7417 port 36400 connected with fe80::c2a8:2ff:fef0:0 port 5001
[ ID] Interval       Transfer     Bandwidth
[  7]  0.0- 2.0 sec   551 MBytes  2.31 Gbits/sec
[  3]  0.0- 2.0 sec   551 MBytes  2.31 Gbits/sec
[  4]  0.0- 2.0 sec   321 MBytes  1.34 Gbits/sec
[  5]  0.0- 2.0 sec   239 MBytes  1.00 Gbits/sec
[  6]  0.0- 2.0 sec   558 MBytes  2.34 Gbits/sec
[SUM]  0.0- 2.0 sec  2.17 GBytes  9.31 Gbits/sec
[  7]  2.0- 4.0 sec   553 MBytes  2.32 Gbits/sec
[  3]  2.0- 4.0 sec   553 MBytes  2.32 Gbits/sec
[  4]  2.0- 4.0 sec   282 MBytes  1.18 Gbits/sec
[  5]  2.0- 4.0 sec   272 MBytes  1.14 Gbits/sec
[  6]  2.0- 4.0 sec   554 MBytes  2.32 Gbits/sec
[SUM]  2.0- 4.0 sec  2.16 GBytes  9.29 Gbits/sec
[  7]  4.0- 6.0 sec   554 MBytes  2.32 Gbits/sec
[  3]  4.0- 6.0 sec   553 MBytes  2.32 Gbits/sec
[  4]  4.0- 6.0 sec   277 MBytes  1.16 Gbits/sec
[  5]  4.0- 6.0 sec   277 MBytes  1.16 Gbits/sec
[  6]  4.0- 6.0 sec   554 MBytes  2.32 Gbits/sec
[SUM]  4.0- 6.0 sec  2.16 GBytes  9.29 Gbits/sec
[  7]  6.0- 8.0 sec   554 MBytes  2.32 Gbits/sec
[  3]  6.0- 8.0 sec   553 MBytes  2.32 Gbits/sec
[  4]  6.0- 8.0 sec   276 MBytes  1.16 Gbits/sec
[  5]  6.0- 8.0 sec   276 MBytes  1.16 Gbits/sec
[  6]  6.0- 8.0 sec   554 MBytes  2.32 Gbits/sec
[SUM]  6.0- 8.0 sec  2.16 GBytes  9.28 Gbits/sec
[  3]  8.0-10.0 sec   622 MBytes  2.61 Gbits/sec
[  4]  8.0-10.0 sec   317 MBytes  1.33 Gbits/sec
[  5]  8.0-10.0 sec   306 MBytes  1.28 Gbits/sec
[  6]  8.0-10.0 sec   616 MBytes  2.58 Gbits/sec
[  5] 10.0-12.0 sec   369 MBytes  1.55 Gbits/sec
[  6] 10.0-12.0 sec   738 MBytes  3.09 Gbits/sec
[  3] 10.0-12.0 sec   738 MBytes  3.10 Gbits/sec
[  4] 10.0-12.0 sec   370 MBytes  1.55 Gbits/sec
[  3] 12.0-14.0 sec   738 MBytes  3.09 Gbits/sec
[  4] 12.0-14.0 sec   368 MBytes  1.55 Gbits/sec
[  5] 12.0-14.0 sec   369 MBytes  1.55 Gbits/sec
[  6] 12.0-14.0 sec   739 MBytes  3.10 Gbits/sec
[  3] 14.0-16.0 sec   738 MBytes  3.10 Gbits/sec
[  4] 14.0-16.0 sec   370 MBytes  1.55 Gbits/sec
[  5] 14.0-16.0 sec   369 MBytes  1.55 Gbits/sec
[  6] 14.0-16.0 sec   737 MBytes  3.09 Gbits/sec
[  3] 16.0-18.0 sec   737 MBytes  3.09 Gbits/sec
[  4] 16.0-18.0 sec   368 MBytes  1.55 Gbits/sec
[  5] 16.0-18.0 sec   369 MBytes  1.55 Gbits/sec
[  6] 16.0-18.0 sec   739 MBytes  3.10 Gbits/sec
[  3]  0.0-20.0 sec  6.36 GBytes  2.73 Gbits/sec
[  4]  0.0-20.0 sec  3.24 GBytes  1.39 Gbits/sec
[  5]  0.0-20.0 sec  3.14 GBytes  1.35 Gbits/sec
[  6]  0.0-20.0 sec  6.38 GBytes  2.74 Gbits/sec
