------------------------------------------------------------
Client connecting to fe80::c2a8:2ff:fef0:0%enahisic2i2, TCP port 5001
TCP window size: 85.0 KByte (default)
------------------------------------------------------------
[ 12] local fe80::f886:57ff:febe:7417 port 55238 connected with fe80::c2a8:2ff:fef0:0 port 5001
[  3] local fe80::f886:57ff:febe:7417 port 55220 connected with fe80::c2a8:2ff:fef0:0 port 5001
[  4] local fe80::f886:57ff:febe:7417 port 55222 connected with fe80::c2a8:2ff:fef0:0 port 5001
[  5] local fe80::f886:57ff:febe:7417 port 55224 connected with fe80::c2a8:2ff:fef0:0 port 5001
[  6] local fe80::f886:57ff:febe:7417 port 55226 connected with fe80::c2a8:2ff:fef0:0 port 5001
[  7] local fe80::f886:57ff:febe:7417 port 55228 connected with fe80::c2a8:2ff:fef0:0 port 5001
[  8] local fe80::f886:57ff:febe:7417 port 55230 connected with fe80::c2a8:2ff:fef0:0 port 5001
[  9] local fe80::f886:57ff:febe:7417 port 55232 connected with fe80::c2a8:2ff:fef0:0 port 5001
[ 10] local fe80::f886:57ff:febe:7417 port 55234 connected with fe80::c2a8:2ff:fef0:0 port 5001
[ 11] local fe80::f886:57ff:febe:7417 port 55236 connected with fe80::c2a8:2ff:fef0:0 port 5001
[ ID] Interval       Transfer     Bandwidth
[ 12]  0.0- 1.0 sec   145 MBytes  1.22 Gbits/sec
[  3]  0.0- 1.0 sec   143 MBytes  1.20 Gbits/sec
[  5]  0.0- 1.0 sec   172 MBytes  1.44 Gbits/sec
[  6]  0.0- 1.0 sec   172 MBytes  1.44 Gbits/sec
[  7]  0.0- 1.0 sec  21.0 MBytes   176 Mbits/sec
[  8]  0.0- 1.0 sec   145 MBytes  1.22 Gbits/sec
[ 10]  0.0- 1.0 sec   145 MBytes  1.22 Gbits/sec
[ 11]  0.0- 1.0 sec   145 MBytes  1.22 Gbits/sec
[  9]  0.0- 1.0 sec  21.1 MBytes   177 Mbits/sec
[ 12]  1.0- 2.0 sec   158 MBytes  1.32 Gbits/sec
[  8]  1.0- 2.0 sec   158 MBytes  1.33 Gbits/sec
[ 10]  1.0- 2.0 sec   158 MBytes  1.33 Gbits/sec
[ 11]  1.0- 2.0 sec   158 MBytes  1.32 Gbits/sec
[  3]  1.0- 2.0 sec   113 MBytes   947 Mbits/sec
[  5]  1.0- 2.0 sec   158 MBytes  1.33 Gbits/sec
[  6]  1.0- 2.0 sec   158 MBytes  1.33 Gbits/sec
[  7]  1.0- 2.0 sec  22.6 MBytes   190 Mbits/sec
[  9]  1.0- 2.0 sec  22.5 MBytes   189 Mbits/sec
[ 12]  2.0- 3.0 sec   158 MBytes  1.33 Gbits/sec
[  3]  2.0- 3.0 sec   113 MBytes   948 Mbits/sec
[  5]  2.0- 3.0 sec   158 MBytes  1.33 Gbits/sec
[  6]  2.0- 3.0 sec   158 MBytes  1.33 Gbits/sec
[  7]  2.0- 3.0 sec  22.5 MBytes   189 Mbits/sec
[  8]  2.0- 3.0 sec   158 MBytes  1.32 Gbits/sec
[  9]  2.0- 3.0 sec  22.6 MBytes   190 Mbits/sec
[ 10]  2.0- 3.0 sec   158 MBytes  1.33 Gbits/sec
[ 11]  2.0- 3.0 sec   158 MBytes  1.33 Gbits/sec
[ 12]  3.0- 4.0 sec   158 MBytes  1.32 Gbits/sec
[  3]  3.0- 4.0 sec   113 MBytes   947 Mbits/sec
[  5]  3.0- 4.0 sec   158 MBytes  1.33 Gbits/sec
[  6]  3.0- 4.0 sec   158 MBytes  1.33 Gbits/sec
[  7]  3.0- 4.0 sec  22.6 MBytes   190 Mbits/sec
[  8]  3.0- 4.0 sec   158 MBytes  1.33 Gbits/sec
[ 10]  3.0- 4.0 sec   158 MBytes  1.33 Gbits/sec
[ 11]  3.0- 4.0 sec   158 MBytes  1.32 Gbits/sec
[  9]  3.0- 4.0 sec  22.6 MBytes   190 Mbits/sec
[ 12]  4.0- 5.0 sec   169 MBytes  1.41 Gbits/sec
[  5]  4.0- 5.0 sec   175 MBytes  1.47 Gbits/sec
[  6]  4.0- 5.0 sec   174 MBytes  1.46 Gbits/sec
[ 10]  4.0- 5.0 sec   168 MBytes  1.41 Gbits/sec
[ 11]  4.0- 5.0 sec   165 MBytes  1.38 Gbits/sec
[  3]  4.0- 5.0 sec   118 MBytes   990 Mbits/sec
[  7]  4.0- 5.0 sec  29.9 MBytes   251 Mbits/sec
[  9]  4.0- 5.0 sec  28.1 MBytes   236 Mbits/sec
[ 12]  5.0- 6.0 sec   185 MBytes  1.55 Gbits/sec
[  3]  5.0- 6.0 sec   115 MBytes   967 Mbits/sec
[  5]  5.0- 6.0 sec   184 MBytes  1.55 Gbits/sec
[  6]  5.0- 6.0 sec   185 MBytes  1.55 Gbits/sec
[  7]  5.0- 6.0 sec  34.5 MBytes   289 Mbits/sec
[  9]  5.0- 6.0 sec  34.4 MBytes   288 Mbits/sec
[ 10]  5.0- 6.0 sec   184 MBytes  1.55 Gbits/sec
[ 11]  5.0- 6.0 sec   184 MBytes  1.55 Gbits/sec
[ 12]  6.0- 7.0 sec   184 MBytes  1.55 Gbits/sec
[  3]  6.0- 7.0 sec   115 MBytes   967 Mbits/sec
[  5]  6.0- 7.0 sec   184 MBytes  1.55 Gbits/sec
[  6]  6.0- 7.0 sec   184 MBytes  1.54 Gbits/sec
[  7]  6.0- 7.0 sec  34.8 MBytes   292 Mbits/sec
[  9]  6.0- 7.0 sec  34.8 MBytes   292 Mbits/sec
[ 10]  6.0- 7.0 sec   184 MBytes  1.55 Gbits/sec
[ 11]  6.0- 7.0 sec   184 MBytes  1.54 Gbits/sec
[ 12]  7.0- 8.0 sec   185 MBytes  1.55 Gbits/sec
[  5]  7.0- 8.0 sec   184 MBytes  1.55 Gbits/sec
[  6]  7.0- 8.0 sec   185 MBytes  1.55 Gbits/sec
[  7]  7.0- 8.0 sec  34.4 MBytes   288 Mbits/sec
[  9]  7.0- 8.0 sec  34.5 MBytes   289 Mbits/sec
[ 10]  7.0- 8.0 sec   185 MBytes  1.55 Gbits/sec
[ 11]  7.0- 8.0 sec   186 MBytes  1.56 Gbits/sec
[  3]  7.0- 8.0 sec   115 MBytes   968 Mbits/sec
[ 12]  8.0- 9.0 sec   185 MBytes  1.55 Gbits/sec
[  3]  8.0- 9.0 sec   115 MBytes   967 Mbits/sec
[  5]  8.0- 9.0 sec   184 MBytes  1.55 Gbits/sec
[  6]  8.0- 9.0 sec   185 MBytes  1.55 Gbits/sec
[  7]  8.0- 9.0 sec  34.8 MBytes   292 Mbits/sec
[  9]  8.0- 9.0 sec  34.8 MBytes   292 Mbits/sec
[ 10]  8.0- 9.0 sec   184 MBytes  1.55 Gbits/sec
[ 11]  8.0- 9.0 sec   184 MBytes  1.55 Gbits/sec
[ 12]  9.0-10.0 sec   184 MBytes  1.54 Gbits/sec
[  3]  9.0-10.0 sec   115 MBytes   967 Mbits/sec
[  5]  9.0-10.0 sec   184 MBytes  1.55 Gbits/sec
[  6]  9.0-10.0 sec   184 MBytes  1.54 Gbits/sec
[  7]  9.0-10.0 sec  34.4 MBytes   288 Mbits/sec
[  9]  9.0-10.0 sec  34.4 MBytes   288 Mbits/sec
[ 10]  9.0-10.0 sec   185 MBytes  1.55 Gbits/sec
[ 11]  9.0-10.0 sec   184 MBytes  1.55 Gbits/sec
[  5] 10.0-11.0 sec   184 MBytes  1.55 Gbits/sec
[  6] 10.0-11.0 sec   185 MBytes  1.55 Gbits/sec
[ 10] 10.0-11.0 sec   184 MBytes  1.54 Gbits/sec
[ 12] 10.0-11.0 sec   185 MBytes  1.55 Gbits/sec
[  3] 10.0-11.0 sec   115 MBytes   967 Mbits/sec
[  7] 10.0-11.0 sec  34.8 MBytes   292 Mbits/sec
[  9] 10.0-11.0 sec  34.8 MBytes   292 Mbits/sec
[ 11] 10.0-11.0 sec   185 MBytes  1.55 Gbits/sec
[ 12] 11.0-12.0 sec   184 MBytes  1.54 Gbits/sec
[  3] 11.0-12.0 sec   115 MBytes   967 Mbits/sec
[  5] 11.0-12.0 sec   184 MBytes  1.55 Gbits/sec
[  6] 11.0-12.0 sec   185 MBytes  1.55 Gbits/sec
[  7] 11.0-12.0 sec  34.5 MBytes   289 Mbits/sec
[  9] 11.0-12.0 sec  34.5 MBytes   289 Mbits/sec
[ 10] 11.0-12.0 sec   185 MBytes  1.55 Gbits/sec
[ 11] 11.0-12.0 sec   184 MBytes  1.54 Gbits/sec
[ 12] 12.0-13.0 sec   184 MBytes  1.55 Gbits/sec
[  3] 12.0-13.0 sec   115 MBytes   967 Mbits/sec
[  5] 12.0-13.0 sec   184 MBytes  1.55 Gbits/sec
[  6] 12.0-13.0 sec   184 MBytes  1.54 Gbits/sec
[  7] 12.0-13.0 sec  34.8 MBytes   292 Mbits/sec
[  9] 12.0-13.0 sec  34.6 MBytes   290 Mbits/sec
[ 10] 12.0-13.0 sec   185 MBytes  1.55 Gbits/sec
[ 11] 12.0-13.0 sec   185 MBytes  1.55 Gbits/sec
[  5] 13.0-14.0 sec   185 MBytes  1.55 Gbits/sec
[  7] 13.0-14.0 sec  34.4 MBytes   288 Mbits/sec
[  9] 13.0-14.0 sec  34.5 MBytes   289 Mbits/sec
[ 10] 13.0-14.0 sec   184 MBytes  1.54 Gbits/sec
[ 11] 13.0-14.0 sec   184 MBytes  1.54 Gbits/sec
[ 12] 13.0-14.0 sec   185 MBytes  1.55 Gbits/sec
[  3] 13.0-14.0 sec   115 MBytes   968 Mbits/sec
[  6] 13.0-14.0 sec   185 MBytes  1.55 Gbits/sec
[ 12] 14.0-15.0 sec   185 MBytes  1.55 Gbits/sec
[  3] 14.0-15.0 sec   115 MBytes   967 Mbits/sec
[  5] 14.0-15.0 sec   185 MBytes  1.55 Gbits/sec
[  6] 14.0-15.0 sec   184 MBytes  1.54 Gbits/sec
[  7] 14.0-15.0 sec  34.8 MBytes   292 Mbits/sec
[  9] 14.0-15.0 sec  34.8 MBytes   292 Mbits/sec
[ 10] 14.0-15.0 sec   185 MBytes  1.55 Gbits/sec
[ 11] 14.0-15.0 sec   185 MBytes  1.55 Gbits/sec
[ 12] 15.0-16.0 sec   183 MBytes  1.54 Gbits/sec
[  5] 15.0-16.0 sec   184 MBytes  1.54 Gbits/sec
[  6] 15.0-16.0 sec   185 MBytes  1.55 Gbits/sec
[  9] 15.0-16.0 sec  55.8 MBytes   468 Mbits/sec
[ 10] 15.0-16.0 sec   187 MBytes  1.57 Gbits/sec
[ 11] 15.0-16.0 sec   181 MBytes  1.52 Gbits/sec
[  3] 15.0-16.0 sec  82.8 MBytes   694 Mbits/sec
[  7] 15.0-16.0 sec  50.9 MBytes   427 Mbits/sec
[ 12] 16.0-17.0 sec   185 MBytes  1.55 Gbits/sec
[  3] 16.0-17.0 sec  76.8 MBytes   644 Mbits/sec
[  5] 16.0-17.0 sec   185 MBytes  1.55 Gbits/sec
[  6] 16.0-17.0 sec   185 MBytes  1.55 Gbits/sec
[  7] 16.0-17.0 sec  51.2 MBytes   430 Mbits/sec
[ 10] 16.0-17.0 sec   185 MBytes  1.55 Gbits/sec
[ 11] 16.0-17.0 sec   185 MBytes  1.55 Gbits/sec
[  9] 16.0-17.0 sec  57.2 MBytes   480 Mbits/sec
[ 12] 17.0-18.0 sec   185 MBytes  1.55 Gbits/sec
[  5] 17.0-18.0 sec   185 MBytes  1.55 Gbits/sec
[  6] 17.0-18.0 sec   184 MBytes  1.54 Gbits/sec
[  9] 17.0-18.0 sec  56.5 MBytes   474 Mbits/sec
[ 10] 17.0-18.0 sec   184 MBytes  1.54 Gbits/sec
[ 11] 17.0-18.0 sec   184 MBytes  1.54 Gbits/sec
[  3] 17.0-18.0 sec  76.9 MBytes   645 Mbits/sec
[  7] 17.0-18.0 sec  51.1 MBytes   429 Mbits/sec
[ 12] 18.0-19.0 sec   184 MBytes  1.54 Gbits/sec
[  3] 18.0-19.0 sec  75.8 MBytes   635 Mbits/sec
[  5] 18.0-19.0 sec   184 MBytes  1.54 Gbits/sec
[  6] 18.0-19.0 sec   185 MBytes  1.55 Gbits/sec
[  7] 18.0-19.0 sec  50.5 MBytes   424 Mbits/sec
[  9] 18.0-19.0 sec  56.6 MBytes   475 Mbits/sec
[ 10] 18.0-19.0 sec   185 MBytes  1.55 Gbits/sec
[ 11] 18.0-19.0 sec   185 MBytes  1.55 Gbits/sec
[  5]  0.0-20.0 sec  3.50 GBytes  1.51 Gbits/sec
[SUM]  0.0-20.0 sec  4.59 GBytes  1.97 Gbits/sec
[  6] 19.0-20.0 sec   184 MBytes  1.54 Gbits/sec
[  6]  0.0-20.0 sec  3.50 GBytes  1.50 Gbits/sec
[  9]  0.0-20.0 sec   746 MBytes   313 Mbits/sec
[ 10] 19.0-20.0 sec   184 MBytes  1.54 Gbits/sec
[ 10]  0.0-20.0 sec  3.47 GBytes  1.49 Gbits/sec
[ 12] 19.0-20.0 sec   186 MBytes  1.56 Gbits/sec
[ 12]  0.0-20.0 sec  3.47 GBytes  1.49 Gbits/sec
[  3] 19.0-20.0 sec  76.8 MBytes   644 Mbits/sec
[  3]  0.0-20.0 sec  2.09 GBytes   898 Mbits/sec
[  7] 19.0-20.0 sec  51.2 MBytes   430 Mbits/sec
[  7]  0.0-20.0 sec   720 MBytes   302 Mbits/sec
[ 11] 19.0-20.0 sec   185 MBytes  1.55 Gbits/sec
[ 11]  0.0-20.0 sec  3.47 GBytes  1.49 Gbits/sec
[  8]  4.0- 5.0 sec  81.6 MBytes   685 Mbits/sec
[  8]  5.0- 6.0 sec  0.00 Bytes  0.00 bits/sec
[  8]  6.0- 7.0 sec  0.00 Bytes  0.00 bits/sec
[  8]  7.0- 8.0 sec  0.00 Bytes  0.00 bits/sec
[  8]  8.0- 9.0 sec  0.00 Bytes  0.00 bits/sec
[  8]  9.0-10.0 sec  0.00 Bytes  0.00 bits/sec
[  8] 10.0-11.0 sec  0.00 Bytes  0.00 bits/sec
[  8] 11.0-12.0 sec  0.00 Bytes  0.00 bits/sec
[  8] 12.0-13.0 sec  0.00 Bytes  0.00 bits/sec
[  8] 13.0-14.0 sec  0.00 Bytes  0.00 bits/sec
[  8] 14.0-15.0 sec  0.00 Bytes  0.00 bits/sec
[  8] 15.0-16.0 sec  0.00 Bytes  0.00 bits/sec
[  8] 16.0-17.0 sec  0.00 Bytes  0.00 bits/sec
[  8] 17.0-18.0 sec  0.00 Bytes  0.00 bits/sec
[  8] 18.0-19.0 sec  0.00 Bytes  0.00 bits/sec
[  8] 19.0-20.0 sec  0.00 Bytes  0.00 bits/sec
[  8]  0.0-20.5 sec   701 MBytes   288 Mbits/sec
