------------------------------------------------------------
Client connecting to fe80::c2a8:2ff:fef0:5%enahisic2i1, TCP port 5001
TCP window size: 85.0 KByte (default)
------------------------------------------------------------
[ 11] local fe80::5ca7:b9ff:fe2e:61b9 port 56116 connected with fe80::c2a8:2ff:fef0:5 port 5001
[  3] local fe80::5ca7:b9ff:fe2e:61b9 port 56098 connected with fe80::c2a8:2ff:fef0:5 port 5001
[  4] local fe80::5ca7:b9ff:fe2e:61b9 port 56100 connected with fe80::c2a8:2ff:fef0:5 port 5001
[  5] local fe80::5ca7:b9ff:fe2e:61b9 port 56102 connected with fe80::c2a8:2ff:fef0:5 port 5001
[  6] local fe80::5ca7:b9ff:fe2e:61b9 port 56104 connected with fe80::c2a8:2ff:fef0:5 port 5001
[  8] local fe80::5ca7:b9ff:fe2e:61b9 port 56106 connected with fe80::c2a8:2ff:fef0:5 port 5001
[  7] local fe80::5ca7:b9ff:fe2e:61b9 port 56108 connected with fe80::c2a8:2ff:fef0:5 port 5001
[ 10] local fe80::5ca7:b9ff:fe2e:61b9 port 56110 connected with fe80::c2a8:2ff:fef0:5 port 5001
[  9] local fe80::5ca7:b9ff:fe2e:61b9 port 56112 connected with fe80::c2a8:2ff:fef0:5 port 5001
[ 12] local fe80::5ca7:b9ff:fe2e:61b9 port 56114 connected with fe80::c2a8:2ff:fef0:5 port 5001
[ ID] Interval       Transfer     Bandwidth
[  5]  0.0- 2.0 sec  27.9 MBytes   117 Mbits/sec
[  8]  0.0- 2.0 sec  27.2 MBytes   114 Mbits/sec
[ 11]  0.0- 2.0 sec  27.4 MBytes   115 Mbits/sec
[  3]  0.0- 2.0 sec  31.9 MBytes   134 Mbits/sec
[  4]  0.0- 2.0 sec  17.5 MBytes  73.4 Mbits/sec
[  7]  0.0- 2.0 sec  13.4 MBytes  56.1 Mbits/sec
[ 10]  0.0- 2.0 sec  27.4 MBytes   115 Mbits/sec
[  9]  0.0- 2.0 sec  27.4 MBytes   115 Mbits/sec
[ 12]  0.0- 2.0 sec  13.6 MBytes  57.1 Mbits/sec
[  6]  0.0- 2.0 sec  13.1 MBytes  55.1 Mbits/sec
[SUM]  0.0- 2.0 sec   227 MBytes   951 Mbits/sec
[  5]  2.0- 4.0 sec  27.8 MBytes   116 Mbits/sec
[  8]  2.0- 4.0 sec  27.8 MBytes   116 Mbits/sec
[  4]  2.0- 4.0 sec  14.9 MBytes  62.4 Mbits/sec
[ 11]  2.0- 4.0 sec  27.8 MBytes   116 Mbits/sec
[  3]  2.0- 4.0 sec  27.9 MBytes   117 Mbits/sec
[ 10]  2.0- 4.0 sec  27.9 MBytes   117 Mbits/sec
[  9]  2.0- 4.0 sec  27.8 MBytes   116 Mbits/sec
[ 12]  2.0- 4.0 sec  13.9 MBytes  58.2 Mbits/sec
[  6]  2.0- 4.0 sec  12.0 MBytes  50.3 Mbits/sec
[  7]  2.0- 4.0 sec  14.0 MBytes  58.7 Mbits/sec
[SUM]  2.0- 4.0 sec   222 MBytes   929 Mbits/sec
[  3]  4.0- 6.0 sec  27.6 MBytes   116 Mbits/sec
[ 11]  4.0- 6.0 sec  27.9 MBytes   117 Mbits/sec
[  8]  4.0- 6.0 sec  28.0 MBytes   117 Mbits/sec
[  9]  4.0- 6.0 sec  27.6 MBytes   116 Mbits/sec
[ 10]  4.0- 6.0 sec  27.8 MBytes   116 Mbits/sec
[  4]  4.0- 6.0 sec  14.9 MBytes  62.4 Mbits/sec
[  5]  4.0- 6.0 sec  28.0 MBytes   117 Mbits/sec
[  7]  4.0- 6.0 sec  13.9 MBytes  58.2 Mbits/sec
[  6]  4.0- 6.0 sec  12.4 MBytes  51.9 Mbits/sec
[ 12]  4.0- 6.0 sec  14.0 MBytes  58.7 Mbits/sec
[SUM]  4.0- 6.0 sec   222 MBytes   931 Mbits/sec
[  9]  6.0- 8.0 sec  27.8 MBytes   116 Mbits/sec
[ 11]  6.0- 8.0 sec  27.8 MBytes   116 Mbits/sec
[  3]  6.0- 8.0 sec  27.9 MBytes   117 Mbits/sec
[  4]  6.0- 8.0 sec  14.8 MBytes  61.9 Mbits/sec
[  5]  6.0- 8.0 sec  27.8 MBytes   116 Mbits/sec
[  6]  6.0- 8.0 sec  12.2 MBytes  51.4 Mbits/sec
[  8]  6.0- 8.0 sec  27.8 MBytes   116 Mbits/sec
[ 10]  6.0- 8.0 sec  27.8 MBytes   116 Mbits/sec
[ 12]  6.0- 8.0 sec  13.8 MBytes  57.7 Mbits/sec
[  7]  6.0- 8.0 sec  14.0 MBytes  58.7 Mbits/sec
[SUM]  6.0- 8.0 sec   221 MBytes   929 Mbits/sec
[ 11]  8.0-10.0 sec  27.8 MBytes   116 Mbits/sec
[ 10]  8.0-10.0 sec  27.6 MBytes   116 Mbits/sec
[  9]  8.0-10.0 sec  27.8 MBytes   116 Mbits/sec
[  7]  8.0-10.0 sec  13.8 MBytes  57.7 Mbits/sec
[  3]  8.0-10.0 sec  27.9 MBytes   117 Mbits/sec
[  5]  8.0-10.0 sec  27.8 MBytes   116 Mbits/sec
[  6]  8.0-10.0 sec  12.2 MBytes  51.4 Mbits/sec
[  8]  8.0-10.0 sec  27.8 MBytes   116 Mbits/sec
[  4]  8.0-10.0 sec  14.6 MBytes  61.3 Mbits/sec
[ 12]  8.0-10.0 sec  14.0 MBytes  58.7 Mbits/sec
[SUM]  8.0-10.0 sec   221 MBytes   927 Mbits/sec
[ 11] 10.0-12.0 sec  27.8 MBytes   116 Mbits/sec
[  3] 10.0-12.0 sec  27.5 MBytes   115 Mbits/sec
[  5] 10.0-12.0 sec  27.6 MBytes   116 Mbits/sec
[ 12] 10.0-12.0 sec  13.8 MBytes  57.7 Mbits/sec
[  4] 10.0-12.0 sec  14.5 MBytes  60.8 Mbits/sec
[  8] 10.0-12.0 sec  27.8 MBytes   116 Mbits/sec
[ 10] 10.0-12.0 sec  28.0 MBytes   117 Mbits/sec
[  6] 10.0-12.0 sec  12.4 MBytes  51.9 Mbits/sec
[  9] 10.0-12.0 sec  28.0 MBytes   117 Mbits/sec
[  7] 10.0-12.0 sec  14.0 MBytes  58.7 Mbits/sec
[SUM] 10.0-12.0 sec   221 MBytes   928 Mbits/sec
[  4] 12.0-14.0 sec  14.9 MBytes  62.4 Mbits/sec
[  5] 12.0-14.0 sec  27.8 MBytes   116 Mbits/sec
[  8] 12.0-14.0 sec  27.6 MBytes   116 Mbits/sec
[ 10] 12.0-14.0 sec  27.5 MBytes   115 Mbits/sec
[  3] 12.0-14.0 sec  27.9 MBytes   117 Mbits/sec
[ 11] 12.0-14.0 sec  27.8 MBytes   116 Mbits/sec
[  6] 12.0-14.0 sec  12.5 MBytes  52.4 Mbits/sec
[  9] 12.0-14.0 sec  27.8 MBytes   116 Mbits/sec
[ 12] 12.0-14.0 sec  13.9 MBytes  58.2 Mbits/sec
[  7] 12.0-14.0 sec  13.9 MBytes  58.2 Mbits/sec
[SUM] 12.0-14.0 sec   221 MBytes   929 Mbits/sec
[  4] 14.0-16.0 sec  14.6 MBytes  61.3 Mbits/sec
[  7] 14.0-16.0 sec  13.8 MBytes  57.7 Mbits/sec
[ 11] 14.0-16.0 sec  27.9 MBytes   117 Mbits/sec
[  5] 14.0-16.0 sec  28.0 MBytes   117 Mbits/sec
[  8] 14.0-16.0 sec  28.0 MBytes   117 Mbits/sec
[  3] 14.0-16.0 sec  27.9 MBytes   117 Mbits/sec
[  9] 14.0-16.0 sec  27.8 MBytes   116 Mbits/sec
[  6] 14.0-16.0 sec  12.4 MBytes  51.9 Mbits/sec
[ 10] 14.0-16.0 sec  28.0 MBytes   117 Mbits/sec
[ 12] 14.0-16.0 sec  14.0 MBytes  58.7 Mbits/sec
[SUM] 14.0-16.0 sec   222 MBytes   932 Mbits/sec
[  3] 16.0-18.0 sec  27.6 MBytes   116 Mbits/sec
[  9] 16.0-18.0 sec  27.6 MBytes   116 Mbits/sec
[ 12] 16.0-18.0 sec  13.8 MBytes  57.7 Mbits/sec
[ 11] 16.0-18.0 sec  27.8 MBytes   116 Mbits/sec
[  4] 16.0-18.0 sec  14.8 MBytes  61.9 Mbits/sec
[  5] 16.0-18.0 sec  27.8 MBytes   116 Mbits/sec
[  8] 16.0-18.0 sec  27.8 MBytes   116 Mbits/sec
[  7] 16.0-18.0 sec  14.0 MBytes  58.7 Mbits/sec
[ 10] 16.0-18.0 sec  27.8 MBytes   116 Mbits/sec
[  6] 16.0-18.0 sec  12.5 MBytes  52.4 Mbits/sec
[SUM] 16.0-18.0 sec   221 MBytes   928 Mbits/sec
[  3] 18.0-20.0 sec  28.2 MBytes   118 Mbits/sec
[  3]  0.0-20.0 sec   282 MBytes   118 Mbits/sec
[  6] 18.0-20.0 sec  13.0 MBytes  54.5 Mbits/sec
[  6]  0.0-20.0 sec   125 MBytes  52.4 Mbits/sec
[  7] 18.0-20.0 sec  14.8 MBytes  61.9 Mbits/sec
[  7]  0.0-20.0 sec   140 MBytes  58.5 Mbits/sec
[ 11] 18.0-20.0 sec  27.6 MBytes   116 Mbits/sec
[ 11]  0.0-20.0 sec   277 MBytes   116 Mbits/sec
[  5] 18.0-20.0 sec  28.5 MBytes   120 Mbits/sec
[  5]  0.0-20.0 sec   279 MBytes   117 Mbits/sec
[  9] 18.0-20.0 sec  28.1 MBytes   118 Mbits/sec
[  9]  0.0-20.0 sec   278 MBytes   116 Mbits/sec
[  8] 18.0-20.0 sec  27.6 MBytes   116 Mbits/sec
[  8]  0.0-20.0 sec   277 MBytes   116 Mbits/sec
[ 10] 18.0-20.0 sec  27.9 MBytes   117 Mbits/sec
[ 10]  0.0-20.0 sec   278 MBytes   116 Mbits/sec
[  4] 18.0-20.0 sec  15.1 MBytes  63.4 Mbits/sec
[  4]  0.0-20.0 sec   151 MBytes  63.1 Mbits/sec
[ 12] 18.0-20.0 sec  15.0 MBytes  62.9 Mbits/sec
[SUM] 18.0-20.0 sec   226 MBytes   947 Mbits/sec
[ 12]  0.0-20.1 sec   140 MBytes  58.5 Mbits/sec
[SUM]  0.0-20.1 sec  2.17 GBytes   931 Mbits/sec
