------------------------------------------------------------
Client connecting to fe80::c2a8:2ff:fef0:5%enahisic2i1, TCP port 5001
TCP window size: 85.0 KByte (default)
------------------------------------------------------------
[ 10] local fe80::5ca7:b9ff:fe2e:61b9 port 40334 connected with fe80::c2a8:2ff:fef0:5 port 5001
[  3] local fe80::5ca7:b9ff:fe2e:61b9 port 40316 connected with fe80::c2a8:2ff:fef0:5 port 5001
[  4] local fe80::5ca7:b9ff:fe2e:61b9 port 40318 connected with fe80::c2a8:2ff:fef0:5 port 5001
[  5] local fe80::5ca7:b9ff:fe2e:61b9 port 40320 connected with fe80::c2a8:2ff:fef0:5 port 5001
[  6] local fe80::5ca7:b9ff:fe2e:61b9 port 40322 connected with fe80::c2a8:2ff:fef0:5 port 5001
[  7] local fe80::5ca7:b9ff:fe2e:61b9 port 40324 connected with fe80::c2a8:2ff:fef0:5 port 5001
[  9] local fe80::5ca7:b9ff:fe2e:61b9 port 40328 connected with fe80::c2a8:2ff:fef0:5 port 5001
[  8] local fe80::5ca7:b9ff:fe2e:61b9 port 40326 connected with fe80::c2a8:2ff:fef0:5 port 5001
[ 11] local fe80::5ca7:b9ff:fe2e:61b9 port 40330 connected with fe80::c2a8:2ff:fef0:5 port 5001
[ 12] local fe80::5ca7:b9ff:fe2e:61b9 port 40332 connected with fe80::c2a8:2ff:fef0:5 port 5001
[ ID] Interval       Transfer     Bandwidth
[  4]  0.0- 2.0 sec  27.4 MBytes   115 Mbits/sec
[  3]  0.0- 2.0 sec  17.5 MBytes  73.4 Mbits/sec
[  6]  0.0- 2.0 sec  27.4 MBytes   115 Mbits/sec
[  8]  0.0- 2.0 sec  13.6 MBytes  57.1 Mbits/sec
[ 11]  0.0- 2.0 sec  27.2 MBytes   114 Mbits/sec
[ 10]  0.0- 2.0 sec  27.4 MBytes   115 Mbits/sec
[  5]  0.0- 2.0 sec  27.5 MBytes   115 Mbits/sec
[  9]  0.0- 2.0 sec  13.6 MBytes  57.1 Mbits/sec
[ 12]  0.0- 2.0 sec  27.4 MBytes   115 Mbits/sec
[  7]  0.0- 2.0 sec  10.2 MBytes  43.0 Mbits/sec
[SUM]  0.0- 2.0 sec   219 MBytes   920 Mbits/sec
[  3]  2.0- 4.0 sec  15.8 MBytes  66.1 Mbits/sec
[ 11]  2.0- 4.0 sec  27.6 MBytes   116 Mbits/sec
[  4]  2.0- 4.0 sec  28.0 MBytes   117 Mbits/sec
[  6]  2.0- 4.0 sec  27.9 MBytes   117 Mbits/sec
[ 12]  2.0- 4.0 sec  27.6 MBytes   116 Mbits/sec
[ 10]  2.0- 4.0 sec  27.8 MBytes   116 Mbits/sec
[  5]  2.0- 4.0 sec  27.8 MBytes   116 Mbits/sec
[  8]  2.0- 4.0 sec  13.9 MBytes  58.2 Mbits/sec
[  9]  2.0- 4.0 sec  14.0 MBytes  58.7 Mbits/sec
[  7]  2.0- 4.0 sec  11.1 MBytes  46.7 Mbits/sec
[SUM]  2.0- 4.0 sec   221 MBytes   929 Mbits/sec
[  5]  4.0- 6.0 sec  27.6 MBytes   116 Mbits/sec
[ 12]  4.0- 6.0 sec  27.8 MBytes   116 Mbits/sec
[  4]  4.0- 6.0 sec  27.6 MBytes   116 Mbits/sec
[  6]  4.0- 6.0 sec  27.8 MBytes   116 Mbits/sec
[ 11]  4.0- 6.0 sec  28.0 MBytes   117 Mbits/sec
[ 10]  4.0- 6.0 sec  27.8 MBytes   116 Mbits/sec
[  3]  4.0- 6.0 sec  16.0 MBytes  67.1 Mbits/sec
[  7]  4.0- 6.0 sec  11.1 MBytes  46.7 Mbits/sec
[  9]  4.0- 6.0 sec  13.9 MBytes  58.2 Mbits/sec
[  8]  4.0- 6.0 sec  14.0 MBytes  58.7 Mbits/sec
[SUM]  4.0- 6.0 sec   222 MBytes   929 Mbits/sec
[  4]  6.0- 8.0 sec  27.8 MBytes   116 Mbits/sec
[  5]  6.0- 8.0 sec  27.8 MBytes   116 Mbits/sec
[ 12]  6.0- 8.0 sec  27.8 MBytes   116 Mbits/sec
[ 10]  6.0- 8.0 sec  27.9 MBytes   117 Mbits/sec
[  3]  6.0- 8.0 sec  16.1 MBytes  67.6 Mbits/sec
[  6]  6.0- 8.0 sec  27.8 MBytes   116 Mbits/sec
[  8]  6.0- 8.0 sec  13.8 MBytes  57.7 Mbits/sec
[ 11]  6.0- 8.0 sec  27.8 MBytes   116 Mbits/sec
[  9]  6.0- 8.0 sec  13.8 MBytes  57.7 Mbits/sec
[  7]  6.0- 8.0 sec  11.1 MBytes  46.7 Mbits/sec
[SUM]  6.0- 8.0 sec   221 MBytes   929 Mbits/sec
[  6]  8.0-10.0 sec  27.8 MBytes   116 Mbits/sec
[ 10]  8.0-10.0 sec  27.8 MBytes   116 Mbits/sec
[  4]  8.0-10.0 sec  27.9 MBytes   117 Mbits/sec
[  5]  8.0-10.0 sec  28.0 MBytes   117 Mbits/sec
[  3]  8.0-10.0 sec  16.0 MBytes  67.1 Mbits/sec
[  8]  8.0-10.0 sec  13.9 MBytes  58.2 Mbits/sec
[ 11]  8.0-10.0 sec  27.8 MBytes   116 Mbits/sec
[ 12]  8.0-10.0 sec  28.0 MBytes   117 Mbits/sec
[  9]  8.0-10.0 sec  14.0 MBytes  58.7 Mbits/sec
[  7]  8.0-10.0 sec  11.1 MBytes  46.7 Mbits/sec
[SUM]  8.0-10.0 sec   222 MBytes   932 Mbits/sec
[ 10] 10.0-12.0 sec  27.8 MBytes   116 Mbits/sec
[  4] 10.0-12.0 sec  27.8 MBytes   116 Mbits/sec
[  9] 10.0-12.0 sec  13.8 MBytes  57.7 Mbits/sec
[  3] 10.0-12.0 sec  15.5 MBytes  65.0 Mbits/sec
[  6] 10.0-12.0 sec  27.8 MBytes   116 Mbits/sec
[ 11] 10.0-12.0 sec  27.8 MBytes   116 Mbits/sec
[  5] 10.0-12.0 sec  27.8 MBytes   116 Mbits/sec
[  7] 10.0-12.0 sec  11.4 MBytes  47.7 Mbits/sec
[ 12] 10.0-12.0 sec  27.8 MBytes   116 Mbits/sec
[  8] 10.0-12.0 sec  14.0 MBytes  58.7 Mbits/sec
[SUM] 10.0-12.0 sec   221 MBytes   927 Mbits/sec
[  6] 12.0-14.0 sec  27.9 MBytes   117 Mbits/sec
[ 10] 12.0-14.0 sec  27.8 MBytes   116 Mbits/sec
[  4] 12.0-14.0 sec  27.9 MBytes   117 Mbits/sec
[  5] 12.0-14.0 sec  27.8 MBytes   116 Mbits/sec
[  8] 12.0-14.0 sec  13.8 MBytes  57.7 Mbits/sec
[ 11] 12.0-14.0 sec  27.8 MBytes   116 Mbits/sec
[ 12] 12.0-14.0 sec  27.8 MBytes   116 Mbits/sec
[  3] 12.0-14.0 sec  15.5 MBytes  65.0 Mbits/sec
[  9] 12.0-14.0 sec  14.0 MBytes  58.7 Mbits/sec
[  7] 12.0-14.0 sec  11.4 MBytes  47.7 Mbits/sec
[SUM] 12.0-14.0 sec   221 MBytes   929 Mbits/sec
[  3] 14.0-16.0 sec  15.9 MBytes  66.6 Mbits/sec
[ 10] 14.0-16.0 sec  27.8 MBytes   116 Mbits/sec
[  4] 14.0-16.0 sec  27.8 MBytes   116 Mbits/sec
[  6] 14.0-16.0 sec  27.8 MBytes   116 Mbits/sec
[ 11] 14.0-16.0 sec  27.9 MBytes   117 Mbits/sec
[ 12] 14.0-16.0 sec  28.0 MBytes   117 Mbits/sec
[  5] 14.0-16.0 sec  27.8 MBytes   116 Mbits/sec
[  9] 14.0-16.0 sec  13.9 MBytes  58.2 Mbits/sec
[  8] 14.0-16.0 sec  14.0 MBytes  58.7 Mbits/sec
[  7] 14.0-16.0 sec  11.2 MBytes  47.2 Mbits/sec
[SUM] 14.0-16.0 sec   222 MBytes   931 Mbits/sec
[ 10] 16.0-18.0 sec  28.1 MBytes   118 Mbits/sec
[  6] 16.0-18.0 sec  27.8 MBytes   116 Mbits/sec
[  9] 16.0-18.0 sec  14.0 MBytes  58.7 Mbits/sec
[  3] 16.0-18.0 sec  16.0 MBytes  67.1 Mbits/sec
[  4] 16.0-18.0 sec  28.1 MBytes   118 Mbits/sec
[  5] 16.0-18.0 sec  27.9 MBytes   117 Mbits/sec
[ 11] 16.0-18.0 sec  27.5 MBytes   115 Mbits/sec
[ 12] 16.0-18.0 sec  27.9 MBytes   117 Mbits/sec
[  7] 16.0-18.0 sec  11.2 MBytes  47.2 Mbits/sec
[  8] 16.0-18.0 sec  13.8 MBytes  57.7 Mbits/sec
[SUM] 16.0-18.0 sec   222 MBytes   932 Mbits/sec
[  3]  0.0-20.0 sec   160 MBytes  67.2 Mbits/sec
[  4]  0.0-20.0 sec   278 MBytes   117 Mbits/sec
[ 10] 18.0-20.0 sec  27.6 MBytes   116 Mbits/sec
[ 10]  0.0-20.0 sec   278 MBytes   116 Mbits/sec
[  5] 18.0-20.0 sec  27.8 MBytes   116 Mbits/sec
[  5]  0.0-20.0 sec   278 MBytes   116 Mbits/sec
[  6] 18.0-20.0 sec  27.8 MBytes   116 Mbits/sec
[  6]  0.0-20.0 sec   278 MBytes   116 Mbits/sec
[  8] 18.0-20.0 sec  13.5 MBytes  56.6 Mbits/sec
[  8]  0.0-20.0 sec   138 MBytes  58.0 Mbits/sec
[ 12] 18.0-20.0 sec  27.6 MBytes   116 Mbits/sec
[ 12]  0.0-20.0 sec   278 MBytes   116 Mbits/sec
[  7] 18.0-20.0 sec  11.5 MBytes  48.2 Mbits/sec
[  7]  0.0-20.0 sec   112 MBytes  46.8 Mbits/sec
[ 11] 18.0-20.0 sec  27.9 MBytes   117 Mbits/sec
[ 11]  0.0-20.0 sec   277 MBytes   116 Mbits/sec
[  9] 18.0-20.0 sec  14.1 MBytes  59.2 Mbits/sec
[  9]  0.0-20.1 sec   139 MBytes  58.2 Mbits/sec
[SUM]  0.0-20.1 sec  2.16 GBytes   926 Mbits/sec
