------------------------------------------------------------
Client connecting to fe80::c2a8:2ff:fef0:0%enahisic2i2, TCP port 5001
TCP window size: 85.0 KByte (default)
------------------------------------------------------------
[  6] local fe80::f886:57ff:febe:7417 port 54478 connected with fe80::c2a8:2ff:fef0:0 port 5001
[  4] local fe80::f886:57ff:febe:7417 port 54470 connected with fe80::c2a8:2ff:fef0:0 port 5001
[  3] local fe80::f886:57ff:febe:7417 port 54472 connected with fe80::c2a8:2ff:fef0:0 port 5001
[  5] local fe80::f886:57ff:febe:7417 port 54474 connected with fe80::c2a8:2ff:fef0:0 port 5001
[  7] local fe80::f886:57ff:febe:7417 port 54476 connected with fe80::c2a8:2ff:fef0:0 port 5001
[ ID] Interval       Transfer     Bandwidth
[  6]  0.0- 2.0 sec   424 MBytes  1.78 Gbits/sec
[  4]  0.0- 2.0 sec   424 MBytes  1.78 Gbits/sec
[  3]  0.0- 2.0 sec   424 MBytes  1.78 Gbits/sec
[  5]  0.0- 2.0 sec   424 MBytes  1.78 Gbits/sec
[  7]  0.0- 2.0 sec   423 MBytes  1.77 Gbits/sec
[SUM]  0.0- 2.0 sec  2.07 GBytes  8.89 Gbits/sec
[  6]  2.0- 4.0 sec   443 MBytes  1.86 Gbits/sec
[  4]  2.0- 4.0 sec   442 MBytes  1.86 Gbits/sec
[  3]  2.0- 4.0 sec   443 MBytes  1.86 Gbits/sec
[  5]  2.0- 4.0 sec   443 MBytes  1.86 Gbits/sec
[  7]  2.0- 4.0 sec   443 MBytes  1.86 Gbits/sec
[SUM]  2.0- 4.0 sec  2.16 GBytes  9.29 Gbits/sec
[  6]  4.0- 6.0 sec   560 MBytes  2.35 Gbits/sec
[  4]  4.0- 6.0 sec   536 MBytes  2.25 Gbits/sec
[  3]  4.0- 6.0 sec   532 MBytes  2.23 Gbits/sec
[  5]  4.0- 6.0 sec   544 MBytes  2.28 Gbits/sec
[  6]  6.0- 8.0 sec   553 MBytes  2.32 Gbits/sec
[  4]  6.0- 8.0 sec   554 MBytes  2.32 Gbits/sec
[  3]  6.0- 8.0 sec   553 MBytes  2.32 Gbits/sec
[  5]  6.0- 8.0 sec   554 MBytes  2.32 Gbits/sec
[  6]  8.0-10.0 sec   546 MBytes  2.29 Gbits/sec
[  4]  8.0-10.0 sec   559 MBytes  2.34 Gbits/sec
[  3]  8.0-10.0 sec   560 MBytes  2.35 Gbits/sec
[  5]  8.0-10.0 sec   551 MBytes  2.31 Gbits/sec
[  6] 10.0-12.0 sec   553 MBytes  2.32 Gbits/sec
[  4] 10.0-12.0 sec   554 MBytes  2.32 Gbits/sec
[  3] 10.0-12.0 sec   553 MBytes  2.32 Gbits/sec
[  5] 10.0-12.0 sec   554 MBytes  2.32 Gbits/sec
[  6] 12.0-14.0 sec   553 MBytes  2.32 Gbits/sec
[  3] 12.0-14.0 sec   554 MBytes  2.32 Gbits/sec
[  5] 12.0-14.0 sec   554 MBytes  2.32 Gbits/sec
[  4] 12.0-14.0 sec   554 MBytes  2.32 Gbits/sec
[  6] 14.0-16.0 sec   553 MBytes  2.32 Gbits/sec
[  4] 14.0-16.0 sec   553 MBytes  2.32 Gbits/sec
[  3] 14.0-16.0 sec   553 MBytes  2.32 Gbits/sec
[  5] 14.0-16.0 sec   553 MBytes  2.32 Gbits/sec
[  6] 16.0-18.0 sec   554 MBytes  2.32 Gbits/sec
[  4] 16.0-18.0 sec   553 MBytes  2.32 Gbits/sec
[  3] 16.0-18.0 sec   553 MBytes  2.32 Gbits/sec
[  5] 16.0-18.0 sec   553 MBytes  2.32 Gbits/sec
[  4]  0.0-20.0 sec  5.15 GBytes  2.22 Gbits/sec
[  3]  0.0-20.0 sec  5.15 GBytes  2.21 Gbits/sec
[  5]  0.0-20.0 sec  5.16 GBytes  2.22 Gbits/sec
[  6] 18.0-20.0 sec   555 MBytes  2.33 Gbits/sec
[  6]  0.0-20.0 sec  5.17 GBytes  2.22 Gbits/sec
