------------------------------------------------------------
Client connecting to 192.168.13.20, TCP port 5001
TCP window size: 85.0 KByte (default)
------------------------------------------------------------
[ 10] local 192.168.13.10 port 57838 connected with 192.168.13.20 port 5001
[  3] local 192.168.13.10 port 57824 connected with 192.168.13.20 port 5001
[  4] local 192.168.13.10 port 57826 connected with 192.168.13.20 port 5001
[  5] local 192.168.13.10 port 57828 connected with 192.168.13.20 port 5001
[  7] local 192.168.13.10 port 57830 connected with 192.168.13.20 port 5001
[  6] local 192.168.13.10 port 57834 connected with 192.168.13.20 port 5001
[  8] local 192.168.13.10 port 57832 connected with 192.168.13.20 port 5001
[  9] local 192.168.13.10 port 57836 connected with 192.168.13.20 port 5001
[ 11] local 192.168.13.10 port 57840 connected with 192.168.13.20 port 5001
[ 12] local 192.168.13.10 port 57842 connected with 192.168.13.20 port 5001
[ ID] Interval       Transfer     Bandwidth
[  3]  0.0- 2.0 sec  25.9 MBytes   109 Mbits/sec
[ 11]  0.0- 2.0 sec  25.8 MBytes   108 Mbits/sec
[ 12]  0.0- 2.0 sec  25.5 MBytes   107 Mbits/sec
[  5]  0.0- 2.0 sec  26.0 MBytes   109 Mbits/sec
[  7]  0.0- 2.0 sec  26.0 MBytes   109 Mbits/sec
[  6]  0.0- 2.0 sec  24.0 MBytes   101 Mbits/sec
[  8]  0.0- 2.0 sec  23.6 MBytes  99.1 Mbits/sec
[ 10]  0.0- 2.0 sec  9.25 MBytes  38.8 Mbits/sec
[  9]  0.0- 2.0 sec  22.6 MBytes  94.9 Mbits/sec
[  4]  0.0- 2.0 sec  16.4 MBytes  68.7 Mbits/sec
[SUM]  0.0- 2.0 sec   225 MBytes   944 Mbits/sec
[  4]  2.0- 4.0 sec  15.1 MBytes  63.4 Mbits/sec
[  7]  2.0- 4.0 sec  25.4 MBytes   106 Mbits/sec
[ 12]  2.0- 4.0 sec  25.5 MBytes   107 Mbits/sec
[  5]  2.0- 4.0 sec  25.4 MBytes   106 Mbits/sec
[  8]  2.0- 4.0 sec  24.9 MBytes   104 Mbits/sec
[  9]  2.0- 4.0 sec  21.9 MBytes  91.8 Mbits/sec
[  3]  2.0- 4.0 sec  25.8 MBytes   108 Mbits/sec
[ 11]  2.0- 4.0 sec  25.6 MBytes   107 Mbits/sec
[ 10]  2.0- 4.0 sec  10.0 MBytes  41.9 Mbits/sec
[  6]  2.0- 4.0 sec  23.0 MBytes  96.5 Mbits/sec
[SUM]  2.0- 4.0 sec   222 MBytes   933 Mbits/sec
[  5]  4.0- 6.0 sec  24.5 MBytes   103 Mbits/sec
[  7]  4.0- 6.0 sec  25.8 MBytes   108 Mbits/sec
[  6]  4.0- 6.0 sec  23.1 MBytes  97.0 Mbits/sec
[  8]  4.0- 6.0 sec  24.4 MBytes   102 Mbits/sec
[ 12]  4.0- 6.0 sec  25.2 MBytes   106 Mbits/sec
[  3]  4.0- 6.0 sec  25.9 MBytes   109 Mbits/sec
[  9]  4.0- 6.0 sec  22.0 MBytes  92.3 Mbits/sec
[ 11]  4.0- 6.0 sec  25.4 MBytes   106 Mbits/sec
[ 10]  4.0- 6.0 sec  11.1 MBytes  46.7 Mbits/sec
[  4]  4.0- 6.0 sec  16.0 MBytes  67.1 Mbits/sec
[SUM]  4.0- 6.0 sec   223 MBytes   937 Mbits/sec
[  4]  6.0- 8.0 sec  14.2 MBytes  59.8 Mbits/sec
[  5]  6.0- 8.0 sec  25.4 MBytes   106 Mbits/sec
[  7]  6.0- 8.0 sec  25.4 MBytes   106 Mbits/sec
[ 11]  6.0- 8.0 sec  25.1 MBytes   105 Mbits/sec
[ 10]  6.0- 8.0 sec  10.8 MBytes  45.1 Mbits/sec
[  3]  6.0- 8.0 sec  25.2 MBytes   106 Mbits/sec
[  6]  6.0- 8.0 sec  23.5 MBytes  98.6 Mbits/sec
[ 12]  6.0- 8.0 sec  25.4 MBytes   106 Mbits/sec
[  8]  6.0- 8.0 sec  25.5 MBytes   107 Mbits/sec
[  9]  6.0- 8.0 sec  21.4 MBytes  89.7 Mbits/sec
[SUM]  6.0- 8.0 sec   222 MBytes   931 Mbits/sec
[ 10]  8.0-10.0 sec  11.2 MBytes  47.2 Mbits/sec
[  8]  8.0-10.0 sec  25.2 MBytes   106 Mbits/sec
[  9]  8.0-10.0 sec  21.4 MBytes  89.7 Mbits/sec
[ 11]  8.0-10.0 sec  25.4 MBytes   106 Mbits/sec
[  3]  8.0-10.0 sec  25.4 MBytes   106 Mbits/sec
[  5]  8.0-10.0 sec  25.4 MBytes   106 Mbits/sec
[  6]  8.0-10.0 sec  23.4 MBytes  98.0 Mbits/sec
[ 12]  8.0-10.0 sec  25.5 MBytes   107 Mbits/sec
[  7]  8.0-10.0 sec  25.6 MBytes   107 Mbits/sec
[  4]  8.0-10.0 sec  14.4 MBytes  60.3 Mbits/sec
[SUM]  8.0-10.0 sec   223 MBytes   935 Mbits/sec
[ 10] 10.0-12.0 sec  11.4 MBytes  47.7 Mbits/sec
[ 11] 10.0-12.0 sec  25.4 MBytes   106 Mbits/sec
[  3] 10.0-12.0 sec  25.4 MBytes   106 Mbits/sec
[  5] 10.0-12.0 sec  25.2 MBytes   106 Mbits/sec
[  6] 10.0-12.0 sec  23.2 MBytes  97.5 Mbits/sec
[  8] 10.0-12.0 sec  25.4 MBytes   106 Mbits/sec
[ 12] 10.0-12.0 sec  25.1 MBytes   105 Mbits/sec
[  7] 10.0-12.0 sec  25.4 MBytes   106 Mbits/sec
[  4] 10.0-12.0 sec  14.0 MBytes  58.7 Mbits/sec
[  9] 10.0-12.0 sec  21.5 MBytes  90.2 Mbits/sec
[SUM] 10.0-12.0 sec   222 MBytes   931 Mbits/sec
[  9] 12.0-14.0 sec  20.9 MBytes  87.6 Mbits/sec
[  3] 12.0-14.0 sec  25.4 MBytes   106 Mbits/sec
[  7] 12.0-14.0 sec  25.2 MBytes   106 Mbits/sec
[  8] 12.0-14.0 sec  25.2 MBytes   106 Mbits/sec
[ 11] 12.0-14.0 sec  25.5 MBytes   107 Mbits/sec
[ 12] 12.0-14.0 sec  25.5 MBytes   107 Mbits/sec
[  4] 12.0-14.0 sec  13.6 MBytes  57.1 Mbits/sec
[  5] 12.0-14.0 sec  25.4 MBytes   106 Mbits/sec
[  6] 12.0-14.0 sec  23.4 MBytes  98.0 Mbits/sec
[ 10] 12.0-14.0 sec  12.0 MBytes  50.3 Mbits/sec
[SUM] 12.0-14.0 sec   222 MBytes   932 Mbits/sec
[ 12] 14.0-16.0 sec  25.2 MBytes   106 Mbits/sec
[  3] 14.0-16.0 sec  25.4 MBytes   106 Mbits/sec
[  7] 14.0-16.0 sec  25.2 MBytes   106 Mbits/sec
[  6] 14.0-16.0 sec  23.8 MBytes  99.6 Mbits/sec
[  8] 14.0-16.0 sec  25.4 MBytes   106 Mbits/sec
[  5] 14.0-16.0 sec  25.4 MBytes   106 Mbits/sec
[ 10] 14.0-16.0 sec  12.4 MBytes  51.9 Mbits/sec
[  9] 14.0-16.0 sec  21.5 MBytes  90.2 Mbits/sec
[ 11] 14.0-16.0 sec  25.4 MBytes   106 Mbits/sec
[  4] 14.0-16.0 sec  13.2 MBytes  55.6 Mbits/sec
[SUM] 14.0-16.0 sec   223 MBytes   935 Mbits/sec
[  9] 16.0-18.0 sec  21.2 MBytes  89.1 Mbits/sec
[ 12] 16.0-18.0 sec  25.1 MBytes   105 Mbits/sec
[  4] 16.0-18.0 sec  12.5 MBytes  52.4 Mbits/sec
[  6] 16.0-18.0 sec  23.9 MBytes   100 Mbits/sec
[  8] 16.0-18.0 sec  25.1 MBytes   105 Mbits/sec
[ 11] 16.0-18.0 sec  25.1 MBytes   105 Mbits/sec
[  7] 16.0-18.0 sec  25.4 MBytes   106 Mbits/sec
[  3] 16.0-18.0 sec  25.2 MBytes   106 Mbits/sec
[  5] 16.0-18.0 sec  25.2 MBytes   106 Mbits/sec
[ 10] 16.0-18.0 sec  12.6 MBytes  53.0 Mbits/sec
[SUM] 16.0-18.0 sec   222 MBytes   929 Mbits/sec
[  3]  0.0-19.0 sec   241 MBytes   107 Mbits/sec
[  5]  0.0-19.0 sec   240 MBytes   106 Mbits/sec
[  7]  0.0-19.0 sec   241 MBytes   107 Mbits/sec
[  9]  0.0-19.0 sec   204 MBytes  90.4 Mbits/sec
[  8]  0.0-19.0 sec   237 MBytes   105 Mbits/sec
[  4]  0.0-19.0 sec   136 MBytes  60.0 Mbits/sec
[  6]  0.0-19.0 sec   223 MBytes  98.5 Mbits/sec
[ 10] 18.0-20.0 sec  41.8 MBytes   175 Mbits/sec
[ 10]  0.0-20.0 sec   143 MBytes  59.8 Mbits/sec
[ 11] 18.0-20.0 sec  47.6 MBytes   200 Mbits/sec
[ 11]  0.0-20.0 sec   276 MBytes   116 Mbits/sec
[ 12] 18.0-20.0 sec  49.0 MBytes   206 Mbits/sec
[ 12]  0.0-20.0 sec   277 MBytes   116 Mbits/sec
[SUM]  0.0-20.0 sec  2.17 GBytes   931 Mbits/sec
[  6]  0.0-20.0 sec  1.43 GBytes   615 Mbits/sec
[SUM]  0.0-20.0 sec  19.8 GBytes  8.51 Gbits/sec
