------------------------------------------------------------
Client connecting to 192.168.13.20, TCP port 5001
TCP window size: 85.0 KByte (default)
------------------------------------------------------------
[  7] local 192.168.13.10 port 55188 connected with 192.168.13.20 port 5001
[  5] local 192.168.13.10 port 55184 connected with 192.168.13.20 port 5001
[  3] local 192.168.13.10 port 55182 connected with 192.168.13.20 port 5001
[  4] local 192.168.13.10 port 55186 connected with 192.168.13.20 port 5001
[  6] local 192.168.13.10 port 55190 connected with 192.168.13.20 port 5001
[ ID] Interval       Transfer     Bandwidth
[  7]  0.0- 2.0 sec  39.0 MBytes   164 Mbits/sec
[  3]  0.0- 2.0 sec  74.8 MBytes   314 Mbits/sec
[  6]  0.0- 2.0 sec  36.8 MBytes   154 Mbits/sec
[  5]  0.0- 2.0 sec  37.2 MBytes   156 Mbits/sec
[  4]  0.0- 2.0 sec  39.2 MBytes   165 Mbits/sec
[SUM]  0.0- 2.0 sec   227 MBytes   952 Mbits/sec
[  5]  2.0- 4.0 sec  36.4 MBytes   153 Mbits/sec
[  6]  2.0- 4.0 sec  37.1 MBytes   156 Mbits/sec
[  7]  2.0- 4.0 sec  39.1 MBytes   164 Mbits/sec
[  3]  2.0- 4.0 sec  74.4 MBytes   312 Mbits/sec
[  4]  2.0- 4.0 sec  37.4 MBytes   157 Mbits/sec
[SUM]  2.0- 4.0 sec   224 MBytes   941 Mbits/sec
[  7]  4.0- 6.0 sec  44.4 MBytes   186 Mbits/sec
[  3]  4.0- 6.0 sec  74.4 MBytes   312 Mbits/sec
[  4]  4.0- 6.0 sec  37.6 MBytes   158 Mbits/sec
[  5]  4.0- 6.0 sec  30.4 MBytes   127 Mbits/sec
[  6]  4.0- 6.0 sec  37.4 MBytes   157 Mbits/sec
[SUM]  4.0- 6.0 sec   224 MBytes   940 Mbits/sec
[  3]  6.0- 8.0 sec  74.5 MBytes   312 Mbits/sec
[  4]  6.0- 8.0 sec  38.1 MBytes   160 Mbits/sec
[  6]  6.0- 8.0 sec  36.4 MBytes   153 Mbits/sec
[  7]  6.0- 8.0 sec  45.0 MBytes   189 Mbits/sec
[  5]  6.0- 8.0 sec  30.0 MBytes   126 Mbits/sec
[SUM]  6.0- 8.0 sec   224 MBytes   940 Mbits/sec
[  3]  8.0-10.0 sec  74.4 MBytes   312 Mbits/sec
[  7]  8.0-10.0 sec  44.6 MBytes   187 Mbits/sec
[  5]  8.0-10.0 sec  29.8 MBytes   125 Mbits/sec
[  4]  8.0-10.0 sec  37.6 MBytes   158 Mbits/sec
[  6]  8.0-10.0 sec  37.2 MBytes   156 Mbits/sec
[SUM]  8.0-10.0 sec   224 MBytes   938 Mbits/sec
[  7] 10.0-12.0 sec  45.4 MBytes   190 Mbits/sec
[  5] 10.0-12.0 sec  29.9 MBytes   125 Mbits/sec
[  3] 10.0-12.0 sec  74.4 MBytes   312 Mbits/sec
[  4] 10.0-12.0 sec  38.4 MBytes   161 Mbits/sec
[  6] 10.0-12.0 sec  36.8 MBytes   154 Mbits/sec
[SUM] 10.0-12.0 sec   225 MBytes   943 Mbits/sec
[  3] 12.0-14.0 sec  74.1 MBytes   311 Mbits/sec
[  7] 12.0-14.0 sec  44.8 MBytes   188 Mbits/sec
[  4] 12.0-14.0 sec  37.8 MBytes   158 Mbits/sec
[  6] 12.0-14.0 sec  37.0 MBytes   155 Mbits/sec
[  5] 12.0-14.0 sec  30.0 MBytes   126 Mbits/sec
[SUM] 12.0-14.0 sec   224 MBytes   938 Mbits/sec
[  7] 14.0-16.0 sec  44.6 MBytes   187 Mbits/sec
[  3] 14.0-16.0 sec  74.4 MBytes   312 Mbits/sec
[  4] 14.0-16.0 sec  37.9 MBytes   159 Mbits/sec
[  6] 14.0-16.0 sec  36.8 MBytes   154 Mbits/sec
[  5] 14.0-16.0 sec  30.0 MBytes   126 Mbits/sec
[SUM] 14.0-16.0 sec   224 MBytes   938 Mbits/sec
[  3] 16.0-18.0 sec  74.6 MBytes   313 Mbits/sec
[  4] 16.0-18.0 sec  38.1 MBytes   160 Mbits/sec
[  6] 16.0-18.0 sec  36.8 MBytes   154 Mbits/sec
[  7] 16.0-18.0 sec  45.0 MBytes   189 Mbits/sec
[  5] 16.0-18.0 sec  30.0 MBytes   126 Mbits/sec
[SUM] 16.0-18.0 sec   224 MBytes   942 Mbits/sec
[  3]  0.0-19.0 sec   706 MBytes   312 Mbits/sec
[  5]  0.0-19.0 sec   298 MBytes   132 Mbits/sec
[  4]  0.0-19.0 sec   361 MBytes   159 Mbits/sec
[  7] 18.0-20.0 sec  77.9 MBytes   327 Mbits/sec
[  7]  0.0-20.0 sec   470 MBytes   197 Mbits/sec
[  6] 18.0-20.0 sec  74.2 MBytes   311 Mbits/sec
[  6]  0.0-20.0 sec   406 MBytes   170 Mbits/sec
[SUM]  0.0-20.0 sec  2.19 GBytes   940 Mbits/sec
[  3]  0.0-20.0 sec  5.43 GBytes  2.33 Gbits/sec
[SUM]  0.0-20.0 sec  21.8 GBytes  9.34 Gbits/sec
