------------------------------------------------------------
Client connecting to 192.168.13.20, TCP port 5001
TCP window size: 85.0 KByte (default)
------------------------------------------------------------
[  6] local 192.168.13.10 port 47490 connected with 192.168.13.20 port 5001
[  3] local 192.168.13.10 port 47484 connected with 192.168.13.20 port 5001
[  4] local 192.168.13.10 port 47482 connected with 192.168.13.20 port 5001
[  5] local 192.168.13.10 port 47486 connected with 192.168.13.20 port 5001
[  7] local 192.168.13.10 port 47488 connected with 192.168.13.20 port 5001
[ ID] Interval       Transfer     Bandwidth
[  6]  0.0- 2.0 sec  44.4 MBytes   186 Mbits/sec
[  3]  0.0- 2.0 sec  44.5 MBytes   187 Mbits/sec
[  4]  0.0- 2.0 sec  42.8 MBytes   179 Mbits/sec
[  5]  0.0- 2.0 sec  44.2 MBytes   186 Mbits/sec
[  7]  0.0- 2.0 sec  41.8 MBytes   175 Mbits/sec
[SUM]  0.0- 2.0 sec   218 MBytes   913 Mbits/sec
[  6]  2.0- 4.0 sec  46.1 MBytes   193 Mbits/sec
[  3]  2.0- 4.0 sec  45.2 MBytes   190 Mbits/sec
[  4]  2.0- 4.0 sec  44.5 MBytes   187 Mbits/sec
[  5]  2.0- 4.0 sec  45.4 MBytes   190 Mbits/sec
[  7]  2.0- 4.0 sec  43.5 MBytes   182 Mbits/sec
[SUM]  2.0- 4.0 sec   225 MBytes   943 Mbits/sec
[  3]  4.0- 6.0 sec  44.8 MBytes   188 Mbits/sec
[  6]  4.0- 6.0 sec  45.0 MBytes   189 Mbits/sec
[  4]  4.0- 6.0 sec  44.4 MBytes   186 Mbits/sec
[  5]  4.0- 6.0 sec  44.9 MBytes   188 Mbits/sec
[  7]  4.0- 6.0 sec  44.8 MBytes   188 Mbits/sec
[SUM]  4.0- 6.0 sec   224 MBytes   938 Mbits/sec
[  6]  6.0- 8.0 sec  44.9 MBytes   188 Mbits/sec
[  3]  6.0- 8.0 sec  45.2 MBytes   190 Mbits/sec
[  7]  6.0- 8.0 sec  43.5 MBytes   182 Mbits/sec
[  4]  6.0- 8.0 sec  44.8 MBytes   188 Mbits/sec
[  5]  6.0- 8.0 sec  45.1 MBytes   189 Mbits/sec
[SUM]  6.0- 8.0 sec   224 MBytes   937 Mbits/sec
[  6]  8.0-10.0 sec  45.6 MBytes   191 Mbits/sec
[  3]  8.0-10.0 sec  45.9 MBytes   192 Mbits/sec
[  4]  8.0-10.0 sec  41.4 MBytes   174 Mbits/sec
[  5]  8.0-10.0 sec  45.6 MBytes   191 Mbits/sec
[  7]  8.0-10.0 sec  45.5 MBytes   191 Mbits/sec
[SUM]  8.0-10.0 sec   224 MBytes   940 Mbits/sec
[  7] 10.0-12.0 sec  44.5 MBytes   187 Mbits/sec
[  6] 10.0-12.0 sec  45.0 MBytes   189 Mbits/sec
[  3] 10.0-12.0 sec  44.9 MBytes   188 Mbits/sec
[  4] 10.0-12.0 sec  45.0 MBytes   189 Mbits/sec
[  5] 10.0-12.0 sec  44.6 MBytes   187 Mbits/sec
[SUM] 10.0-12.0 sec   224 MBytes   940 Mbits/sec
[  6] 12.0-14.0 sec  44.6 MBytes   187 Mbits/sec
[  4] 12.0-14.0 sec  44.5 MBytes   187 Mbits/sec
[  7] 12.0-14.0 sec  44.6 MBytes   187 Mbits/sec
[  3] 12.0-14.0 sec  44.9 MBytes   188 Mbits/sec
[  5] 12.0-14.0 sec  44.9 MBytes   188 Mbits/sec
[SUM] 12.0-14.0 sec   224 MBytes   937 Mbits/sec
[  6] 14.0-16.0 sec  44.9 MBytes   188 Mbits/sec
[  3] 14.0-16.0 sec  44.6 MBytes   187 Mbits/sec
[  4] 14.0-16.0 sec  44.8 MBytes   188 Mbits/sec
[  7] 14.0-16.0 sec  44.9 MBytes   188 Mbits/sec
[  5] 14.0-16.0 sec  44.8 MBytes   188 Mbits/sec
[SUM] 14.0-16.0 sec   224 MBytes   939 Mbits/sec
[  3] 16.0-18.0 sec  44.8 MBytes   188 Mbits/sec
[  5] 16.0-18.0 sec  44.9 MBytes   188 Mbits/sec
[  7] 16.0-18.0 sec  44.8 MBytes   188 Mbits/sec
[  6] 16.0-18.0 sec  45.0 MBytes   189 Mbits/sec
[  4] 16.0-18.0 sec  45.1 MBytes   189 Mbits/sec
[SUM] 16.0-18.0 sec   224 MBytes   942 Mbits/sec
[  3]  0.0-20.0 sec   450 MBytes   189 Mbits/sec
[  5]  0.0-20.0 sec   449 MBytes   188 Mbits/sec
[  6] 18.0-20.0 sec  44.8 MBytes   188 Mbits/sec
[  6]  0.0-20.0 sec   450 MBytes   189 Mbits/sec
[  4] 18.0-20.0 sec  44.8 MBytes   188 Mbits/sec
[  4]  0.0-20.0 sec   442 MBytes   185 Mbits/sec
[  7] 18.0-20.0 sec  44.8 MBytes   188 Mbits/sec
[  7]  0.0-20.0 sec   443 MBytes   186 Mbits/sec
[SUM]  0.0-20.0 sec  2.18 GBytes   936 Mbits/sec
