------------------------------------------------------------
Client connecting to 192.168.12.20, TCP port 5001
TCP window size: 85.0 KByte (default)
------------------------------------------------------------
[  7] local 192.168.12.10 port 44316 connected with 192.168.12.20 port 5001
[  3] local 192.168.12.10 port 44308 connected with 192.168.12.20 port 5001
[  4] local 192.168.12.10 port 44310 connected with 192.168.12.20 port 5001
[  5] local 192.168.12.10 port 44312 connected with 192.168.12.20 port 5001
[  6] local 192.168.12.10 port 44314 connected with 192.168.12.20 port 5001
[ ID] Interval       Transfer     Bandwidth
[  7]  0.0- 2.0 sec   393 MBytes  1.65 Gbits/sec
[  5]  0.0- 2.0 sec   386 MBytes  1.62 Gbits/sec
[  3]  0.0- 2.0 sec   386 MBytes  1.62 Gbits/sec
[  4]  0.0- 2.0 sec   391 MBytes  1.64 Gbits/sec
[  6]  0.0- 2.0 sec   378 MBytes  1.59 Gbits/sec
[SUM]  0.0- 2.0 sec  1.89 GBytes  8.11 Gbits/sec
[  7]  2.0- 4.0 sec   392 MBytes  1.64 Gbits/sec
[  3]  2.0- 4.0 sec   391 MBytes  1.64 Gbits/sec
[  4]  2.0- 4.0 sec   391 MBytes  1.64 Gbits/sec
[  5]  2.0- 4.0 sec   391 MBytes  1.64 Gbits/sec
[  6]  2.0- 4.0 sec   391 MBytes  1.64 Gbits/sec
[SUM]  2.0- 4.0 sec  1.91 GBytes  8.21 Gbits/sec
[  7]  4.0- 6.0 sec   388 MBytes  1.63 Gbits/sec
[  3]  4.0- 6.0 sec   393 MBytes  1.65 Gbits/sec
[  4]  4.0- 6.0 sec   393 MBytes  1.65 Gbits/sec
[  5]  4.0- 6.0 sec   393 MBytes  1.65 Gbits/sec
[  6]  4.0- 6.0 sec   388 MBytes  1.63 Gbits/sec
[SUM]  4.0- 6.0 sec  1.91 GBytes  8.20 Gbits/sec
[  7]  6.0- 8.0 sec   392 MBytes  1.64 Gbits/sec
[  3]  6.0- 8.0 sec   391 MBytes  1.64 Gbits/sec
[  4]  6.0- 8.0 sec   392 MBytes  1.64 Gbits/sec
[  5]  6.0- 8.0 sec   391 MBytes  1.64 Gbits/sec
[  6]  6.0- 8.0 sec   391 MBytes  1.64 Gbits/sec
[SUM]  6.0- 8.0 sec  1.91 GBytes  8.21 Gbits/sec
[  7]  8.0-10.0 sec   390 MBytes  1.64 Gbits/sec
[  3]  8.0-10.0 sec   394 MBytes  1.65 Gbits/sec
[  4]  8.0-10.0 sec   394 MBytes  1.65 Gbits/sec
[  5]  8.0-10.0 sec   387 MBytes  1.62 Gbits/sec
[  6]  8.0-10.0 sec   394 MBytes  1.65 Gbits/sec
[SUM]  8.0-10.0 sec  1.91 GBytes  8.21 Gbits/sec
[  7] 10.0-12.0 sec   391 MBytes  1.64 Gbits/sec
[  3] 10.0-12.0 sec   392 MBytes  1.64 Gbits/sec
[  4] 10.0-12.0 sec   392 MBytes  1.64 Gbits/sec
[  5] 10.0-12.0 sec   391 MBytes  1.64 Gbits/sec
[  6] 10.0-12.0 sec   392 MBytes  1.64 Gbits/sec
[SUM] 10.0-12.0 sec  1.91 GBytes  8.21 Gbits/sec
[  7] 12.0-14.0 sec   392 MBytes  1.64 Gbits/sec
[  3] 12.0-14.0 sec   391 MBytes  1.64 Gbits/sec
[  4] 12.0-14.0 sec   392 MBytes  1.64 Gbits/sec
[  5] 12.0-14.0 sec   392 MBytes  1.64 Gbits/sec
[  6] 12.0-14.0 sec   392 MBytes  1.64 Gbits/sec
[SUM] 12.0-14.0 sec  1.91 GBytes  8.21 Gbits/sec
[  7] 14.0-16.0 sec   391 MBytes  1.64 Gbits/sec
[  3] 14.0-16.0 sec   391 MBytes  1.64 Gbits/sec
[  4] 14.0-16.0 sec   391 MBytes  1.64 Gbits/sec
[  5] 14.0-16.0 sec   391 MBytes  1.64 Gbits/sec
[  6] 14.0-16.0 sec   391 MBytes  1.64 Gbits/sec
[SUM] 14.0-16.0 sec  1.91 GBytes  8.21 Gbits/sec
[  7] 16.0-18.0 sec   391 MBytes  1.64 Gbits/sec
[  3] 16.0-18.0 sec   392 MBytes  1.64 Gbits/sec
[  4] 16.0-18.0 sec   392 MBytes  1.64 Gbits/sec
[  5] 16.0-18.0 sec   391 MBytes  1.64 Gbits/sec
[  6] 16.0-18.0 sec   392 MBytes  1.64 Gbits/sec
[SUM] 16.0-18.0 sec  1.91 GBytes  8.21 Gbits/sec
[  3]  0.0-20.0 sec  3.81 GBytes  1.64 Gbits/sec
[  4]  0.0-20.0 sec  3.82 GBytes  1.64 Gbits/sec
[  7] 18.0-20.0 sec   393 MBytes  1.65 Gbits/sec
[  7]  0.0-20.0 sec  3.82 GBytes  1.64 Gbits/sec
[  5] 18.0-20.0 sec   394 MBytes  1.65 Gbits/sec
[  5]  0.0-20.0 sec  3.82 GBytes  1.64 Gbits/sec
[  6]  0.0-20.0 sec  3.81 GBytes  1.64 Gbits/sec
[SUM]  0.0-20.0 sec  19.1 GBytes  8.20 Gbits/sec
