------------------------------------------------------------
Client connecting to 192.168.13.20, TCP port 5001
TCP window size: 85.0 KByte (default)
------------------------------------------------------------
[  6] local 192.168.13.10 port 47576 connected with 192.168.13.20 port 5001
[  3] local 192.168.13.10 port 47568 connected with 192.168.13.20 port 5001
[  4] local 192.168.13.10 port 47570 connected with 192.168.13.20 port 5001
[  5] local 192.168.13.10 port 47572 connected with 192.168.13.20 port 5001
[  7] local 192.168.13.10 port 47574 connected with 192.168.13.20 port 5001
[ ID] Interval       Transfer     Bandwidth
[  6]  0.0- 2.0 sec  28.1 MBytes   118 Mbits/sec
[  3]  0.0- 2.0 sec  62.6 MBytes   263 Mbits/sec
[  5]  0.0- 2.0 sec  48.6 MBytes   204 Mbits/sec
[  7]  0.0- 2.0 sec  56.1 MBytes   235 Mbits/sec
[  4]  0.0- 2.0 sec  28.6 MBytes   120 Mbits/sec
[SUM]  0.0- 2.0 sec   224 MBytes   940 Mbits/sec
[  5]  2.0- 4.0 sec  47.5 MBytes   199 Mbits/sec
[  6]  2.0- 4.0 sec  28.9 MBytes   121 Mbits/sec
[  3]  2.0- 4.0 sec  57.0 MBytes   239 Mbits/sec
[  4]  2.0- 4.0 sec  28.5 MBytes   120 Mbits/sec
[  7]  2.0- 4.0 sec  57.0 MBytes   239 Mbits/sec
[SUM]  2.0- 4.0 sec   219 MBytes   918 Mbits/sec
[  7]  4.0- 6.0 sec  57.2 MBytes   240 Mbits/sec
[  6]  4.0- 6.0 sec  28.8 MBytes   121 Mbits/sec
[  3]  4.0- 6.0 sec  57.4 MBytes   241 Mbits/sec
[  4]  4.0- 6.0 sec  28.8 MBytes   121 Mbits/sec
[  5]  4.0- 6.0 sec  47.9 MBytes   201 Mbits/sec
[SUM]  4.0- 6.0 sec   220 MBytes   923 Mbits/sec
[  6]  6.0- 8.0 sec  28.8 MBytes   121 Mbits/sec
[  7]  6.0- 8.0 sec  57.9 MBytes   243 Mbits/sec
[  3]  6.0- 8.0 sec  57.9 MBytes   243 Mbits/sec
[  5]  6.0- 8.0 sec  45.9 MBytes   192 Mbits/sec
[  4]  6.0- 8.0 sec  29.1 MBytes   122 Mbits/sec
[SUM]  6.0- 8.0 sec   220 MBytes   921 Mbits/sec
[  6]  8.0-10.0 sec  26.9 MBytes   113 Mbits/sec
[  5]  8.0-10.0 sec  46.1 MBytes   193 Mbits/sec
[  3]  8.0-10.0 sec  57.6 MBytes   242 Mbits/sec
[  4]  8.0-10.0 sec  32.5 MBytes   136 Mbits/sec
[  7]  8.0-10.0 sec  58.1 MBytes   244 Mbits/sec
[SUM]  8.0-10.0 sec   221 MBytes   928 Mbits/sec
[  3] 10.0-12.0 sec  57.4 MBytes   241 Mbits/sec
[  4] 10.0-12.0 sec  34.5 MBytes   145 Mbits/sec
[  5] 10.0-12.0 sec  46.5 MBytes   195 Mbits/sec
[  7] 10.0-12.0 sec  57.4 MBytes   241 Mbits/sec
[  6] 10.0-12.0 sec  23.4 MBytes  98.0 Mbits/sec
[SUM] 10.0-12.0 sec   219 MBytes   919 Mbits/sec
[  3] 12.0-14.0 sec  57.9 MBytes   243 Mbits/sec
[  4] 12.0-14.0 sec  35.0 MBytes   147 Mbits/sec
[  6] 12.0-14.0 sec  23.1 MBytes  97.0 Mbits/sec
[  5] 12.0-14.0 sec  46.1 MBytes   193 Mbits/sec
[  7] 12.0-14.0 sec  58.1 MBytes   244 Mbits/sec
[SUM] 12.0-14.0 sec   220 MBytes   924 Mbits/sec
[  3] 14.0-16.0 sec  57.6 MBytes   242 Mbits/sec
[  5] 14.0-16.0 sec  46.1 MBytes   193 Mbits/sec
[  7] 14.0-16.0 sec  57.5 MBytes   241 Mbits/sec
[  6] 14.0-16.0 sec  23.2 MBytes  97.5 Mbits/sec
[  4] 14.0-16.0 sec  35.0 MBytes   147 Mbits/sec
[SUM] 14.0-16.0 sec   220 MBytes   921 Mbits/sec
[  7] 16.0-18.0 sec  57.5 MBytes   241 Mbits/sec
[  3] 16.0-18.0 sec  58.0 MBytes   243 Mbits/sec
[  5] 16.0-18.0 sec  46.0 MBytes   193 Mbits/sec
[  6] 16.0-18.0 sec  23.1 MBytes  97.0 Mbits/sec
[  4] 16.0-18.0 sec  34.9 MBytes   146 Mbits/sec
[SUM] 16.0-18.0 sec   220 MBytes   921 Mbits/sec
[  5] 18.0-20.0 sec  45.8 MBytes   192 Mbits/sec
[  5]  0.0-20.0 sec   467 MBytes   196 Mbits/sec
[  7] 18.0-20.0 sec  57.9 MBytes   243 Mbits/sec
[  7]  0.0-20.0 sec   575 MBytes   241 Mbits/sec
[  3] 18.0-20.0 sec  57.8 MBytes   242 Mbits/sec
[  3]  0.0-20.0 sec   581 MBytes   244 Mbits/sec
[  6] 18.0-20.0 sec  23.2 MBytes  97.5 Mbits/sec
[  6]  0.0-20.0 sec   258 MBytes   108 Mbits/sec
[  4] 18.0-20.0 sec  34.9 MBytes   146 Mbits/sec
[SUM] 18.0-20.0 sec   220 MBytes   921 Mbits/sec
[  4]  0.0-20.0 sec   322 MBytes   135 Mbits/sec
[SUM]  0.0-20.0 sec  2.15 GBytes   922 Mbits/sec
