------------------------------------------------------------
Client connecting to 192.168.12.20, TCP port 5001
TCP window size: 85.0 KByte (default)
------------------------------------------------------------
[  9] local 192.168.12.10 port 51810 connected with 192.168.12.20 port 5001
[  3] local 192.168.12.10 port 51800 connected with 192.168.12.20 port 5001
[ 10] local 192.168.12.10 port 51814 connected with 192.168.12.20 port 5001
[  4] local 192.168.12.10 port 51802 connected with 192.168.12.20 port 5001
[  5] local 192.168.12.10 port 51808 connected with 192.168.12.20 port 5001
[  6] local 192.168.12.10 port 51804 connected with 192.168.12.20 port 5001
[  7] local 192.168.12.10 port 51806 connected with 192.168.12.20 port 5001
[  8] local 192.168.12.10 port 51812 connected with 192.168.12.20 port 5001
[ 11] local 192.168.12.10 port 51816 connected with 192.168.12.20 port 5001
[ 12] local 192.168.12.10 port 51818 connected with 192.168.12.20 port 5001
[ ID] Interval       Transfer     Bandwidth
[  9]  0.0- 1.0 sec  63.2 MBytes   531 Mbits/sec
[  3]  0.0- 1.0 sec  88.9 MBytes   746 Mbits/sec
[ 10]  0.0- 1.0 sec   216 MBytes  1.81 Gbits/sec
[  4]  0.0- 1.0 sec  92.6 MBytes   777 Mbits/sec
[  5]  0.0- 1.0 sec  97.1 MBytes   815 Mbits/sec
[  6]  0.0- 1.0 sec   131 MBytes  1.10 Gbits/sec
[  7]  0.0- 1.0 sec   176 MBytes  1.48 Gbits/sec
[  8]  0.0- 1.0 sec   112 MBytes   938 Mbits/sec
[ 11]  0.0- 1.0 sec  67.1 MBytes   563 Mbits/sec
[ 12]  0.0- 1.0 sec  88.2 MBytes   740 Mbits/sec
[SUM]  0.0- 1.0 sec  1.10 GBytes  9.49 Gbits/sec
[  9]  1.0- 2.0 sec  69.1 MBytes   580 Mbits/sec
[  5]  1.0- 2.0 sec  88.1 MBytes   739 Mbits/sec
[  6]  1.0- 2.0 sec   118 MBytes   987 Mbits/sec
[  7]  1.0- 2.0 sec   186 MBytes  1.56 Gbits/sec
[ 11]  1.0- 2.0 sec  85.0 MBytes   713 Mbits/sec
[ 12]  1.0- 2.0 sec  85.6 MBytes   718 Mbits/sec
[  3]  1.0- 2.0 sec   101 MBytes   844 Mbits/sec
[ 10]  1.0- 2.0 sec   186 MBytes  1.56 Gbits/sec
[  4]  1.0- 2.0 sec  99.4 MBytes   834 Mbits/sec
[  8]  1.0- 2.0 sec   102 MBytes   858 Mbits/sec
[SUM]  1.0- 2.0 sec  1.09 GBytes  9.40 Gbits/sec
[  7]  2.0- 3.0 sec   215 MBytes  1.80 Gbits/sec
[  9]  2.0- 3.0 sec  88.2 MBytes   740 Mbits/sec
[  3]  2.0- 3.0 sec   116 MBytes   976 Mbits/sec
[  4]  2.0- 3.0 sec   119 MBytes  1.00 Gbits/sec
[  5]  2.0- 3.0 sec   104 MBytes   875 Mbits/sec
[  6]  2.0- 3.0 sec   135 MBytes  1.13 Gbits/sec
[  8]  2.0- 3.0 sec   119 MBytes   997 Mbits/sec
[ 11]  2.0- 3.0 sec   104 MBytes   871 Mbits/sec
[ 12]  2.0- 3.0 sec  98.2 MBytes   824 Mbits/sec
[  9]  3.0- 4.0 sec   129 MBytes  1.08 Gbits/sec
[  3]  3.0- 4.0 sec   159 MBytes  1.34 Gbits/sec
[  6]  3.0- 4.0 sec   164 MBytes  1.37 Gbits/sec
[  7]  3.0- 4.0 sec   168 MBytes  1.41 Gbits/sec
[  8]  3.0- 4.0 sec   142 MBytes  1.19 Gbits/sec
[ 11]  3.0- 4.0 sec   138 MBytes  1.15 Gbits/sec
[ 12]  3.0- 4.0 sec   148 MBytes  1.24 Gbits/sec
[  9]  4.0- 5.0 sec   160 MBytes  1.35 Gbits/sec
[  3]  4.0- 5.0 sec   161 MBytes  1.35 Gbits/sec
[  6]  4.0- 5.0 sec   159 MBytes  1.34 Gbits/sec
[  7]  4.0- 5.0 sec   159 MBytes  1.33 Gbits/sec
[  8]  4.0- 5.0 sec   160 MBytes  1.35 Gbits/sec
[ 11]  4.0- 5.0 sec   160 MBytes  1.34 Gbits/sec
[ 12]  4.0- 5.0 sec   159 MBytes  1.33 Gbits/sec
[  8]  5.0- 6.0 sec   160 MBytes  1.34 Gbits/sec
[ 12]  5.0- 6.0 sec   159 MBytes  1.33 Gbits/sec
[  9]  5.0- 6.0 sec   160 MBytes  1.35 Gbits/sec
[  3]  5.0- 6.0 sec   161 MBytes  1.35 Gbits/sec
[  6]  5.0- 6.0 sec   160 MBytes  1.35 Gbits/sec
[ 11]  5.0- 6.0 sec   160 MBytes  1.34 Gbits/sec
[  7]  5.0- 6.0 sec   160 MBytes  1.34 Gbits/sec
[  3]  6.0- 7.0 sec   183 MBytes  1.53 Gbits/sec
[  7]  6.0- 7.0 sec   181 MBytes  1.52 Gbits/sec
[  8]  6.0- 7.0 sec   184 MBytes  1.54 Gbits/sec
[ 11]  6.0- 7.0 sec   183 MBytes  1.53 Gbits/sec
[ 12]  6.0- 7.0 sec   202 MBytes  1.69 Gbits/sec
[  5]  3.0- 4.0 sec  34.0 MBytes   285 Mbits/sec
[  5]  4.0- 5.0 sec  0.00 Bytes  0.00 bits/sec
[  5]  5.0- 6.0 sec  0.00 Bytes  0.00 bits/sec
[  5]  6.0- 7.0 sec  0.00 Bytes  0.00 bits/sec
[  4]  3.0- 4.0 sec  38.6 MBytes   324 Mbits/sec
[  4]  4.0- 5.0 sec  0.00 Bytes  0.00 bits/sec
[  4]  5.0- 6.0 sec  0.00 Bytes  0.00 bits/sec
[  4]  6.0- 7.0 sec  0.00 Bytes  0.00 bits/sec
[  6]  6.0- 7.0 sec  93.2 MBytes   782 Mbits/sec
[  9]  6.0- 7.0 sec  94.5 MBytes   793 Mbits/sec
[  3]  7.0- 8.0 sec   115 MBytes   964 Mbits/sec
[  4]  7.0- 8.0 sec   172 MBytes  1.44 Gbits/sec
[  5]  7.0- 8.0 sec   172 MBytes  1.44 Gbits/sec
[  6]  7.0- 8.0 sec   140 MBytes  1.17 Gbits/sec
[  7]  7.0- 8.0 sec   115 MBytes   963 Mbits/sec
[  8]  7.0- 8.0 sec   111 MBytes   934 Mbits/sec
[ 12]  7.0- 8.0 sec   110 MBytes   922 Mbits/sec
[  9]  7.0- 8.0 sec  75.2 MBytes   631 Mbits/sec
[ 11]  7.0- 8.0 sec   109 MBytes   918 Mbits/sec
[  9]  8.0- 9.0 sec   104 MBytes   868 Mbits/sec
[  3]  8.0- 9.0 sec   102 MBytes   855 Mbits/sec
[  4]  8.0- 9.0 sec   186 MBytes  1.56 Gbits/sec
[  5]  8.0- 9.0 sec   186 MBytes  1.56 Gbits/sec
[  6]  8.0- 9.0 sec   186 MBytes  1.56 Gbits/sec
[  7]  8.0- 9.0 sec  83.2 MBytes   698 Mbits/sec
[  8]  8.0- 9.0 sec  96.0 MBytes   805 Mbits/sec
[ 11]  8.0- 9.0 sec  91.5 MBytes   768 Mbits/sec
[ 12]  8.0- 9.0 sec  85.6 MBytes   718 Mbits/sec
[  3]  9.0-10.0 sec   102 MBytes   854 Mbits/sec
[  4]  9.0-10.0 sec   186 MBytes  1.56 Gbits/sec
[  5]  9.0-10.0 sec   185 MBytes  1.55 Gbits/sec
[  6]  9.0-10.0 sec   187 MBytes  1.57 Gbits/sec
[  7]  9.0-10.0 sec  75.4 MBytes   632 Mbits/sec
[ 12]  9.0-10.0 sec  85.4 MBytes   716 Mbits/sec
[  9]  9.0-10.0 sec   113 MBytes   946 Mbits/sec
[  8]  9.0-10.0 sec  94.9 MBytes   796 Mbits/sec
[ 11]  9.0-10.0 sec  92.6 MBytes   777 Mbits/sec
[  3] 10.0-11.0 sec   103 MBytes   867 Mbits/sec
[  4] 10.0-11.0 sec   185 MBytes  1.55 Gbits/sec
[  5] 10.0-11.0 sec   178 MBytes  1.49 Gbits/sec
[  6] 10.0-11.0 sec   188 MBytes  1.58 Gbits/sec
[  9] 10.0-11.0 sec   113 MBytes   947 Mbits/sec
[  7] 10.0-11.0 sec  76.4 MBytes   641 Mbits/sec
[  8] 10.0-11.0 sec  96.1 MBytes   806 Mbits/sec
[ 11] 10.0-11.0 sec  92.8 MBytes   778 Mbits/sec
[ 12] 10.0-11.0 sec  86.0 MBytes   721 Mbits/sec
[  3] 11.0-12.0 sec   103 MBytes   866 Mbits/sec
[ 12] 11.0-12.0 sec  86.1 MBytes   722 Mbits/sec
[  9] 11.0-12.0 sec   113 MBytes   949 Mbits/sec
[  4] 11.0-12.0 sec   184 MBytes  1.55 Gbits/sec
[  5] 11.0-12.0 sec   177 MBytes  1.49 Gbits/sec
[  6] 11.0-12.0 sec   188 MBytes  1.58 Gbits/sec
[  7] 11.0-12.0 sec  76.9 MBytes   645 Mbits/sec
[  8] 11.0-12.0 sec  96.1 MBytes   806 Mbits/sec
[ 11] 11.0-12.0 sec  93.8 MBytes   786 Mbits/sec
[  3] 12.0-13.0 sec   103 MBytes   863 Mbits/sec
[  4] 12.0-13.0 sec   180 MBytes  1.51 Gbits/sec
[  5] 12.0-13.0 sec   184 MBytes  1.55 Gbits/sec
[  6] 12.0-13.0 sec   188 MBytes  1.58 Gbits/sec
[  7] 12.0-13.0 sec  76.8 MBytes   644 Mbits/sec
[  8] 12.0-13.0 sec  95.4 MBytes   800 Mbits/sec
[ 11] 12.0-13.0 sec  92.4 MBytes   775 Mbits/sec
[ 12] 12.0-13.0 sec  86.8 MBytes   728 Mbits/sec
[  9] 12.0-13.0 sec   112 MBytes   941 Mbits/sec
[  3] 13.0-14.0 sec   108 MBytes   902 Mbits/sec
[  9] 13.0-14.0 sec   113 MBytes   949 Mbits/sec
[  4] 13.0-14.0 sec   164 MBytes  1.38 Gbits/sec
[  5] 13.0-14.0 sec   188 MBytes  1.57 Gbits/sec
[  6] 13.0-14.0 sec   187 MBytes  1.57 Gbits/sec
[  7] 13.0-14.0 sec  82.0 MBytes   688 Mbits/sec
[  8] 13.0-14.0 sec  98.8 MBytes   828 Mbits/sec
[ 11] 13.0-14.0 sec  95.9 MBytes   804 Mbits/sec
[ 12] 13.0-14.0 sec  84.1 MBytes   706 Mbits/sec
[  9] 14.0-15.0 sec   114 MBytes   954 Mbits/sec
[  3] 14.0-15.0 sec   146 MBytes  1.23 Gbits/sec
[  5] 14.0-15.0 sec   213 MBytes  1.78 Gbits/sec
[  6] 14.0-15.0 sec   213 MBytes  1.78 Gbits/sec
[  7] 14.0-15.0 sec   101 MBytes   849 Mbits/sec
[  8] 14.0-15.0 sec   108 MBytes   908 Mbits/sec
[ 11] 14.0-15.0 sec   108 MBytes   905 Mbits/sec
[  4] 14.0-15.0 sec  73.9 MBytes   620 Mbits/sec
[ 12] 14.0-15.0 sec  42.4 MBytes   355 Mbits/sec
[  3] 15.0-16.0 sec   155 MBytes  1.30 Gbits/sec
[  5] 15.0-16.0 sec   214 MBytes  1.79 Gbits/sec
[  6] 15.0-16.0 sec   214 MBytes  1.79 Gbits/sec
[  7] 15.0-16.0 sec   101 MBytes   849 Mbits/sec
[  8] 15.0-16.0 sec   108 MBytes   904 Mbits/sec
[  9] 15.0-16.0 sec   116 MBytes   974 Mbits/sec
[  4] 15.0-16.0 sec  65.5 MBytes   549 Mbits/sec
[ 11] 15.0-16.0 sec   108 MBytes   905 Mbits/sec
[ 12] 15.0-16.0 sec  37.0 MBytes   310 Mbits/sec
[  3] 16.0-17.0 sec   151 MBytes  1.26 Gbits/sec
[  6] 16.0-17.0 sec   213 MBytes  1.78 Gbits/sec
[  7] 16.0-17.0 sec   103 MBytes   861 Mbits/sec
[ 11] 16.0-17.0 sec   106 MBytes   893 Mbits/sec
[  9] 16.0-17.0 sec   113 MBytes   949 Mbits/sec
[  4] 16.0-17.0 sec  71.8 MBytes   602 Mbits/sec
[  5] 16.0-17.0 sec   213 MBytes  1.79 Gbits/sec
[  8] 16.0-17.0 sec   108 MBytes   906 Mbits/sec
[ 12] 16.0-17.0 sec  38.1 MBytes   320 Mbits/sec
[  9] 17.0-18.0 sec   113 MBytes   949 Mbits/sec
[  3] 17.0-18.0 sec   151 MBytes  1.27 Gbits/sec
[  4] 17.0-18.0 sec  77.0 MBytes   646 Mbits/sec
[  5] 17.0-18.0 sec   212 MBytes  1.77 Gbits/sec
[  6] 17.0-18.0 sec   213 MBytes  1.79 Gbits/sec
[  7] 17.0-18.0 sec   103 MBytes   861 Mbits/sec
[  8] 17.0-18.0 sec   108 MBytes   903 Mbits/sec
[ 11] 17.0-18.0 sec   107 MBytes   898 Mbits/sec
[ 12] 17.0-18.0 sec  37.6 MBytes   316 Mbits/sec
[  9] 18.0-19.0 sec   112 MBytes   943 Mbits/sec
[  3] 18.0-19.0 sec   146 MBytes  1.22 Gbits/sec
[  4] 18.0-19.0 sec  85.6 MBytes   718 Mbits/sec
[  5] 18.0-19.0 sec   210 MBytes  1.76 Gbits/sec
[  6] 18.0-19.0 sec   211 MBytes  1.77 Gbits/sec
[  7] 18.0-19.0 sec   102 MBytes   856 Mbits/sec
[  8] 18.0-19.0 sec   108 MBytes   902 Mbits/sec
[ 11] 18.0-19.0 sec   106 MBytes   891 Mbits/sec
[ 12] 18.0-19.0 sec  36.9 MBytes   309 Mbits/sec
[  3]  0.0-19.0 sec  2.40 GBytes  1.08 Gbits/sec
[  5]  0.0-19.0 sec  2.60 GBytes  1.17 Gbits/sec
[  6]  0.0-19.0 sec  3.21 GBytes  1.45 Gbits/sec
[  7]  0.0-19.0 sec  2.29 GBytes  1.03 Gbits/sec
[  4]  0.0-19.0 sec  1.94 GBytes   875 Mbits/sec
[  9]  0.0-20.0 sec  2.32 GBytes   995 Mbits/sec
[ 12] 19.0-20.0 sec   404 MBytes  3.39 Gbits/sec
[ 12]  0.0-20.0 sec  2.11 GBytes   906 Mbits/sec
[  8] 19.0-20.0 sec   202 MBytes  1.70 Gbits/sec
[  8]  0.0-20.0 sec  2.35 GBytes  1.01 Gbits/sec
[ 11] 19.0-20.0 sec   202 MBytes  1.70 Gbits/sec
[ 11]  0.0-20.0 sec  2.25 GBytes   966 Mbits/sec
