------------------------------------------------------------
Client connecting to 192.168.12.20, TCP port 5001
TCP window size: 85.0 KByte (default)
------------------------------------------------------------
[  7] local 192.168.12.10 port 51784 connected with 192.168.12.20 port 5001
[  3] local 192.168.12.10 port 51776 connected with 192.168.12.20 port 5001
[  5] local 192.168.12.10 port 51778 connected with 192.168.12.20 port 5001
[  4] local 192.168.12.10 port 51780 connected with 192.168.12.20 port 5001
[  6] local 192.168.12.10 port 51782 connected with 192.168.12.20 port 5001
[ ID] Interval       Transfer     Bandwidth
[  7]  0.0- 1.0 sec   211 MBytes  1.77 Gbits/sec
[  3]  0.0- 1.0 sec  90.2 MBytes   757 Mbits/sec
[  5]  0.0- 1.0 sec   178 MBytes  1.50 Gbits/sec
[  4]  0.0- 1.0 sec   182 MBytes  1.52 Gbits/sec
[  6]  0.0- 1.0 sec   375 MBytes  3.15 Gbits/sec
[SUM]  0.0- 1.0 sec  1.01 GBytes  8.69 Gbits/sec
[  3]  1.0- 2.0 sec  88.8 MBytes   744 Mbits/sec
[  7]  1.0- 2.0 sec   213 MBytes  1.79 Gbits/sec
[  5]  1.0- 2.0 sec   213 MBytes  1.78 Gbits/sec
[  4]  1.0- 2.0 sec   213 MBytes  1.79 Gbits/sec
[  6]  1.0- 2.0 sec   331 MBytes  2.78 Gbits/sec
[SUM]  1.0- 2.0 sec  1.03 GBytes  8.88 Gbits/sec
[  7]  2.0- 3.0 sec   214 MBytes  1.79 Gbits/sec
[  3]  2.0- 3.0 sec  91.5 MBytes   768 Mbits/sec
[  5]  2.0- 3.0 sec   212 MBytes  1.78 Gbits/sec
[  4]  2.0- 3.0 sec   211 MBytes  1.77 Gbits/sec
[  6]  2.0- 3.0 sec   344 MBytes  2.88 Gbits/sec
[SUM]  2.0- 3.0 sec  1.05 GBytes  8.99 Gbits/sec
[  7]  3.0- 4.0 sec   214 MBytes  1.79 Gbits/sec
[  5]  3.0- 4.0 sec   212 MBytes  1.78 Gbits/sec
[  4]  3.0- 4.0 sec   213 MBytes  1.78 Gbits/sec
[  6]  3.0- 4.0 sec   363 MBytes  3.05 Gbits/sec
[  3]  3.0- 4.0 sec  89.9 MBytes   754 Mbits/sec
[SUM]  3.0- 4.0 sec  1.07 GBytes  9.16 Gbits/sec
[  7]  4.0- 5.0 sec   220 MBytes  1.85 Gbits/sec
[  3]  4.0- 5.0 sec  80.8 MBytes   677 Mbits/sec
[  5]  4.0- 5.0 sec   218 MBytes  1.83 Gbits/sec
[  4]  4.0- 5.0 sec   217 MBytes  1.82 Gbits/sec
[  6]  4.0- 5.0 sec   357 MBytes  2.99 Gbits/sec
[SUM]  4.0- 5.0 sec  1.07 GBytes  9.16 Gbits/sec
[  7]  5.0- 6.0 sec   210 MBytes  1.76 Gbits/sec
[  3]  5.0- 6.0 sec  89.4 MBytes   750 Mbits/sec
[  5]  5.0- 6.0 sec   208 MBytes  1.74 Gbits/sec
[  4]  5.0- 6.0 sec   208 MBytes  1.74 Gbits/sec
[  6]  5.0- 6.0 sec   368 MBytes  3.09 Gbits/sec
[SUM]  5.0- 6.0 sec  1.06 GBytes  9.09 Gbits/sec
[  7]  6.0- 7.0 sec   207 MBytes  1.73 Gbits/sec
[  3]  6.0- 7.0 sec  88.5 MBytes   742 Mbits/sec
[  5]  6.0- 7.0 sec   205 MBytes  1.72 Gbits/sec
[  4]  6.0- 7.0 sec   204 MBytes  1.71 Gbits/sec
[  6]  6.0- 7.0 sec   378 MBytes  3.17 Gbits/sec
[SUM]  6.0- 7.0 sec  1.06 GBytes  9.08 Gbits/sec
[  7]  7.0- 8.0 sec   205 MBytes  1.72 Gbits/sec
[  3]  7.0- 8.0 sec  93.0 MBytes   780 Mbits/sec
[  5]  7.0- 8.0 sec   203 MBytes  1.71 Gbits/sec
[  4]  7.0- 8.0 sec   203 MBytes  1.70 Gbits/sec
[  6]  7.0- 8.0 sec   385 MBytes  3.23 Gbits/sec
[SUM]  7.0- 8.0 sec  1.06 GBytes  9.14 Gbits/sec
[  7]  8.0- 9.0 sec   220 MBytes  1.85 Gbits/sec
[  3]  8.0- 9.0 sec   130 MBytes  1.09 Gbits/sec
[  5]  8.0- 9.0 sec   219 MBytes  1.84 Gbits/sec
[  4]  8.0- 9.0 sec   218 MBytes  1.83 Gbits/sec
[  6]  8.0- 9.0 sec   317 MBytes  2.66 Gbits/sec
[SUM]  8.0- 9.0 sec  1.08 GBytes  9.27 Gbits/sec
[  7]  9.0-10.0 sec   235 MBytes  1.97 Gbits/sec
[  3]  9.0-10.0 sec   160 MBytes  1.34 Gbits/sec
[  5]  9.0-10.0 sec   232 MBytes  1.95 Gbits/sec
[  4]  9.0-10.0 sec   234 MBytes  1.97 Gbits/sec
[  6]  9.0-10.0 sec   257 MBytes  2.15 Gbits/sec
[SUM]  9.0-10.0 sec  1.09 GBytes  9.38 Gbits/sec
[  7] 10.0-11.0 sec   216 MBytes  1.81 Gbits/sec
[  3] 10.0-11.0 sec   142 MBytes  1.19 Gbits/sec
[  5] 10.0-11.0 sec   217 MBytes  1.82 Gbits/sec
[  4] 10.0-11.0 sec   215 MBytes  1.80 Gbits/sec
[  6] 10.0-11.0 sec   325 MBytes  2.73 Gbits/sec
[SUM] 10.0-11.0 sec  1.09 GBytes  9.35 Gbits/sec
[  3] 11.0-12.0 sec   137 MBytes  1.15 Gbits/sec
[  6] 11.0-12.0 sec   351 MBytes  2.94 Gbits/sec
[  7] 11.0-12.0 sec   211 MBytes  1.77 Gbits/sec
[  5] 11.0-12.0 sec   212 MBytes  1.78 Gbits/sec
[  4] 11.0-12.0 sec   211 MBytes  1.77 Gbits/sec
[SUM] 11.0-12.0 sec  1.10 GBytes  9.41 Gbits/sec
[  3] 12.0-13.0 sec   143 MBytes  1.20 Gbits/sec
[  7] 12.0-13.0 sec   215 MBytes  1.80 Gbits/sec
[  5] 12.0-13.0 sec   214 MBytes  1.80 Gbits/sec
[  4] 12.0-13.0 sec   213 MBytes  1.79 Gbits/sec
[  6] 12.0-13.0 sec   334 MBytes  2.80 Gbits/sec
[SUM] 12.0-13.0 sec  1.09 GBytes  9.38 Gbits/sec
[  7] 13.0-14.0 sec   222 MBytes  1.87 Gbits/sec
[  3] 13.0-14.0 sec   152 MBytes  1.28 Gbits/sec
[  5] 13.0-14.0 sec   225 MBytes  1.89 Gbits/sec
[  4] 13.0-14.0 sec   224 MBytes  1.88 Gbits/sec
[  6] 13.0-14.0 sec   300 MBytes  2.52 Gbits/sec
[SUM] 13.0-14.0 sec  1.10 GBytes  9.43 Gbits/sec
[  7] 14.0-15.0 sec   224 MBytes  1.88 Gbits/sec
[  3] 14.0-15.0 sec   223 MBytes  1.87 Gbits/sec
[  5] 14.0-15.0 sec   223 MBytes  1.87 Gbits/sec
[  4] 14.0-15.0 sec   224 MBytes  1.88 Gbits/sec
[  6] 14.0-15.0 sec   225 MBytes  1.88 Gbits/sec
[SUM] 14.0-15.0 sec  1.09 GBytes  9.39 Gbits/sec
[  7] 15.0-16.0 sec   235 MBytes  1.97 Gbits/sec
[  3] 15.0-16.0 sec   236 MBytes  1.98 Gbits/sec
[  5] 15.0-16.0 sec   236 MBytes  1.98 Gbits/sec
[  4] 15.0-16.0 sec   236 MBytes  1.98 Gbits/sec
[  6] 15.0-16.0 sec   177 MBytes  1.48 Gbits/sec
[SUM] 15.0-16.0 sec  1.09 GBytes  9.40 Gbits/sec
[  7] 16.0-17.0 sec   236 MBytes  1.98 Gbits/sec
[  3] 16.0-17.0 sec   236 MBytes  1.98 Gbits/sec
[  5] 16.0-17.0 sec   236 MBytes  1.98 Gbits/sec
[  4] 16.0-17.0 sec   236 MBytes  1.98 Gbits/sec
[  6] 16.0-17.0 sec   178 MBytes  1.49 Gbits/sec
[SUM] 16.0-17.0 sec  1.09 GBytes  9.40 Gbits/sec
[  7] 17.0-18.0 sec   223 MBytes  1.87 Gbits/sec
[  3] 17.0-18.0 sec   224 MBytes  1.88 Gbits/sec
[  4] 17.0-18.0 sec   223 MBytes  1.87 Gbits/sec
[  5] 17.0-18.0 sec   224 MBytes  1.88 Gbits/sec
[  6] 17.0-18.0 sec   224 MBytes  1.88 Gbits/sec
[SUM] 17.0-18.0 sec  1.09 GBytes  9.38 Gbits/sec
[  7] 18.0-19.0 sec   224 MBytes  1.88 Gbits/sec
[  3] 18.0-19.0 sec   223 MBytes  1.87 Gbits/sec
[  5] 18.0-19.0 sec   223 MBytes  1.87 Gbits/sec
[  4] 18.0-19.0 sec   224 MBytes  1.88 Gbits/sec
[  6] 18.0-19.0 sec   224 MBytes  1.88 Gbits/sec
[SUM] 18.0-19.0 sec  1.09 GBytes  9.38 Gbits/sec
[  3]  0.0-20.0 sec  2.87 GBytes  1.23 Gbits/sec
[  6]  0.0-20.0 sec  5.89 GBytes  2.53 Gbits/sec
[  7] 19.0-20.0 sec   225 MBytes  1.89 Gbits/sec
[  7]  0.0-20.0 sec  4.28 GBytes  1.83 Gbits/sec
[  5] 19.0-20.0 sec   224 MBytes  1.87 Gbits/sec
[  5]  0.0-20.0 sec  4.23 GBytes  1.82 Gbits/sec
[  4] 19.0-20.0 sec   224 MBytes  1.88 Gbits/sec
[  4]  0.0-20.0 sec  4.23 GBytes  1.82 Gbits/sec
[SUM]  0.0-20.0 sec  21.5 GBytes  9.22 Gbits/sec
