------------------------------------------------------------
Client connecting to 192.168.12.20, TCP port 5001
TCP window size: 85.0 KByte (default)
------------------------------------------------------------
[  4] local 192.168.12.10 port 51872 connected with 192.168.12.20 port 5001
[ 12] local 192.168.12.10 port 51910 connected with 192.168.12.20 port 5001
[  5] local 192.168.12.10 port 51876 connected with 192.168.12.20 port 5001
[  6] local 192.168.12.10 port 51898 connected with 192.168.12.20 port 5001
[  7] local 192.168.12.10 port 51900 connected with 192.168.12.20 port 5001
[  9] local 192.168.12.10 port 51902 connected with 192.168.12.20 port 5001
[  8] local 192.168.12.10 port 51904 connected with 192.168.12.20 port 5001
[ 10] local 192.168.12.10 port 51906 connected with 192.168.12.20 port 5001
[ 11] local 192.168.12.10 port 51908 connected with 192.168.12.20 port 5001
[  3] local 192.168.12.10 port 51874 connected with 192.168.12.20 port 5001
[ ID] Interval       Transfer     Bandwidth
[  6]  0.0- 2.0 sec   195 MBytes   818 Mbits/sec
[  3]  0.0- 2.0 sec   209 MBytes   878 Mbits/sec
[  4]  0.0- 2.0 sec   173 MBytes   725 Mbits/sec
[ 12]  0.0- 2.0 sec   161 MBytes   675 Mbits/sec
[  5]  0.0- 2.0 sec   136 MBytes   568 Mbits/sec
[  7]  0.0- 2.0 sec   465 MBytes  1.95 Gbits/sec
[  9]  0.0- 2.0 sec   468 MBytes  1.96 Gbits/sec
[  8]  0.0- 2.0 sec   211 MBytes   887 Mbits/sec
[ 10]  0.0- 2.0 sec   149 MBytes   627 Mbits/sec
[ 11]  0.0- 2.0 sec  82.6 MBytes   347 Mbits/sec
[SUM]  0.0- 2.0 sec  2.20 GBytes  9.44 Gbits/sec
[  6]  2.0- 4.0 sec   223 MBytes   935 Mbits/sec
[  7]  2.0- 4.0 sec   433 MBytes  1.82 Gbits/sec
[  9]  2.0- 4.0 sec   453 MBytes  1.90 Gbits/sec
[  8]  2.0- 4.0 sec   225 MBytes   944 Mbits/sec
[  3]  2.0- 4.0 sec   214 MBytes   899 Mbits/sec
[ 12]  2.0- 4.0 sec  40.1 MBytes   168 Mbits/sec
[  5]  2.0- 4.0 sec   203 MBytes   852 Mbits/sec
[ 10]  2.0- 4.0 sec   177 MBytes   741 Mbits/sec
[  4]  2.0- 4.0 sec   236 MBytes   988 Mbits/sec
[ 11]  2.0- 4.0 sec  11.8 MBytes  49.3 Mbits/sec
[SUM]  2.0- 4.0 sec  2.16 GBytes  9.29 Gbits/sec
[  4]  4.0- 6.0 sec  82.9 MBytes   348 Mbits/sec
[ 12]  4.0- 6.0 sec   316 MBytes  1.32 Gbits/sec
[  5]  4.0- 6.0 sec   270 MBytes  1.13 Gbits/sec
[  6]  4.0- 6.0 sec   265 MBytes  1.11 Gbits/sec
[  7]  4.0- 6.0 sec   362 MBytes  1.52 Gbits/sec
[  9]  4.0- 6.0 sec   328 MBytes  1.38 Gbits/sec
[  8]  4.0- 6.0 sec  95.9 MBytes   402 Mbits/sec
[ 10]  4.0- 6.0 sec   173 MBytes   725 Mbits/sec
[  3]  4.0- 6.0 sec   202 MBytes   848 Mbits/sec
[ 11]  4.0- 6.0 sec  73.6 MBytes   309 Mbits/sec
[SUM]  4.0- 6.0 sec  2.12 GBytes  9.10 Gbits/sec
[  6]  6.0- 8.0 sec   249 MBytes  1.04 Gbits/sec
[  7]  6.0- 8.0 sec   334 MBytes  1.40 Gbits/sec
[  8]  6.0- 8.0 sec   133 MBytes   557 Mbits/sec
[  4]  6.0- 8.0 sec   138 MBytes   581 Mbits/sec
[ 12]  6.0- 8.0 sec   324 MBytes  1.36 Gbits/sec
[  5]  6.0- 8.0 sec   310 MBytes  1.30 Gbits/sec
[  9]  6.0- 8.0 sec   324 MBytes  1.36 Gbits/sec
[ 10]  6.0- 8.0 sec   162 MBytes   681 Mbits/sec
[  3]  6.0- 8.0 sec   182 MBytes   763 Mbits/sec
[ 11]  6.0- 8.0 sec  75.6 MBytes   317 Mbits/sec
[SUM]  6.0- 8.0 sec  2.18 GBytes  9.36 Gbits/sec
[  4]  8.0-10.0 sec   152 MBytes   638 Mbits/sec
[ 12]  8.0-10.0 sec   321 MBytes  1.35 Gbits/sec
[  5]  8.0-10.0 sec   304 MBytes  1.28 Gbits/sec
[  9]  8.0-10.0 sec   317 MBytes  1.33 Gbits/sec
[  3]  8.0-10.0 sec   182 MBytes   764 Mbits/sec
[  6]  8.0-10.0 sec   250 MBytes  1.05 Gbits/sec
[  7]  8.0-10.0 sec   328 MBytes  1.37 Gbits/sec
[ 11]  8.0-10.0 sec  72.8 MBytes   305 Mbits/sec
[  8]  8.0-10.0 sec   132 MBytes   555 Mbits/sec
[ 10]  8.0-10.0 sec   168 MBytes   704 Mbits/sec
[SUM]  8.0-10.0 sec  2.17 GBytes  9.34 Gbits/sec
[  4] 10.0-12.0 sec   150 MBytes   628 Mbits/sec
[ 12] 10.0-12.0 sec   307 MBytes  1.29 Gbits/sec
[  5] 10.0-12.0 sec   305 MBytes  1.28 Gbits/sec
[  6] 10.0-12.0 sec   244 MBytes  1.02 Gbits/sec
[  7] 10.0-12.0 sec   328 MBytes  1.38 Gbits/sec
[  9] 10.0-12.0 sec   301 MBytes  1.26 Gbits/sec
[  8] 10.0-12.0 sec   137 MBytes   576 Mbits/sec
[ 10] 10.0-12.0 sec   170 MBytes   712 Mbits/sec
[  3] 10.0-12.0 sec   194 MBytes   813 Mbits/sec
[ 11] 10.0-12.0 sec  80.6 MBytes   338 Mbits/sec
[SUM] 10.0-12.0 sec  2.16 GBytes  9.29 Gbits/sec
[ 12] 12.0-14.0 sec   303 MBytes  1.27 Gbits/sec
[  3] 12.0-14.0 sec   193 MBytes   808 Mbits/sec
[  5] 12.0-14.0 sec   299 MBytes  1.25 Gbits/sec
[  6] 12.0-14.0 sec   240 MBytes  1.01 Gbits/sec
[  7] 12.0-14.0 sec   322 MBytes  1.35 Gbits/sec
[  9] 12.0-14.0 sec   300 MBytes  1.26 Gbits/sec
[ 10] 12.0-14.0 sec   172 MBytes   722 Mbits/sec
[  4] 12.0-14.0 sec   143 MBytes   599 Mbits/sec
[  8] 12.0-14.0 sec   153 MBytes   643 Mbits/sec
[ 11] 12.0-14.0 sec  82.5 MBytes   346 Mbits/sec
[SUM] 12.0-14.0 sec  2.16 GBytes  9.26 Gbits/sec
[  5] 14.0-16.0 sec   254 MBytes  1.07 Gbits/sec
[ 12] 14.0-16.0 sec   236 MBytes   991 Mbits/sec
[  7] 14.0-16.0 sec   309 MBytes  1.29 Gbits/sec
[  9] 14.0-16.0 sec   282 MBytes  1.18 Gbits/sec
[  8] 14.0-16.0 sec   184 MBytes   772 Mbits/sec
[ 10] 14.0-16.0 sec   184 MBytes   773 Mbits/sec
[ 11] 14.0-16.0 sec   114 MBytes   479 Mbits/sec
[  3] 14.0-16.0 sec   202 MBytes   847 Mbits/sec
[  4] 14.0-16.0 sec   109 MBytes   456 Mbits/sec
[  6] 14.0-16.0 sec   205 MBytes   861 Mbits/sec
[SUM] 14.0-16.0 sec  2.03 GBytes  8.72 Gbits/sec
[ 12] 16.0-18.0 sec   183 MBytes   768 Mbits/sec
[  7] 16.0-18.0 sec   295 MBytes  1.24 Gbits/sec
[  5] 16.0-18.0 sec   206 MBytes   862 Mbits/sec
[  6] 16.0-18.0 sec   184 MBytes   771 Mbits/sec
[  9] 16.0-18.0 sec   253 MBytes  1.06 Gbits/sec
[  8] 16.0-18.0 sec   234 MBytes   980 Mbits/sec
[  4] 16.0-18.0 sec  88.4 MBytes   371 Mbits/sec
[ 10] 16.0-18.0 sec   193 MBytes   809 Mbits/sec
[ 11] 16.0-18.0 sec   186 MBytes   778 Mbits/sec
[  3] 16.0-18.0 sec   203 MBytes   852 Mbits/sec
[SUM] 16.0-18.0 sec  1.98 GBytes  8.49 Gbits/sec
[  3]  0.0-18.9 sec  1.82 GBytes   829 Mbits/sec
[  4]  0.0-18.9 sec  1.29 GBytes   587 Mbits/sec
[  5]  0.0-18.9 sec  2.33 GBytes  1.06 Gbits/sec
[  7]  0.0-19.0 sec  3.23 GBytes  1.46 Gbits/sec
[  9]  0.0-19.0 sec  3.08 GBytes  1.39 Gbits/sec
[ 10]  0.0-19.0 sec  1.60 GBytes   723 Mbits/sec
[  6]  0.0-19.0 sec  2.09 GBytes   944 Mbits/sec
[  8]  0.0-19.0 sec  1.60 GBytes   724 Mbits/sec
[ 11]  0.0-19.0 sec   878 MBytes   388 Mbits/sec
[ 12] 18.0-20.0 sec   761 MBytes  3.19 Gbits/sec
[ 12]  0.0-20.0 sec  2.88 GBytes  1.24 Gbits/sec
[SUM]  0.0-20.0 sec  20.8 GBytes  8.92 Gbits/sec
