------------------------------------------------------------
Client connecting to 192.168.12.20, TCP port 5001
TCP window size: 85.0 KByte (default)
------------------------------------------------------------
[ 12] local 192.168.12.10 port 52110 connected with 192.168.12.20 port 5001
[  4] local 192.168.12.10 port 52092 connected with 192.168.12.20 port 5001
[  3] local 192.168.12.10 port 52094 connected with 192.168.12.20 port 5001
[  5] local 192.168.12.10 port 52096 connected with 192.168.12.20 port 5001
[  7] local 192.168.12.10 port 52100 connected with 192.168.12.20 port 5001
[  6] local 192.168.12.10 port 52098 connected with 192.168.12.20 port 5001
[  8] local 192.168.12.10 port 52102 connected with 192.168.12.20 port 5001
[  9] local 192.168.12.10 port 52104 connected with 192.168.12.20 port 5001
[ 10] local 192.168.12.10 port 52106 connected with 192.168.12.20 port 5001
[ 11] local 192.168.12.10 port 52108 connected with 192.168.12.20 port 5001
[ ID] Interval       Transfer     Bandwidth
[  3]  0.0- 2.0 sec   164 MBytes   687 Mbits/sec
[  5]  0.0- 2.0 sec   357 MBytes  1.50 Gbits/sec
[  6]  0.0- 2.0 sec   340 MBytes  1.43 Gbits/sec
[ 12]  0.0- 2.0 sec  54.9 MBytes   230 Mbits/sec
[  7]  0.0- 2.0 sec   141 MBytes   593 Mbits/sec
[  8]  0.0- 2.0 sec   171 MBytes   716 Mbits/sec
[  9]  0.0- 2.0 sec   296 MBytes  1.24 Gbits/sec
[ 10]  0.0- 2.0 sec   302 MBytes  1.27 Gbits/sec
[ 11]  0.0- 2.0 sec   251 MBytes  1.05 Gbits/sec
[  4]  0.0- 2.0 sec   139 MBytes   583 Mbits/sec
[SUM]  0.0- 2.0 sec  2.16 GBytes  9.29 Gbits/sec
[  3]  2.0- 4.0 sec   174 MBytes   729 Mbits/sec
[  7]  2.0- 4.0 sec   170 MBytes   713 Mbits/sec
[  6]  2.0- 4.0 sec   324 MBytes  1.36 Gbits/sec
[  9]  2.0- 4.0 sec   332 MBytes  1.39 Gbits/sec
[ 11]  2.0- 4.0 sec   166 MBytes   698 Mbits/sec
[ 12]  2.0- 4.0 sec   169 MBytes   710 Mbits/sec
[  5]  2.0- 4.0 sec   316 MBytes  1.33 Gbits/sec
[  8]  2.0- 4.0 sec   227 MBytes   954 Mbits/sec
[ 10]  2.0- 4.0 sec   266 MBytes  1.11 Gbits/sec
[  4]  2.0- 4.0 sec  57.8 MBytes   242 Mbits/sec
[SUM]  2.0- 4.0 sec  2.15 GBytes  9.24 Gbits/sec
[  8]  4.0- 6.0 sec   232 MBytes   975 Mbits/sec
[ 12]  4.0- 6.0 sec   169 MBytes   708 Mbits/sec
[  4]  4.0- 6.0 sec  64.1 MBytes   269 Mbits/sec
[  3]  4.0- 6.0 sec   173 MBytes   724 Mbits/sec
[  5]  4.0- 6.0 sec   272 MBytes  1.14 Gbits/sec
[  7]  4.0- 6.0 sec   174 MBytes   730 Mbits/sec
[  6]  4.0- 6.0 sec   336 MBytes  1.41 Gbits/sec
[  9]  4.0- 6.0 sec   348 MBytes  1.46 Gbits/sec
[ 10]  4.0- 6.0 sec   252 MBytes  1.06 Gbits/sec
[ 11]  4.0- 6.0 sec   182 MBytes   765 Mbits/sec
[SUM]  4.0- 6.0 sec  2.15 GBytes  9.24 Gbits/sec
[  4]  6.0- 8.0 sec  74.1 MBytes   311 Mbits/sec
[  5]  6.0- 8.0 sec   326 MBytes  1.37 Gbits/sec
[  7]  6.0- 8.0 sec   148 MBytes   621 Mbits/sec
[  6]  6.0- 8.0 sec   322 MBytes  1.35 Gbits/sec
[ 10]  6.0- 8.0 sec   304 MBytes  1.27 Gbits/sec
[ 12]  6.0- 8.0 sec   138 MBytes   579 Mbits/sec
[  3]  6.0- 8.0 sec   144 MBytes   603 Mbits/sec
[  8]  6.0- 8.0 sec   206 MBytes   862 Mbits/sec
[  9]  6.0- 8.0 sec   322 MBytes  1.35 Gbits/sec
[ 11]  6.0- 8.0 sec   221 MBytes   926 Mbits/sec
[SUM]  6.0- 8.0 sec  2.15 GBytes  9.24 Gbits/sec
[  4]  8.0-10.0 sec  80.9 MBytes   339 Mbits/sec
[  5]  8.0-10.0 sec   332 MBytes  1.39 Gbits/sec
[  7]  8.0-10.0 sec   143 MBytes   600 Mbits/sec
[  6]  8.0-10.0 sec   321 MBytes  1.34 Gbits/sec
[  8]  8.0-10.0 sec   194 MBytes   814 Mbits/sec
[  9]  8.0-10.0 sec   315 MBytes  1.32 Gbits/sec
[ 11]  8.0-10.0 sec   247 MBytes  1.04 Gbits/sec
[ 12]  8.0-10.0 sec   125 MBytes   523 Mbits/sec
[  3]  8.0-10.0 sec   133 MBytes   559 Mbits/sec
[ 10]  8.0-10.0 sec   308 MBytes  1.29 Gbits/sec
[SUM]  8.0-10.0 sec  2.15 GBytes  9.22 Gbits/sec
[ 12] 10.0-12.0 sec   125 MBytes   526 Mbits/sec
[  4] 10.0-12.0 sec  80.4 MBytes   337 Mbits/sec
[  5] 10.0-12.0 sec   333 MBytes  1.40 Gbits/sec
[  7] 10.0-12.0 sec   147 MBytes   617 Mbits/sec
[  6] 10.0-12.0 sec   323 MBytes  1.35 Gbits/sec
[  8] 10.0-12.0 sec   194 MBytes   813 Mbits/sec
[  9] 10.0-12.0 sec   316 MBytes  1.32 Gbits/sec
[ 10] 10.0-12.0 sec   301 MBytes  1.26 Gbits/sec
[ 11] 10.0-12.0 sec   241 MBytes  1.01 Gbits/sec
[  3] 10.0-12.0 sec   136 MBytes   568 Mbits/sec
[SUM] 10.0-12.0 sec  2.14 GBytes  9.21 Gbits/sec
[ 12] 12.0-14.0 sec   137 MBytes   574 Mbits/sec
[  3] 12.0-14.0 sec   139 MBytes   584 Mbits/sec
[  6] 12.0-14.0 sec   316 MBytes  1.33 Gbits/sec
[  8] 12.0-14.0 sec   197 MBytes   826 Mbits/sec
[ 11] 12.0-14.0 sec   220 MBytes   924 Mbits/sec
[  4] 12.0-14.0 sec  78.0 MBytes   327 Mbits/sec
[  5] 12.0-14.0 sec   348 MBytes  1.46 Gbits/sec
[  7] 12.0-14.0 sec   152 MBytes   639 Mbits/sec
[  9] 12.0-14.0 sec   308 MBytes  1.29 Gbits/sec
[ 10] 12.0-14.0 sec   307 MBytes  1.29 Gbits/sec
[SUM] 12.0-14.0 sec  2.15 GBytes  9.24 Gbits/sec
[ 10] 14.0-16.0 sec   315 MBytes  1.32 Gbits/sec
[  4] 14.0-16.0 sec  71.8 MBytes   301 Mbits/sec
[  3] 14.0-16.0 sec   140 MBytes   586 Mbits/sec
[  5] 14.0-16.0 sec   336 MBytes  1.41 Gbits/sec
[  6] 14.0-16.0 sec   318 MBytes  1.33 Gbits/sec
[  8] 14.0-16.0 sec   201 MBytes   844 Mbits/sec
[  9] 14.0-16.0 sec   322 MBytes  1.35 Gbits/sec
[ 11] 14.0-16.0 sec   223 MBytes   936 Mbits/sec
[ 12] 14.0-16.0 sec   134 MBytes   561 Mbits/sec
[  7] 14.0-16.0 sec   143 MBytes   598 Mbits/sec
[SUM] 14.0-16.0 sec  2.15 GBytes  9.24 Gbits/sec
[  5] 16.0-18.0 sec   356 MBytes  1.49 Gbits/sec
[  6] 16.0-18.0 sec   323 MBytes  1.35 Gbits/sec
[  9] 16.0-18.0 sec   346 MBytes  1.45 Gbits/sec
[ 12] 16.0-18.0 sec  71.2 MBytes   299 Mbits/sec
[  8] 16.0-18.0 sec  95.2 MBytes   400 Mbits/sec
[ 10] 16.0-18.0 sec   311 MBytes  1.30 Gbits/sec
[ 11] 16.0-18.0 sec   346 MBytes  1.45 Gbits/sec
[  3] 16.0-18.0 sec  76.2 MBytes   320 Mbits/sec
[  7] 16.0-18.0 sec   104 MBytes   435 Mbits/sec
[  4] 16.0-18.0 sec  63.2 MBytes   265 Mbits/sec
[SUM] 16.0-18.0 sec  2.04 GBytes  8.77 Gbits/sec
[ 12] 18.0-20.0 sec  65.6 MBytes   275 Mbits/sec
[ 12]  0.0-20.0 sec  1.16 GBytes   499 Mbits/sec
[  5] 18.0-20.0 sec   380 MBytes  1.59 Gbits/sec
[  5]  0.0-20.0 sec  3.28 GBytes  1.41 Gbits/sec
[  7] 18.0-20.0 sec   103 MBytes   431 Mbits/sec
[  7]  0.0-20.0 sec  1.39 GBytes   598 Mbits/sec
[  6]  0.0-20.0 sec  3.15 GBytes  1.35 Gbits/sec
[  9] 18.0-20.0 sec   338 MBytes  1.42 Gbits/sec
[  9]  0.0-20.0 sec  3.17 GBytes  1.36 Gbits/sec
[ 10] 18.0-20.0 sec   356 MBytes  1.50 Gbits/sec
[ 10]  0.0-20.0 sec  2.95 GBytes  1.27 Gbits/sec
[ 11] 18.0-20.0 sec   386 MBytes  1.62 Gbits/sec
[ 11]  0.0-20.0 sec  2.43 GBytes  1.04 Gbits/sec
[  4] 18.0-20.0 sec  70.1 MBytes   294 Mbits/sec
[  4]  0.0-20.0 sec   780 MBytes   327 Mbits/sec
[  3] 18.0-20.0 sec  67.9 MBytes   285 Mbits/sec
[  3]  0.0-20.0 sec  1.31 GBytes   564 Mbits/sec
[  8] 18.0-20.0 sec  94.9 MBytes   398 Mbits/sec
[  8]  0.0-20.0 sec  1.77 GBytes   760 Mbits/sec
[SUM]  0.0-20.0 sec  21.4 GBytes  9.17 Gbits/sec
