------------------------------------------------------------
Client connecting to 192.168.13.20, TCP port 5001
TCP window size: 85.0 KByte (default)
------------------------------------------------------------
[  6] local 192.168.13.10 port 47356 connected with 192.168.13.20 port 5001
[  3] local 192.168.13.10 port 47348 connected with 192.168.13.20 port 5001
[  5] local 192.168.13.10 port 47350 connected with 192.168.13.20 port 5001
[  4] local 192.168.13.10 port 47352 connected with 192.168.13.20 port 5001
[  7] local 192.168.13.10 port 47354 connected with 192.168.13.20 port 5001
[ ID] Interval       Transfer     Bandwidth
[  5]  0.0- 2.0 sec  37.4 MBytes   157 Mbits/sec
[  3]  0.0- 2.0 sec  55.4 MBytes   232 Mbits/sec
[  4]  0.0- 2.0 sec  55.2 MBytes   232 Mbits/sec
[  7]  0.0- 2.0 sec  55.2 MBytes   232 Mbits/sec
[  6]  0.0- 2.0 sec  18.8 MBytes  78.6 Mbits/sec
[SUM]  0.0- 2.0 sec   222 MBytes   931 Mbits/sec
[  3]  2.0- 4.0 sec  56.0 MBytes   235 Mbits/sec
[  5]  2.0- 4.0 sec  37.5 MBytes   157 Mbits/sec
[  4]  2.0- 4.0 sec  55.9 MBytes   234 Mbits/sec
[  7]  2.0- 4.0 sec  56.0 MBytes   235 Mbits/sec
[  6]  2.0- 4.0 sec  18.6 MBytes  78.1 Mbits/sec
[SUM]  2.0- 4.0 sec   224 MBytes   940 Mbits/sec
[  5]  4.0- 6.0 sec  37.5 MBytes   157 Mbits/sec
[  4]  4.0- 6.0 sec  56.0 MBytes   235 Mbits/sec
[  7]  4.0- 6.0 sec  55.9 MBytes   234 Mbits/sec
[  3]  4.0- 6.0 sec  56.0 MBytes   235 Mbits/sec
[  6]  4.0- 6.0 sec  18.9 MBytes  79.2 Mbits/sec
[SUM]  4.0- 6.0 sec   224 MBytes   941 Mbits/sec
[  4]  6.0- 8.0 sec  55.9 MBytes   234 Mbits/sec
[  3]  6.0- 8.0 sec  55.9 MBytes   234 Mbits/sec
[  5]  6.0- 8.0 sec  37.5 MBytes   157 Mbits/sec
[  7]  6.0- 8.0 sec  56.0 MBytes   235 Mbits/sec
[  6]  6.0- 8.0 sec  18.6 MBytes  78.1 Mbits/sec
[SUM]  6.0- 8.0 sec   224 MBytes   939 Mbits/sec
[  3]  8.0-10.0 sec  56.9 MBytes   239 Mbits/sec
[  5]  8.0-10.0 sec  38.1 MBytes   160 Mbits/sec
[  6]  8.0-10.0 sec  19.6 MBytes  82.3 Mbits/sec
[  4]  8.0-10.0 sec  55.6 MBytes   233 Mbits/sec
[  7]  8.0-10.0 sec  55.2 MBytes   232 Mbits/sec
[SUM]  8.0-10.0 sec   226 MBytes   946 Mbits/sec
[  6] 10.0-12.0 sec  22.5 MBytes  94.4 Mbits/sec
[  3] 10.0-12.0 sec  56.0 MBytes   235 Mbits/sec
[  5] 10.0-12.0 sec  33.6 MBytes   141 Mbits/sec
[  4] 10.0-12.0 sec  55.9 MBytes   234 Mbits/sec
[  7] 10.0-12.0 sec  56.0 MBytes   235 Mbits/sec
[SUM] 10.0-12.0 sec   224 MBytes   940 Mbits/sec
[  6] 12.0-14.0 sec  22.4 MBytes  93.8 Mbits/sec
[  3] 12.0-14.0 sec  56.1 MBytes   235 Mbits/sec
[  7] 12.0-14.0 sec  55.9 MBytes   234 Mbits/sec
[  5] 12.0-14.0 sec  34.0 MBytes   143 Mbits/sec
[  4] 12.0-14.0 sec  56.1 MBytes   235 Mbits/sec
[SUM] 12.0-14.0 sec   224 MBytes   942 Mbits/sec
[  3] 14.0-16.0 sec  55.6 MBytes   233 Mbits/sec
[  7] 14.0-16.0 sec  56.0 MBytes   235 Mbits/sec
[  5] 14.0-16.0 sec  33.5 MBytes   141 Mbits/sec
[  4] 14.0-16.0 sec  55.8 MBytes   234 Mbits/sec
[  6] 14.0-16.0 sec  22.6 MBytes  94.9 Mbits/sec
[SUM] 14.0-16.0 sec   224 MBytes   937 Mbits/sec
[  3] 16.0-18.0 sec  56.1 MBytes   235 Mbits/sec
[  4] 16.0-18.0 sec  55.8 MBytes   234 Mbits/sec
[  6] 16.0-18.0 sec  22.5 MBytes  94.4 Mbits/sec
[  7] 16.0-18.0 sec  56.0 MBytes   235 Mbits/sec
[  5] 16.0-18.0 sec  34.0 MBytes   143 Mbits/sec
[SUM] 16.0-18.0 sec   224 MBytes   941 Mbits/sec
[  3] 18.0-20.0 sec  56.0 MBytes   235 Mbits/sec
[  3]  0.0-20.0 sec   560 MBytes   235 Mbits/sec
[  5] 18.0-20.0 sec  33.5 MBytes   141 Mbits/sec
[  5]  0.0-20.0 sec   357 MBytes   150 Mbits/sec
[  4] 18.0-20.0 sec  56.2 MBytes   236 Mbits/sec
[  4]  0.0-20.0 sec   558 MBytes   234 Mbits/sec
[  7] 18.0-20.0 sec  55.9 MBytes   234 Mbits/sec
[  7]  0.0-20.0 sec   558 MBytes   234 Mbits/sec
[  6] 18.0-20.0 sec  22.4 MBytes  93.8 Mbits/sec
[SUM] 18.0-20.0 sec   224 MBytes   940 Mbits/sec
[  6]  0.0-20.0 sec   207 MBytes  86.8 Mbits/sec
[SUM]  0.0-20.0 sec  2.19 GBytes   939 Mbits/sec
