------------------------------------------------------------
Client connecting to 192.168.12.20, TCP port 5001
TCP window size:  842 KByte (default)
------------------------------------------------------------
[ 12] local 192.168.12.10 port 34102 connected with 192.168.12.20 port 5001
[  5] local 192.168.12.10 port 34088 connected with 192.168.12.20 port 5001
[  4] local 192.168.12.10 port 34086 connected with 192.168.12.20 port 5001
[  3] local 192.168.12.10 port 34084 connected with 192.168.12.20 port 5001
[  7] local 192.168.12.10 port 34090 connected with 192.168.12.20 port 5001
[  6] local 192.168.12.10 port 34092 connected with 192.168.12.20 port 5001
[  9] local 192.168.12.10 port 34094 connected with 192.168.12.20 port 5001
[  8] local 192.168.12.10 port 34096 connected with 192.168.12.20 port 5001
[ 10] local 192.168.12.10 port 34098 connected with 192.168.12.20 port 5001
[ 11] local 192.168.12.10 port 34100 connected with 192.168.12.20 port 5001
[ ID] Interval       Transfer     Bandwidth
[ 12]  0.0- 2.0 sec   200 MBytes   840 Mbits/sec
[  5]  0.0- 2.0 sec   322 MBytes  1.35 Gbits/sec
[  4]  0.0- 2.0 sec   152 MBytes   636 Mbits/sec
[  3]  0.0- 2.0 sec   139 MBytes   584 Mbits/sec
[  7]  0.0- 2.0 sec   346 MBytes  1.45 Gbits/sec
[  6]  0.0- 2.0 sec   265 MBytes  1.11 Gbits/sec
[  9]  0.0- 2.0 sec   123 MBytes   515 Mbits/sec
[  8]  0.0- 2.0 sec  89.9 MBytes   377 Mbits/sec
[ 10]  0.0- 2.0 sec   319 MBytes  1.34 Gbits/sec
[ 11]  0.0- 2.0 sec   256 MBytes  1.07 Gbits/sec
[SUM]  0.0- 2.0 sec  2.16 GBytes  9.28 Gbits/sec
[  5]  2.0- 4.0 sec   329 MBytes  1.38 Gbits/sec
[  4]  2.0- 4.0 sec   155 MBytes   649 Mbits/sec
[  7]  2.0- 4.0 sec   365 MBytes  1.53 Gbits/sec
[  6]  2.0- 4.0 sec   261 MBytes  1.10 Gbits/sec
[  8]  2.0- 4.0 sec  63.4 MBytes   266 Mbits/sec
[ 11]  2.0- 4.0 sec   262 MBytes  1.10 Gbits/sec
[ 12]  2.0- 4.0 sec   207 MBytes   869 Mbits/sec
[  3]  2.0- 4.0 sec   124 MBytes   520 Mbits/sec
[  9]  2.0- 4.0 sec   164 MBytes   687 Mbits/sec
[ 10]  2.0- 4.0 sec   311 MBytes  1.30 Gbits/sec
[SUM]  2.0- 4.0 sec  2.19 GBytes  9.40 Gbits/sec
[ 12]  4.0- 6.0 sec   201 MBytes   843 Mbits/sec
[  5]  4.0- 6.0 sec   318 MBytes  1.33 Gbits/sec
[  4]  4.0- 6.0 sec   147 MBytes   617 Mbits/sec
[  7]  4.0- 6.0 sec   351 MBytes  1.47 Gbits/sec
[  6]  4.0- 6.0 sec   283 MBytes  1.19 Gbits/sec
[ 10]  4.0- 6.0 sec   327 MBytes  1.37 Gbits/sec
[ 11]  4.0- 6.0 sec   281 MBytes  1.18 Gbits/sec
[  3]  4.0- 6.0 sec   117 MBytes   489 Mbits/sec
[  9]  4.0- 6.0 sec   154 MBytes   645 Mbits/sec
[  8]  4.0- 6.0 sec  60.8 MBytes   255 Mbits/sec
[SUM]  4.0- 6.0 sec  2.19 GBytes  9.39 Gbits/sec
[ 12]  6.0- 8.0 sec   187 MBytes   784 Mbits/sec
[  5]  6.0- 8.0 sec   319 MBytes  1.34 Gbits/sec
[  4]  6.0- 8.0 sec   134 MBytes   561 Mbits/sec
[  3]  6.0- 8.0 sec   112 MBytes   472 Mbits/sec
[  7]  6.0- 8.0 sec   319 MBytes  1.34 Gbits/sec
[  6]  6.0- 8.0 sec   320 MBytes  1.34 Gbits/sec
[  9]  6.0- 8.0 sec   151 MBytes   633 Mbits/sec
[  8]  6.0- 8.0 sec  56.0 MBytes   235 Mbits/sec
[ 10]  6.0- 8.0 sec   319 MBytes  1.34 Gbits/sec
[ 11]  6.0- 8.0 sec   320 MBytes  1.34 Gbits/sec
[SUM]  6.0- 8.0 sec  2.18 GBytes  9.38 Gbits/sec
[ 12]  8.0-10.0 sec   200 MBytes   839 Mbits/sec
[  6]  8.0-10.0 sec   356 MBytes  1.49 Gbits/sec
[ 11]  8.0-10.0 sec   356 MBytes  1.49 Gbits/sec
[  4]  8.0-10.0 sec   158 MBytes   661 Mbits/sec
[  3]  8.0-10.0 sec   126 MBytes   531 Mbits/sec
[  7]  8.0-10.0 sec   356 MBytes  1.50 Gbits/sec
[  9]  8.0-10.0 sec   169 MBytes   710 Mbits/sec
[  8]  8.0-10.0 sec  62.8 MBytes   263 Mbits/sec
[ 10]  8.0-10.0 sec   356 MBytes  1.49 Gbits/sec
[ 12] 10.0-12.0 sec   208 MBytes   875 Mbits/sec
[  4] 10.0-12.0 sec   165 MBytes   693 Mbits/sec
[  3] 10.0-12.0 sec   134 MBytes   560 Mbits/sec
[  7] 10.0-12.0 sec   372 MBytes  1.56 Gbits/sec
[  6] 10.0-12.0 sec   373 MBytes  1.56 Gbits/sec
[  8] 10.0-12.0 sec  64.5 MBytes   271 Mbits/sec
[ 10] 10.0-12.0 sec   372 MBytes  1.56 Gbits/sec
[ 11] 10.0-12.0 sec   374 MBytes  1.57 Gbits/sec
[  9] 10.0-12.0 sec   176 MBytes   738 Mbits/sec
[  5]  8.0-10.0 sec  99.2 MBytes   416 Mbits/sec
[SUM]  8.0-10.0 sec  2.19 GBytes  9.39 Gbits/sec
[  5] 10.0-12.0 sec  0.00 Bytes  0.00 bits/sec
[SUM] 10.0-12.0 sec  2.19 GBytes  9.39 Gbits/sec
[  4] 12.0-14.0 sec   169 MBytes   710 Mbits/sec
[  7] 12.0-14.0 sec   356 MBytes  1.49 Gbits/sec
[  6] 12.0-14.0 sec   306 MBytes  1.28 Gbits/sec
[  8] 12.0-14.0 sec  88.5 MBytes   371 Mbits/sec
[ 10] 12.0-14.0 sec   358 MBytes  1.50 Gbits/sec
[ 11] 12.0-14.0 sec   375 MBytes  1.57 Gbits/sec
[ 12] 12.0-14.0 sec   206 MBytes   864 Mbits/sec
[  5] 12.0-14.0 sec  82.0 MBytes   344 Mbits/sec
[  3] 12.0-14.0 sec   113 MBytes   476 Mbits/sec
[  9] 12.0-14.0 sec   187 MBytes   783 Mbits/sec
[SUM] 12.0-14.0 sec  2.19 GBytes  9.39 Gbits/sec
[  5] 14.0-16.0 sec   208 MBytes   874 Mbits/sec
[  4] 14.0-16.0 sec   166 MBytes   697 Mbits/sec
[  3] 14.0-16.0 sec   112 MBytes   471 Mbits/sec
[  7] 14.0-16.0 sec   373 MBytes  1.56 Gbits/sec
[  6] 14.0-16.0 sec   166 MBytes   695 Mbits/sec
[  9] 14.0-16.0 sec   168 MBytes   706 Mbits/sec
[  8] 14.0-16.0 sec  93.8 MBytes   393 Mbits/sec
[ 10] 14.0-16.0 sec   373 MBytes  1.56 Gbits/sec
[ 11] 14.0-16.0 sec   371 MBytes  1.55 Gbits/sec
[ 12] 14.0-16.0 sec   208 MBytes   875 Mbits/sec
[SUM] 14.0-16.0 sec  2.19 GBytes  9.39 Gbits/sec
[ 12] 16.0-18.0 sec   207 MBytes   869 Mbits/sec
[  6] 16.0-18.0 sec   165 MBytes   691 Mbits/sec
[ 10] 16.0-18.0 sec   372 MBytes  1.56 Gbits/sec
[ 11] 16.0-18.0 sec   372 MBytes  1.56 Gbits/sec
[  5] 16.0-18.0 sec   209 MBytes   876 Mbits/sec
[  4] 16.0-18.0 sec   166 MBytes   696 Mbits/sec
[  3] 16.0-18.0 sec   113 MBytes   474 Mbits/sec
[  7] 16.0-18.0 sec   373 MBytes  1.56 Gbits/sec
[  9] 16.0-18.0 sec   168 MBytes   705 Mbits/sec
[  8] 16.0-18.0 sec  93.6 MBytes   393 Mbits/sec
[SUM] 16.0-18.0 sec  2.19 GBytes  9.39 Gbits/sec
[ 12] 18.0-20.0 sec   208 MBytes   872 Mbits/sec
[ 12]  0.0-20.0 sec  1.99 GBytes   853 Mbits/sec
[  4]  0.0-20.0 sec  1.54 GBytes   661 Mbits/sec
[  3] 18.0-20.0 sec   113 MBytes   473 Mbits/sec
[  3]  0.0-20.0 sec  1.18 GBytes   505 Mbits/sec
[  7] 18.0-20.0 sec   372 MBytes  1.56 Gbits/sec
[  7]  0.0-20.0 sec  3.50 GBytes  1.50 Gbits/sec
[  6] 18.0-20.0 sec   166 MBytes   698 Mbits/sec
[  6]  0.0-20.0 sec  2.60 GBytes  1.12 Gbits/sec
[  9] 18.0-20.0 sec   167 MBytes   700 Mbits/sec
[  9]  0.0-20.0 sec  1.59 GBytes   682 Mbits/sec
[  8] 18.0-20.0 sec  93.4 MBytes   392 Mbits/sec
[  8]  0.0-20.0 sec   767 MBytes   322 Mbits/sec
[ 10] 18.0-20.0 sec   372 MBytes  1.56 Gbits/sec
[ 10]  0.0-20.0 sec  3.40 GBytes  1.46 Gbits/sec
[ 11] 18.0-20.0 sec   373 MBytes  1.56 Gbits/sec
[ 11]  0.0-20.0 sec  3.26 GBytes  1.40 Gbits/sec
[  5] 18.0-20.0 sec   208 MBytes   870 Mbits/sec
[  5]  0.0-20.0 sec  2.05 GBytes   878 Mbits/sec
[SUM]  0.0-20.0 sec  21.8 GBytes  9.38 Gbits/sec
