------------------------------------------------------------
Client connecting to 192.168.12.20, TCP port 5001
TCP window size: 85.0 KByte (default)
------------------------------------------------------------
[  7] local 192.168.12.10 port 52006 connected with 192.168.12.20 port 5001
[  3] local 192.168.12.10 port 51998 connected with 192.168.12.20 port 5001
[  4] local 192.168.12.10 port 52000 connected with 192.168.12.20 port 5001
[  5] local 192.168.12.10 port 52002 connected with 192.168.12.20 port 5001
[  6] local 192.168.12.10 port 52004 connected with 192.168.12.20 port 5001
[ ID] Interval       Transfer     Bandwidth
[  3]  0.0- 2.0 sec   906 MBytes  3.80 Gbits/sec
[  7]  0.0- 2.0 sec   274 MBytes  1.15 Gbits/sec
[  4]  0.0- 2.0 sec   352 MBytes  1.47 Gbits/sec
[  5]  0.0- 2.0 sec   294 MBytes  1.23 Gbits/sec
[  6]  0.0- 2.0 sec   354 MBytes  1.48 Gbits/sec
[SUM]  0.0- 2.0 sec  2.13 GBytes  9.14 Gbits/sec
[  7]  2.0- 4.0 sec   282 MBytes  1.18 Gbits/sec
[  3]  2.0- 4.0 sec   986 MBytes  4.14 Gbits/sec
[  4]  2.0- 4.0 sec   300 MBytes  1.26 Gbits/sec
[  5]  2.0- 4.0 sec   306 MBytes  1.28 Gbits/sec
[  6]  2.0- 4.0 sec   346 MBytes  1.45 Gbits/sec
[SUM]  2.0- 4.0 sec  2.17 GBytes  9.32 Gbits/sec
[  3]  4.0- 6.0 sec   950 MBytes  3.99 Gbits/sec
[  4]  4.0- 6.0 sec   352 MBytes  1.48 Gbits/sec
[  7]  4.0- 6.0 sec   284 MBytes  1.19 Gbits/sec
[  5]  4.0- 6.0 sec   294 MBytes  1.23 Gbits/sec
[  6]  4.0- 6.0 sec   339 MBytes  1.42 Gbits/sec
[SUM]  4.0- 6.0 sec  2.17 GBytes  9.31 Gbits/sec
[  7]  6.0- 8.0 sec   285 MBytes  1.19 Gbits/sec
[  3]  6.0- 8.0 sec   917 MBytes  3.85 Gbits/sec
[  4]  6.0- 8.0 sec   386 MBytes  1.62 Gbits/sec
[  5]  6.0- 8.0 sec   284 MBytes  1.19 Gbits/sec
[  6]  6.0- 8.0 sec   337 MBytes  1.41 Gbits/sec
[SUM]  6.0- 8.0 sec  2.16 GBytes  9.26 Gbits/sec
[  3]  8.0-10.0 sec   918 MBytes  3.85 Gbits/sec
[  4]  8.0-10.0 sec   386 MBytes  1.62 Gbits/sec
[  5]  8.0-10.0 sec   289 MBytes  1.21 Gbits/sec
[  7]  8.0-10.0 sec   286 MBytes  1.20 Gbits/sec
[  6]  8.0-10.0 sec   337 MBytes  1.41 Gbits/sec
[SUM]  8.0-10.0 sec  2.16 GBytes  9.30 Gbits/sec
[  7] 10.0-12.0 sec   283 MBytes  1.19 Gbits/sec
[  3] 10.0-12.0 sec   919 MBytes  3.86 Gbits/sec
[  6] 10.0-12.0 sec   333 MBytes  1.40 Gbits/sec
[  4] 10.0-12.0 sec   389 MBytes  1.63 Gbits/sec
[  5] 10.0-12.0 sec   293 MBytes  1.23 Gbits/sec
[SUM] 10.0-12.0 sec  2.17 GBytes  9.30 Gbits/sec
[  7] 12.0-14.0 sec   281 MBytes  1.18 Gbits/sec
[  3] 12.0-14.0 sec   918 MBytes  3.85 Gbits/sec
[  4] 12.0-14.0 sec   389 MBytes  1.63 Gbits/sec
[  5] 12.0-14.0 sec   286 MBytes  1.20 Gbits/sec
[  6] 12.0-14.0 sec   338 MBytes  1.42 Gbits/sec
[SUM] 12.0-14.0 sec  2.16 GBytes  9.28 Gbits/sec
[  3] 14.0-16.0 sec   918 MBytes  3.85 Gbits/sec
[  5] 14.0-16.0 sec   287 MBytes  1.20 Gbits/sec
[  7] 14.0-16.0 sec   283 MBytes  1.19 Gbits/sec
[  4] 14.0-16.0 sec   393 MBytes  1.65 Gbits/sec
[  6] 14.0-16.0 sec   335 MBytes  1.41 Gbits/sec
[SUM] 14.0-16.0 sec  2.16 GBytes  9.30 Gbits/sec
[  7] 16.0-18.0 sec   290 MBytes  1.21 Gbits/sec
[  3] 16.0-18.0 sec   919 MBytes  3.86 Gbits/sec
[  4] 16.0-18.0 sec   392 MBytes  1.64 Gbits/sec
[  5] 16.0-18.0 sec   280 MBytes  1.17 Gbits/sec
[  6] 16.0-18.0 sec   333 MBytes  1.40 Gbits/sec
[SUM] 16.0-18.0 sec  2.16 GBytes  9.28 Gbits/sec
[  7] 18.0-20.0 sec   284 MBytes  1.19 Gbits/sec
[  7]  0.0-20.0 sec  2.77 GBytes  1.19 Gbits/sec
[  3] 18.0-20.0 sec   920 MBytes  3.86 Gbits/sec
[  3]  0.0-20.0 sec  9.05 GBytes  3.89 Gbits/sec
[  4] 18.0-20.0 sec   390 MBytes  1.64 Gbits/sec
[  4]  0.0-20.0 sec  3.64 GBytes  1.56 Gbits/sec
[  5] 18.0-20.0 sec   292 MBytes  1.23 Gbits/sec
[  5]  0.0-20.0 sec  2.84 GBytes  1.22 Gbits/sec
[  6] 18.0-20.0 sec   329 MBytes  1.38 Gbits/sec
[SUM] 18.0-20.0 sec  2.16 GBytes  9.29 Gbits/sec
[  6]  0.0-20.0 sec  3.30 GBytes  1.42 Gbits/sec
[SUM]  0.0-20.0 sec  21.6 GBytes  9.27 Gbits/sec
