------------------------------------------------------------
Client connecting to 192.168.12.20, TCP port 5001
TCP window size: 85.0 KByte (default)
------------------------------------------------------------
[ 12] local 192.168.12.10 port 52034 connected with 192.168.12.20 port 5001
[  4] local 192.168.12.10 port 52016 connected with 192.168.12.20 port 5001
[  5] local 192.168.12.10 port 52018 connected with 192.168.12.20 port 5001
[  3] local 192.168.12.10 port 52020 connected with 192.168.12.20 port 5001
[  6] local 192.168.12.10 port 52022 connected with 192.168.12.20 port 5001
[  8] local 192.168.12.10 port 52026 connected with 192.168.12.20 port 5001
[  7] local 192.168.12.10 port 52024 connected with 192.168.12.20 port 5001
[ 10] local 192.168.12.10 port 52028 connected with 192.168.12.20 port 5001
[  9] local 192.168.12.10 port 52030 connected with 192.168.12.20 port 5001
[ 11] local 192.168.12.10 port 52032 connected with 192.168.12.20 port 5001
[ ID] Interval       Transfer     Bandwidth
[  3]  0.0- 2.0 sec   276 MBytes  1.16 Gbits/sec
[ 10]  0.0- 2.0 sec   488 MBytes  2.05 Gbits/sec
[  9]  0.0- 2.0 sec   166 MBytes   696 Mbits/sec
[  4]  0.0- 2.0 sec   229 MBytes   959 Mbits/sec
[  5]  0.0- 2.0 sec   303 MBytes  1.27 Gbits/sec
[ 12]  0.0- 2.0 sec  73.5 MBytes   308 Mbits/sec
[  6]  0.0- 2.0 sec  71.6 MBytes   300 Mbits/sec
[  8]  0.0- 2.0 sec   103 MBytes   431 Mbits/sec
[  7]  0.0- 2.0 sec  61.9 MBytes   260 Mbits/sec
[ 11]  0.0- 2.0 sec  75.1 MBytes   315 Mbits/sec
[SUM]  0.0- 2.0 sec  1.80 GBytes  7.75 Gbits/sec
[  4]  2.0- 4.0 sec   190 MBytes   797 Mbits/sec
[  5]  2.0- 4.0 sec   302 MBytes  1.27 Gbits/sec
[  3]  2.0- 4.0 sec   252 MBytes  1.06 Gbits/sec
[  7]  2.0- 4.0 sec  51.0 MBytes   214 Mbits/sec
[ 10]  2.0- 4.0 sec   454 MBytes  1.90 Gbits/sec
[  9]  2.0- 4.0 sec   177 MBytes   741 Mbits/sec
[ 11]  2.0- 4.0 sec  81.0 MBytes   340 Mbits/sec
[  8]  2.0- 4.0 sec  75.0 MBytes   315 Mbits/sec
[ 12]  2.0- 4.0 sec  79.1 MBytes   332 Mbits/sec
[  6]  2.0- 4.0 sec  84.6 MBytes   355 Mbits/sec
[SUM]  2.0- 4.0 sec  1.71 GBytes  7.32 Gbits/sec
[  4]  4.0- 6.0 sec   205 MBytes   858 Mbits/sec
[  5]  4.0- 6.0 sec   311 MBytes  1.30 Gbits/sec
[  3]  4.0- 6.0 sec   256 MBytes  1.08 Gbits/sec
[  9]  4.0- 6.0 sec   183 MBytes   767 Mbits/sec
[  6]  4.0- 6.0 sec  84.5 MBytes   354 Mbits/sec
[ 10]  4.0- 6.0 sec   427 MBytes  1.79 Gbits/sec
[ 11]  4.0- 6.0 sec  78.5 MBytes   329 Mbits/sec
[ 12]  4.0- 6.0 sec  77.2 MBytes   324 Mbits/sec
[  8]  4.0- 6.0 sec  89.0 MBytes   373 Mbits/sec
[  7]  4.0- 6.0 sec  61.8 MBytes   259 Mbits/sec
[SUM]  4.0- 6.0 sec  1.73 GBytes  7.44 Gbits/sec
[  4]  6.0- 8.0 sec   204 MBytes   855 Mbits/sec
[  5]  6.0- 8.0 sec   295 MBytes  1.24 Gbits/sec
[  3]  6.0- 8.0 sec   240 MBytes  1.01 Gbits/sec
[  8]  6.0- 8.0 sec  96.1 MBytes   403 Mbits/sec
[ 10]  6.0- 8.0 sec   390 MBytes  1.64 Gbits/sec
[ 12]  6.0- 8.0 sec  69.4 MBytes   291 Mbits/sec
[  6]  6.0- 8.0 sec  81.9 MBytes   343 Mbits/sec
[  9]  6.0- 8.0 sec   178 MBytes   748 Mbits/sec
[  7]  6.0- 8.0 sec  64.5 MBytes   271 Mbits/sec
[ 11]  6.0- 8.0 sec  72.2 MBytes   303 Mbits/sec
[SUM]  6.0- 8.0 sec  1.65 GBytes  7.10 Gbits/sec
[ 12]  8.0-10.0 sec  66.6 MBytes   279 Mbits/sec
[ 10]  8.0-10.0 sec   368 MBytes  1.54 Gbits/sec
[  4]  8.0-10.0 sec   204 MBytes   854 Mbits/sec
[  5]  8.0-10.0 sec   292 MBytes  1.22 Gbits/sec
[  3]  8.0-10.0 sec   236 MBytes   991 Mbits/sec
[  9]  8.0-10.0 sec   181 MBytes   760 Mbits/sec
[  6]  8.0-10.0 sec  75.5 MBytes   317 Mbits/sec
[  8]  8.0-10.0 sec   102 MBytes   427 Mbits/sec
[  7]  8.0-10.0 sec  70.9 MBytes   297 Mbits/sec
[ 11]  8.0-10.0 sec  68.4 MBytes   287 Mbits/sec
[SUM]  8.0-10.0 sec  1.62 GBytes  6.98 Gbits/sec
[  5] 10.0-12.0 sec   329 MBytes  1.38 Gbits/sec
[  6] 10.0-12.0 sec  85.1 MBytes   357 Mbits/sec
[ 10] 10.0-12.0 sec   337 MBytes  1.41 Gbits/sec
[ 12] 10.0-12.0 sec  72.1 MBytes   303 Mbits/sec
[  4] 10.0-12.0 sec   205 MBytes   858 Mbits/sec
[  3] 10.0-12.0 sec   259 MBytes  1.09 Gbits/sec
[  8] 10.0-12.0 sec   110 MBytes   463 Mbits/sec
[  7] 10.0-12.0 sec   108 MBytes   452 Mbits/sec
[  9] 10.0-12.0 sec   214 MBytes   897 Mbits/sec
[ 11] 10.0-12.0 sec  75.8 MBytes   318 Mbits/sec
[SUM] 10.0-12.0 sec  1.75 GBytes  7.53 Gbits/sec
[  4] 12.0-14.0 sec   229 MBytes   960 Mbits/sec
[  5] 12.0-14.0 sec   336 MBytes  1.41 Gbits/sec
[ 10] 12.0-14.0 sec   289 MBytes  1.21 Gbits/sec
[  9] 12.0-14.0 sec   236 MBytes   991 Mbits/sec
[ 12] 12.0-14.0 sec  70.9 MBytes   297 Mbits/sec
[  3] 12.0-14.0 sec   248 MBytes  1.04 Gbits/sec
[  8] 12.0-14.0 sec   145 MBytes   610 Mbits/sec
[  7] 12.0-14.0 sec   158 MBytes   662 Mbits/sec
[  6] 12.0-14.0 sec   112 MBytes   468 Mbits/sec
[ 11] 12.0-14.0 sec  70.8 MBytes   297 Mbits/sec
[SUM] 12.0-14.0 sec  1.85 GBytes  7.95 Gbits/sec
[  6] 14.0-16.0 sec   147 MBytes   618 Mbits/sec
[  5] 14.0-16.0 sec   414 MBytes  1.74 Gbits/sec
[  8] 14.0-16.0 sec   182 MBytes   763 Mbits/sec
[ 10] 14.0-16.0 sec   221 MBytes   926 Mbits/sec
[ 11] 14.0-16.0 sec  98.2 MBytes   412 Mbits/sec
[  4] 14.0-16.0 sec   261 MBytes  1.10 Gbits/sec
[  3] 14.0-16.0 sec   187 MBytes   785 Mbits/sec
[  7] 14.0-16.0 sec   198 MBytes   833 Mbits/sec
[  9] 14.0-16.0 sec   187 MBytes   784 Mbits/sec
[ 12] 14.0-16.0 sec  77.2 MBytes   324 Mbits/sec
[SUM] 14.0-16.0 sec  1.93 GBytes  8.28 Gbits/sec
[  5] 16.0-18.0 sec   390 MBytes  1.64 Gbits/sec
[  6] 16.0-18.0 sec   193 MBytes   810 Mbits/sec
[ 10] 16.0-18.0 sec   248 MBytes  1.04 Gbits/sec
[  9] 16.0-18.0 sec   150 MBytes   630 Mbits/sec
[ 12] 16.0-18.0 sec   128 MBytes   537 Mbits/sec
[  4] 16.0-18.0 sec   275 MBytes  1.15 Gbits/sec
[  3] 16.0-18.0 sec   142 MBytes   595 Mbits/sec
[  8] 16.0-18.0 sec   251 MBytes  1.05 Gbits/sec
[  7] 16.0-18.0 sec   208 MBytes   875 Mbits/sec
[ 11] 16.0-18.0 sec   125 MBytes   523 Mbits/sec
[SUM] 16.0-18.0 sec  2.06 GBytes  8.85 Gbits/sec
[ 12] 18.0-20.0 sec   171 MBytes   718 Mbits/sec
[ 12]  0.0-20.0 sec   886 MBytes   371 Mbits/sec
[  4] 18.0-20.0 sec   314 MBytes  1.32 Gbits/sec
[  4]  0.0-20.0 sec  2.26 GBytes   971 Mbits/sec
[  5] 18.0-20.0 sec   312 MBytes  1.31 Gbits/sec
[  5]  0.0-20.0 sec  3.21 GBytes  1.38 Gbits/sec
[  3] 18.0-20.0 sec   150 MBytes   631 Mbits/sec
[  3]  0.0-20.0 sec  2.20 GBytes   943 Mbits/sec
[  8] 18.0-20.0 sec   311 MBytes  1.31 Gbits/sec
[  8]  0.0-20.0 sec  1.43 GBytes   614 Mbits/sec
[  7] 18.0-20.0 sec   254 MBytes  1.06 Gbits/sec
[  7]  0.0-20.0 sec  1.21 GBytes   518 Mbits/sec
[ 10] 18.0-20.0 sec   308 MBytes  1.29 Gbits/sec
[ 10]  0.0-20.0 sec  3.45 GBytes  1.48 Gbits/sec
[  9] 18.0-20.0 sec   160 MBytes   673 Mbits/sec
[  9]  0.0-20.0 sec  1.79 GBytes   768 Mbits/sec
[  6] 18.0-20.0 sec   136 MBytes   569 Mbits/sec
[  6]  0.0-20.0 sec  1.05 GBytes   449 Mbits/sec
[ 11] 18.0-20.0 sec  90.2 MBytes   379 Mbits/sec
[SUM] 18.0-20.0 sec  2.16 GBytes  9.26 Gbits/sec
[ 11]  0.0-20.0 sec   835 MBytes   350 Mbits/sec
[SUM]  0.0-20.0 sec  18.3 GBytes  7.84 Gbits/sec
