------------------------------------------------------------
Client connecting to 192.168.12.20, TCP port 5001
TCP window size: 85.0 KByte (default)
------------------------------------------------------------
[  3] local 192.168.12.10 port 51766 connected with 192.168.12.20 port 5001
[ ID] Interval       Transfer     Bandwidth
[  3]  0.0- 1.0 sec   542 MBytes  4.55 Gbits/sec
[  3]  1.0- 2.0 sec   546 MBytes  4.58 Gbits/sec
[  3]  2.0- 3.0 sec   546 MBytes  4.58 Gbits/sec
[  3]  3.0- 4.0 sec   547 MBytes  4.59 Gbits/sec
[  3]  4.0- 5.0 sec   548 MBytes  4.60 Gbits/sec
[  3]  5.0- 6.0 sec   541 MBytes  4.54 Gbits/sec
[  3]  6.0- 7.0 sec   549 MBytes  4.60 Gbits/sec
[  3]  7.0- 8.0 sec   570 MBytes  4.78 Gbits/sec
[  3]  8.0- 9.0 sec   564 MBytes  4.73 Gbits/sec
[  3]  9.0-10.0 sec   566 MBytes  4.75 Gbits/sec
[  3] 10.0-11.0 sec   570 MBytes  4.78 Gbits/sec
[  3] 11.0-12.0 sec   562 MBytes  4.72 Gbits/sec
[  3] 12.0-13.0 sec   561 MBytes  4.70 Gbits/sec
[  3] 13.0-14.0 sec   554 MBytes  4.64 Gbits/sec
[  3] 14.0-15.0 sec   548 MBytes  4.60 Gbits/sec
[  3] 15.0-16.0 sec   559 MBytes  4.69 Gbits/sec
[  3] 16.0-17.0 sec   570 MBytes  4.78 Gbits/sec
[  3] 17.0-18.0 sec   564 MBytes  4.73 Gbits/sec
[  3] 18.0-19.0 sec   564 MBytes  4.73 Gbits/sec
[  3] 19.0-20.0 sec   562 MBytes  4.71 Gbits/sec
[  3]  0.0-20.0 sec  10.9 GBytes  4.67 Gbits/sec
