------------------------------------------------------------
Client connecting to 192.168.13.20, TCP port 5001
TCP window size: 85.0 KByte (default)
------------------------------------------------------------
[ 12] local 192.168.13.10 port 47604 connected with 192.168.13.20 port 5001
[  3] local 192.168.13.10 port 47586 connected with 192.168.13.20 port 5001
[  5] local 192.168.13.10 port 47588 connected with 192.168.13.20 port 5001
[  4] local 192.168.13.10 port 47590 connected with 192.168.13.20 port 5001
[  7] local 192.168.13.10 port 47592 connected with 192.168.13.20 port 5001
[  6] local 192.168.13.10 port 47594 connected with 192.168.13.20 port 5001
[  9] local 192.168.13.10 port 47596 connected with 192.168.13.20 port 5001
[  8] local 192.168.13.10 port 47598 connected with 192.168.13.20 port 5001
[ 10] local 192.168.13.10 port 47600 connected with 192.168.13.20 port 5001
[ 11] local 192.168.13.10 port 47602 connected with 192.168.13.20 port 5001
[ ID] Interval       Transfer     Bandwidth
[  3]  0.0- 2.0 sec  42.4 MBytes   178 Mbits/sec
[  7]  0.0- 2.0 sec  29.5 MBytes   124 Mbits/sec
[  6]  0.0- 2.0 sec  29.8 MBytes   125 Mbits/sec
[  4]  0.0- 2.0 sec  44.5 MBytes   187 Mbits/sec
[  9]  0.0- 2.0 sec  30.0 MBytes   126 Mbits/sec
[  8]  0.0- 2.0 sec  15.1 MBytes  63.4 Mbits/sec
[ 11]  0.0- 2.0 sec  15.0 MBytes  62.9 Mbits/sec
[ 12]  0.0- 2.0 sec  15.0 MBytes  62.9 Mbits/sec
[  5]  0.0- 2.0 sec   384 KBytes  1.57 Mbits/sec
[ 10]  0.0- 2.0 sec   256 KBytes  1.05 Mbits/sec
[SUM]  0.0- 2.0 sec   222 MBytes   931 Mbits/sec
[  5]  2.0- 4.0 sec  20.2 MBytes  84.9 Mbits/sec
[  7]  2.0- 4.0 sec  24.4 MBytes   102 Mbits/sec
[ 10]  2.0- 4.0 sec  12.8 MBytes  53.5 Mbits/sec
[  3]  2.0- 4.0 sec  35.8 MBytes   150 Mbits/sec
[  6]  2.0- 4.0 sec  23.8 MBytes  99.6 Mbits/sec
[  9]  2.0- 4.0 sec  24.2 MBytes   102 Mbits/sec
[ 11]  2.0- 4.0 sec  14.2 MBytes  59.8 Mbits/sec
[  4]  2.0- 4.0 sec  37.8 MBytes   158 Mbits/sec
[  8]  2.0- 4.0 sec  13.5 MBytes  56.6 Mbits/sec
[ 12]  2.0- 4.0 sec  13.6 MBytes  57.1 Mbits/sec
[SUM]  2.0- 4.0 sec   220 MBytes   924 Mbits/sec
[  3]  4.0- 6.0 sec  31.2 MBytes   131 Mbits/sec
[  7]  4.0- 6.0 sec  20.5 MBytes  86.0 Mbits/sec
[  9]  4.0- 6.0 sec  20.6 MBytes  86.5 Mbits/sec
[  4]  4.0- 6.0 sec  33.1 MBytes   139 Mbits/sec
[  6]  4.0- 6.0 sec  19.8 MBytes  82.8 Mbits/sec
[  8]  4.0- 6.0 sec  13.0 MBytes  54.5 Mbits/sec
[ 12]  4.0- 6.0 sec  12.5 MBytes  52.4 Mbits/sec
[  5]  4.0- 6.0 sec  33.6 MBytes   141 Mbits/sec
[ 11]  4.0- 6.0 sec  13.6 MBytes  57.1 Mbits/sec
[ 10]  4.0- 6.0 sec  21.4 MBytes  89.7 Mbits/sec
[SUM]  4.0- 6.0 sec   219 MBytes   920 Mbits/sec
[  3]  6.0- 8.0 sec  31.5 MBytes   132 Mbits/sec
[  5]  6.0- 8.0 sec  32.9 MBytes   138 Mbits/sec
[  4]  6.0- 8.0 sec  33.0 MBytes   138 Mbits/sec
[  7]  6.0- 8.0 sec  18.9 MBytes  79.2 Mbits/sec
[  6]  6.0- 8.0 sec  19.6 MBytes  82.3 Mbits/sec
[ 12]  6.0- 8.0 sec  14.4 MBytes  60.3 Mbits/sec
[ 10]  6.0- 8.0 sec  21.4 MBytes  89.7 Mbits/sec
[  9]  6.0- 8.0 sec  19.6 MBytes  82.3 Mbits/sec
[  8]  6.0- 8.0 sec  15.4 MBytes  64.5 Mbits/sec
[ 11]  6.0- 8.0 sec  13.8 MBytes  57.7 Mbits/sec
[SUM]  6.0- 8.0 sec   220 MBytes   924 Mbits/sec
[  7]  8.0-10.0 sec  18.9 MBytes  79.2 Mbits/sec
[ 12]  8.0-10.0 sec  19.4 MBytes  81.3 Mbits/sec
[  3]  8.0-10.0 sec  30.9 MBytes   129 Mbits/sec
[  5]  8.0-10.0 sec  33.1 MBytes   139 Mbits/sec
[  4]  8.0-10.0 sec  33.1 MBytes   139 Mbits/sec
[  6]  8.0-10.0 sec  19.6 MBytes  82.3 Mbits/sec
[  8]  8.0-10.0 sec  14.0 MBytes  58.7 Mbits/sec
[ 11]  8.0-10.0 sec  13.4 MBytes  56.1 Mbits/sec
[ 10]  8.0-10.0 sec  22.9 MBytes  95.9 Mbits/sec
[  9]  8.0-10.0 sec  13.6 MBytes  57.1 Mbits/sec
[SUM]  8.0-10.0 sec   219 MBytes   918 Mbits/sec
[  4] 10.0-12.0 sec  33.0 MBytes   138 Mbits/sec
[  6] 10.0-12.0 sec  19.8 MBytes  82.8 Mbits/sec
[  9] 10.0-12.0 sec  13.4 MBytes  56.1 Mbits/sec
[ 10] 10.0-12.0 sec  22.8 MBytes  95.4 Mbits/sec
[ 11] 10.0-12.0 sec  13.6 MBytes  57.1 Mbits/sec
[ 12] 10.0-12.0 sec  20.0 MBytes  83.9 Mbits/sec
[  3] 10.0-12.0 sec  31.1 MBytes   131 Mbits/sec
[  5] 10.0-12.0 sec  33.2 MBytes   139 Mbits/sec
[  8] 10.0-12.0 sec  14.8 MBytes  61.9 Mbits/sec
[  7] 10.0-12.0 sec  18.9 MBytes  79.2 Mbits/sec
[SUM] 10.0-12.0 sec   220 MBytes   925 Mbits/sec
[  3] 12.0-14.0 sec  30.5 MBytes   128 Mbits/sec
[ 10] 12.0-14.0 sec  22.4 MBytes  93.8 Mbits/sec
[ 12] 12.0-14.0 sec  20.8 MBytes  87.0 Mbits/sec
[  6] 12.0-14.0 sec  18.2 MBytes  76.5 Mbits/sec
[ 11] 12.0-14.0 sec  15.2 MBytes  64.0 Mbits/sec
[  5] 12.0-14.0 sec  33.2 MBytes   139 Mbits/sec
[  4] 12.0-14.0 sec  33.6 MBytes   141 Mbits/sec
[  7] 12.0-14.0 sec  18.4 MBytes  77.1 Mbits/sec
[  8] 12.0-14.0 sec  15.0 MBytes  62.9 Mbits/sec
[  9] 12.0-14.0 sec  13.0 MBytes  54.5 Mbits/sec
[SUM] 12.0-14.0 sec   220 MBytes   924 Mbits/sec
[  3] 14.0-16.0 sec  31.4 MBytes   132 Mbits/sec
[  4] 14.0-16.0 sec  32.6 MBytes   137 Mbits/sec
[  7] 14.0-16.0 sec  18.5 MBytes  77.6 Mbits/sec
[  6] 14.0-16.0 sec  11.8 MBytes  49.3 Mbits/sec
[ 11] 14.0-16.0 sec  21.5 MBytes  90.2 Mbits/sec
[ 12] 14.0-16.0 sec  22.0 MBytes  92.3 Mbits/sec
[  5] 14.0-16.0 sec  32.9 MBytes   138 Mbits/sec
[  8] 14.0-16.0 sec  14.4 MBytes  60.3 Mbits/sec
[ 10] 14.0-16.0 sec  22.8 MBytes  95.4 Mbits/sec
[  9] 14.0-16.0 sec  11.2 MBytes  47.2 Mbits/sec
[SUM] 14.0-16.0 sec   219 MBytes   919 Mbits/sec
[  5] 16.0-18.0 sec  32.9 MBytes   138 Mbits/sec
[  4] 16.0-18.0 sec  33.1 MBytes   139 Mbits/sec
[  6] 16.0-18.0 sec  11.1 MBytes  46.7 Mbits/sec
[  9] 16.0-18.0 sec  10.9 MBytes  45.6 Mbits/sec
[  8] 16.0-18.0 sec  14.8 MBytes  61.9 Mbits/sec
[  3] 16.0-18.0 sec  31.4 MBytes   132 Mbits/sec
[ 10] 16.0-18.0 sec  22.8 MBytes  95.4 Mbits/sec
[ 11] 16.0-18.0 sec  22.2 MBytes  93.3 Mbits/sec
[ 12] 16.0-18.0 sec  22.0 MBytes  92.3 Mbits/sec
[  7] 16.0-18.0 sec  18.4 MBytes  77.1 Mbits/sec
[SUM] 16.0-18.0 sec   220 MBytes   921 Mbits/sec
[  7]  0.0-20.0 sec   205 MBytes  85.9 Mbits/sec
[ 10] 18.0-20.0 sec  22.1 MBytes  92.8 Mbits/sec
[ 10]  0.0-20.0 sec   192 MBytes  80.3 Mbits/sec
[ 11] 18.0-20.0 sec  22.0 MBytes  92.3 Mbits/sec
[ 11]  0.0-20.0 sec   165 MBytes  69.1 Mbits/sec
[  3]  0.0-20.0 sec   328 MBytes   137 Mbits/sec
[  5] 18.0-20.0 sec  33.1 MBytes   139 Mbits/sec
[  5]  0.0-20.0 sec   286 MBytes   120 Mbits/sec
[ 12] 18.0-20.0 sec  22.1 MBytes  92.8 Mbits/sec
[ 12]  0.0-20.0 sec   182 MBytes  76.2 Mbits/sec
[  4] 18.0-20.0 sec  33.2 MBytes   139 Mbits/sec
[  4]  0.0-20.0 sec   347 MBytes   145 Mbits/sec
[  9] 18.0-20.0 sec  11.2 MBytes  47.2 Mbits/sec
[  9]  0.0-20.0 sec   168 MBytes  70.4 Mbits/sec
[  8] 18.0-20.0 sec  14.8 MBytes  61.9 Mbits/sec
[  8]  0.0-20.0 sec   145 MBytes  60.6 Mbits/sec
[  6] 18.0-20.0 sec  11.2 MBytes  47.2 Mbits/sec
[  6]  0.0-20.1 sec   185 MBytes  77.3 Mbits/sec
[SUM]  0.0-20.1 sec  2.15 GBytes   921 Mbits/sec
