------------------------------------------------------------
Client connecting to 192.168.12.20, TCP port 5001
TCP window size: 85.0 KByte (default)
------------------------------------------------------------
[  6] local 192.168.12.10 port 52066 connected with 192.168.12.20 port 5001
[  4] local 192.168.12.10 port 52058 connected with 192.168.12.20 port 5001
[  5] local 192.168.12.10 port 52060 connected with 192.168.12.20 port 5001
[  3] local 192.168.12.10 port 52062 connected with 192.168.12.20 port 5001
[  7] local 192.168.12.10 port 52064 connected with 192.168.12.20 port 5001
[ ID] Interval       Transfer     Bandwidth
[  7]  0.0- 2.0 sec   227 MBytes   952 Mbits/sec
[  4]  0.0- 2.0 sec   304 MBytes  1.28 Gbits/sec
[  5]  0.0- 2.0 sec   270 MBytes  1.13 Gbits/sec
[  3]  0.0- 2.0 sec   287 MBytes  1.20 Gbits/sec
[  6]  0.0- 2.0 sec   154 MBytes   645 Mbits/sec
[SUM]  0.0- 2.0 sec  1.21 GBytes  5.21 Gbits/sec
[  6]  2.0- 4.0 sec  65.8 MBytes   276 Mbits/sec
[  4]  2.0- 4.0 sec   167 MBytes   702 Mbits/sec
[  5]  2.0- 4.0 sec   150 MBytes   630 Mbits/sec
[  3]  2.0- 4.0 sec   165 MBytes   693 Mbits/sec
[  7]  2.0- 4.0 sec   123 MBytes   515 Mbits/sec
[SUM]  2.0- 4.0 sec   672 MBytes  2.82 Gbits/sec
[  4]  4.0- 6.0 sec   170 MBytes   715 Mbits/sec
[  3]  4.0- 6.0 sec   164 MBytes   688 Mbits/sec
[  7]  4.0- 6.0 sec   107 MBytes   448 Mbits/sec
[  6]  4.0- 6.0 sec  68.9 MBytes   289 Mbits/sec
[  5]  4.0- 6.0 sec   153 MBytes   642 Mbits/sec
[SUM]  4.0- 6.0 sec   663 MBytes  2.78 Gbits/sec
[  6]  6.0- 8.0 sec   188 MBytes   789 Mbits/sec
[  4]  6.0- 8.0 sec   379 MBytes  1.59 Gbits/sec
[  5]  6.0- 8.0 sec   251 MBytes  1.05 Gbits/sec
[  3]  6.0- 8.0 sec   393 MBytes  1.65 Gbits/sec
[  7]  6.0- 8.0 sec   223 MBytes   934 Mbits/sec
[SUM]  6.0- 8.0 sec  1.40 GBytes  6.01 Gbits/sec
[  6]  8.0-10.0 sec   358 MBytes  1.50 Gbits/sec
[  4]  8.0-10.0 sec   523 MBytes  2.19 Gbits/sec
[  5]  8.0-10.0 sec   213 MBytes   894 Mbits/sec
[  3]  8.0-10.0 sec   765 MBytes  3.21 Gbits/sec
[  7]  8.0-10.0 sec   334 MBytes  1.40 Gbits/sec
[SUM]  8.0-10.0 sec  2.14 GBytes  9.20 Gbits/sec
[  7] 10.0-12.0 sec   336 MBytes  1.41 Gbits/sec
[  6] 10.0-12.0 sec   425 MBytes  1.78 Gbits/sec
[  4] 10.0-12.0 sec   512 MBytes  2.15 Gbits/sec
[  5] 10.0-12.0 sec   236 MBytes   991 Mbits/sec
[  3] 10.0-12.0 sec   704 MBytes  2.95 Gbits/sec
[SUM] 10.0-12.0 sec  2.16 GBytes  9.28 Gbits/sec
[  6] 12.0-14.0 sec   447 MBytes  1.87 Gbits/sec
[  4] 12.0-14.0 sec   500 MBytes  2.10 Gbits/sec
[  5] 12.0-14.0 sec   268 MBytes  1.12 Gbits/sec
[  3] 12.0-14.0 sec   659 MBytes  2.76 Gbits/sec
[  7] 12.0-14.0 sec   338 MBytes  1.42 Gbits/sec
[SUM] 12.0-14.0 sec  2.16 GBytes  9.28 Gbits/sec
[  6] 14.0-16.0 sec   393 MBytes  1.65 Gbits/sec
[  4] 14.0-16.0 sec   499 MBytes  2.09 Gbits/sec
[  5] 14.0-16.0 sec   377 MBytes  1.58 Gbits/sec
[  3] 14.0-16.0 sec   628 MBytes  2.63 Gbits/sec
[  7] 14.0-16.0 sec   319 MBytes  1.34 Gbits/sec
[SUM] 14.0-16.0 sec  2.16 GBytes  9.30 Gbits/sec
[  6] 16.0-18.0 sec   328 MBytes  1.38 Gbits/sec
[  4] 16.0-18.0 sec   522 MBytes  2.19 Gbits/sec
[  5] 16.0-18.0 sec   513 MBytes  2.15 Gbits/sec
[  3] 16.0-18.0 sec   556 MBytes  2.33 Gbits/sec
[  7] 16.0-18.0 sec   298 MBytes  1.25 Gbits/sec
[SUM] 16.0-18.0 sec  2.17 GBytes  9.30 Gbits/sec
[  6] 18.0-20.0 sec   303 MBytes  1.27 Gbits/sec
[  6]  0.0-20.0 sec  2.67 GBytes  1.14 Gbits/sec
[  4]  0.0-20.0 sec  4.02 GBytes  1.72 Gbits/sec
[  5] 18.0-20.0 sec   539 MBytes  2.26 Gbits/sec
[  5]  0.0-20.0 sec  2.90 GBytes  1.25 Gbits/sec
[  7] 18.0-20.0 sec   298 MBytes  1.25 Gbits/sec
[  7]  0.0-20.0 sec  2.54 GBytes  1.09 Gbits/sec
[  3] 18.0-20.0 sec   539 MBytes  2.26 Gbits/sec
[  3]  0.0-20.0 sec  4.75 GBytes  2.04 Gbits/sec
[SUM]  0.0-20.0 sec  16.9 GBytes  7.24 Gbits/sec
