------------------------------------------------------------
Client connecting to 192.168.13.20, TCP port 5001
TCP window size: 85.0 KByte (default)
------------------------------------------------------------
[ 12] local 192.168.13.10 port 50130 connected with 192.168.13.20 port 5001
[  4] local 192.168.13.10 port 50112 connected with 192.168.13.20 port 5001
[  3] local 192.168.13.10 port 50114 connected with 192.168.13.20 port 5001
[  6] local 192.168.13.10 port 50116 connected with 192.168.13.20 port 5001
[  5] local 192.168.13.10 port 50118 connected with 192.168.13.20 port 5001
[  8] local 192.168.13.10 port 50120 connected with 192.168.13.20 port 5001
[  9] local 192.168.13.10 port 50122 connected with 192.168.13.20 port 5001
[  7] local 192.168.13.10 port 50124 connected with 192.168.13.20 port 5001
[ 10] local 192.168.13.10 port 50126 connected with 192.168.13.20 port 5001
[ 11] local 192.168.13.10 port 50128 connected with 192.168.13.20 port 5001
[ ID] Interval       Transfer     Bandwidth
[  6]  0.0- 2.0 sec  25.2 MBytes   106 Mbits/sec
[  5]  0.0- 2.0 sec  26.1 MBytes   110 Mbits/sec
[  3]  0.0- 2.0 sec  38.5 MBytes   161 Mbits/sec
[  9]  0.0- 2.0 sec  36.4 MBytes   153 Mbits/sec
[  7]  0.0- 2.0 sec  11.5 MBytes  48.2 Mbits/sec
[ 11]  0.0- 2.0 sec  36.5 MBytes   153 Mbits/sec
[ 12]  0.0- 2.0 sec  12.6 MBytes  53.0 Mbits/sec
[  4]  0.0- 2.0 sec  13.6 MBytes  57.1 Mbits/sec
[  8]  0.0- 2.0 sec  16.5 MBytes  69.2 Mbits/sec
[ 10]  0.0- 2.0 sec  11.2 MBytes  47.2 Mbits/sec
[SUM]  0.0- 2.0 sec   228 MBytes   957 Mbits/sec
[  3]  2.0- 4.0 sec  37.1 MBytes   156 Mbits/sec
[  8]  2.0- 4.0 sec  13.6 MBytes  57.1 Mbits/sec
[ 12]  2.0- 4.0 sec  12.5 MBytes  52.4 Mbits/sec
[  6]  2.0- 4.0 sec  24.4 MBytes   102 Mbits/sec
[  9]  2.0- 4.0 sec  37.2 MBytes   156 Mbits/sec
[ 11]  2.0- 4.0 sec  37.4 MBytes   157 Mbits/sec
[  4]  2.0- 4.0 sec  13.2 MBytes  55.6 Mbits/sec
[  5]  2.0- 4.0 sec  25.0 MBytes   105 Mbits/sec
[ 10]  2.0- 4.0 sec  12.0 MBytes  50.3 Mbits/sec
[  7]  2.0- 4.0 sec  12.0 MBytes  50.3 Mbits/sec
[SUM]  2.0- 4.0 sec   224 MBytes   942 Mbits/sec
[  9]  4.0- 6.0 sec  37.1 MBytes   156 Mbits/sec
[ 11]  4.0- 6.0 sec  37.1 MBytes   156 Mbits/sec
[  3]  4.0- 6.0 sec  37.4 MBytes   157 Mbits/sec
[  6]  4.0- 6.0 sec  24.1 MBytes   101 Mbits/sec
[  8]  4.0- 6.0 sec  14.0 MBytes  58.7 Mbits/sec
[  4]  4.0- 6.0 sec  13.2 MBytes  55.6 Mbits/sec
[  5]  4.0- 6.0 sec  25.0 MBytes   105 Mbits/sec
[  7]  4.0- 6.0 sec  11.8 MBytes  49.3 Mbits/sec
[ 12]  4.0- 6.0 sec  12.5 MBytes  52.4 Mbits/sec
[ 10]  4.0- 6.0 sec  11.8 MBytes  49.3 Mbits/sec
[SUM]  4.0- 6.0 sec   224 MBytes   940 Mbits/sec
[  3]  6.0- 8.0 sec  37.1 MBytes   156 Mbits/sec
[  6]  6.0- 8.0 sec  24.1 MBytes   101 Mbits/sec
[  9]  6.0- 8.0 sec  37.2 MBytes   156 Mbits/sec
[ 10]  6.0- 8.0 sec  11.1 MBytes  46.7 Mbits/sec
[  5]  6.0- 8.0 sec  24.8 MBytes   104 Mbits/sec
[ 11]  6.0- 8.0 sec  37.4 MBytes   157 Mbits/sec
[ 12]  6.0- 8.0 sec  12.5 MBytes  52.4 Mbits/sec
[  4]  6.0- 8.0 sec  13.2 MBytes  55.6 Mbits/sec
[  7]  6.0- 8.0 sec  12.0 MBytes  50.3 Mbits/sec
[  8]  6.0- 8.0 sec  14.4 MBytes  60.3 Mbits/sec
[SUM]  6.0- 8.0 sec   224 MBytes   939 Mbits/sec
[  3]  8.0-10.0 sec  37.4 MBytes   157 Mbits/sec
[  6]  8.0-10.0 sec  24.4 MBytes   102 Mbits/sec
[  5]  8.0-10.0 sec  24.9 MBytes   104 Mbits/sec
[  8]  8.0-10.0 sec  14.0 MBytes  58.7 Mbits/sec
[  9]  8.0-10.0 sec  37.2 MBytes   156 Mbits/sec
[ 11]  8.0-10.0 sec  37.1 MBytes   156 Mbits/sec
[  4]  8.0-10.0 sec  13.1 MBytes  55.1 Mbits/sec
[  7]  8.0-10.0 sec  11.8 MBytes  49.3 Mbits/sec
[ 12]  8.0-10.0 sec  12.5 MBytes  52.4 Mbits/sec
[ 10]  8.0-10.0 sec  11.5 MBytes  48.2 Mbits/sec
[SUM]  8.0-10.0 sec   224 MBytes   939 Mbits/sec
[  3] 10.0-12.0 sec  37.1 MBytes   156 Mbits/sec
[ 12] 10.0-12.0 sec  12.4 MBytes  51.9 Mbits/sec
[  6] 10.0-12.0 sec  24.1 MBytes   101 Mbits/sec
[  5] 10.0-12.0 sec  25.0 MBytes   105 Mbits/sec
[  9] 10.0-12.0 sec  37.2 MBytes   156 Mbits/sec
[ 11] 10.0-12.0 sec  37.4 MBytes   157 Mbits/sec
[  4] 10.0-12.0 sec  13.2 MBytes  55.6 Mbits/sec
[  7] 10.0-12.0 sec  11.8 MBytes  49.3 Mbits/sec
[ 10] 10.0-12.0 sec  11.1 MBytes  46.7 Mbits/sec
[  8] 10.0-12.0 sec  14.8 MBytes  61.9 Mbits/sec
[SUM] 10.0-12.0 sec   224 MBytes   940 Mbits/sec
[  3] 12.0-14.0 sec  37.2 MBytes   156 Mbits/sec
[  6] 12.0-14.0 sec  24.9 MBytes   104 Mbits/sec
[  8] 12.0-14.0 sec  11.5 MBytes  48.2 Mbits/sec
[  9] 12.0-14.0 sec  36.9 MBytes   155 Mbits/sec
[ 10] 12.0-14.0 sec  16.6 MBytes  69.7 Mbits/sec
[ 11] 12.0-14.0 sec  37.1 MBytes   156 Mbits/sec
[  5] 12.0-14.0 sec  25.2 MBytes   106 Mbits/sec
[ 12] 12.0-14.0 sec  12.6 MBytes  53.0 Mbits/sec
[  4] 12.0-14.0 sec  13.1 MBytes  55.1 Mbits/sec
[  7] 12.0-14.0 sec  9.88 MBytes  41.4 Mbits/sec
[SUM] 12.0-14.0 sec   225 MBytes   944 Mbits/sec
[ 11] 14.0-16.0 sec  37.1 MBytes   156 Mbits/sec
[  4] 14.0-16.0 sec  12.4 MBytes  51.9 Mbits/sec
[  3] 14.0-16.0 sec  37.5 MBytes   157 Mbits/sec
[  6] 14.0-16.0 sec  24.9 MBytes   104 Mbits/sec
[  9] 14.0-16.0 sec  37.2 MBytes   156 Mbits/sec
[ 10] 14.0-16.0 sec  18.9 MBytes  79.2 Mbits/sec
[ 12] 14.0-16.0 sec  12.5 MBytes  52.4 Mbits/sec
[  5] 14.0-16.0 sec  25.0 MBytes   105 Mbits/sec
[  7] 14.0-16.0 sec  9.00 MBytes  37.7 Mbits/sec
[  8] 14.0-16.0 sec  9.50 MBytes  39.8 Mbits/sec
[SUM] 14.0-16.0 sec   224 MBytes   940 Mbits/sec
[  3] 16.0-18.0 sec  37.1 MBytes   156 Mbits/sec
[  6] 16.0-18.0 sec  24.8 MBytes   104 Mbits/sec
[  9] 16.0-18.0 sec  37.2 MBytes   156 Mbits/sec
[  5] 16.0-18.0 sec  24.9 MBytes   104 Mbits/sec
[  8] 16.0-18.0 sec  9.38 MBytes  39.3 Mbits/sec
[ 11] 16.0-18.0 sec  37.2 MBytes   156 Mbits/sec
[ 12] 16.0-18.0 sec  12.5 MBytes  52.4 Mbits/sec
[  4] 16.0-18.0 sec  12.5 MBytes  52.4 Mbits/sec
[  7] 16.0-18.0 sec  9.25 MBytes  38.8 Mbits/sec
[ 10] 16.0-18.0 sec  18.9 MBytes  79.2 Mbits/sec
[SUM] 16.0-18.0 sec   224 MBytes   938 Mbits/sec
[  3] 18.0-20.0 sec  37.1 MBytes   156 Mbits/sec
[  3]  0.0-20.0 sec   374 MBytes   157 Mbits/sec
[ 11] 18.0-20.0 sec  37.2 MBytes   156 Mbits/sec
[ 11]  0.0-20.0 sec   372 MBytes   156 Mbits/sec
[  4]  0.0-20.0 sec   130 MBytes  54.6 Mbits/sec
[  6] 18.0-20.0 sec  25.1 MBytes   105 Mbits/sec
[  6]  0.0-20.0 sec   246 MBytes   103 Mbits/sec
[  5] 18.0-20.0 sec  24.9 MBytes   104 Mbits/sec
[  5]  0.0-20.0 sec   251 MBytes   105 Mbits/sec
[  9] 18.0-20.0 sec  37.2 MBytes   156 Mbits/sec
[  9]  0.0-20.0 sec   371 MBytes   156 Mbits/sec
[ 12] 18.0-20.0 sec  12.4 MBytes  51.9 Mbits/sec
[ 12]  0.0-20.0 sec   125 MBytes  52.4 Mbits/sec
[  7] 18.0-20.0 sec  9.12 MBytes  38.3 Mbits/sec
[  7]  0.0-20.0 sec   108 MBytes  45.3 Mbits/sec
[ 10] 18.0-20.0 sec  18.9 MBytes  79.2 Mbits/sec
[ 10]  0.0-20.0 sec   142 MBytes  59.5 Mbits/sec
[  8] 18.0-20.0 sec  9.50 MBytes  39.8 Mbits/sec
[  8]  0.0-20.1 sec   127 MBytes  53.2 Mbits/sec
[SUM]  0.0-20.1 sec  2.19 GBytes   939 Mbits/sec
