------------------------------------------------------------
Client connecting to 192.168.12.20, TCP port 5001
TCP window size: 85.0 KByte (default)
------------------------------------------------------------
[  6] local 192.168.12.10 port 51854 connected with 192.168.12.20 port 5001
[  3] local 192.168.12.10 port 51846 connected with 192.168.12.20 port 5001
[  4] local 192.168.12.10 port 51848 connected with 192.168.12.20 port 5001
[  5] local 192.168.12.10 port 51850 connected with 192.168.12.20 port 5001
[  7] local 192.168.12.10 port 51852 connected with 192.168.12.20 port 5001
[ ID] Interval       Transfer     Bandwidth
[  6]  0.0- 2.0 sec   430 MBytes  1.81 Gbits/sec
[  4]  0.0- 2.0 sec   421 MBytes  1.77 Gbits/sec
[  3]  0.0- 2.0 sec   351 MBytes  1.47 Gbits/sec
[  5]  0.0- 2.0 sec   399 MBytes  1.68 Gbits/sec
[  7]  0.0- 2.0 sec   498 MBytes  2.09 Gbits/sec
[SUM]  0.0- 2.0 sec  2.05 GBytes  8.81 Gbits/sec
[  6]  2.0- 4.0 sec   407 MBytes  1.71 Gbits/sec
[  3]  2.0- 4.0 sec   476 MBytes  2.00 Gbits/sec
[  4]  2.0- 4.0 sec   406 MBytes  1.70 Gbits/sec
[  5]  2.0- 4.0 sec   446 MBytes  1.87 Gbits/sec
[  7]  2.0- 4.0 sec   501 MBytes  2.10 Gbits/sec
[SUM]  2.0- 4.0 sec  2.18 GBytes  9.38 Gbits/sec
[  6]  4.0- 6.0 sec   402 MBytes  1.69 Gbits/sec
[  3]  4.0- 6.0 sec   472 MBytes  1.98 Gbits/sec
[  4]  4.0- 6.0 sec   403 MBytes  1.69 Gbits/sec
[  5]  4.0- 6.0 sec   478 MBytes  2.00 Gbits/sec
[  7]  4.0- 6.0 sec   481 MBytes  2.02 Gbits/sec
[SUM]  4.0- 6.0 sec  2.18 GBytes  9.38 Gbits/sec
[  6]  6.0- 8.0 sec   400 MBytes  1.68 Gbits/sec
[  3]  6.0- 8.0 sec   473 MBytes  1.99 Gbits/sec
[  5]  6.0- 8.0 sec   480 MBytes  2.01 Gbits/sec
[  7]  6.0- 8.0 sec   482 MBytes  2.02 Gbits/sec
[  4]  6.0- 8.0 sec   400 MBytes  1.68 Gbits/sec
[SUM]  6.0- 8.0 sec  2.18 GBytes  9.38 Gbits/sec
[  6]  8.0-10.0 sec   425 MBytes  1.78 Gbits/sec
[  3]  8.0-10.0 sec   462 MBytes  1.94 Gbits/sec
[  4]  8.0-10.0 sec   419 MBytes  1.76 Gbits/sec
[  5]  8.0-10.0 sec   468 MBytes  1.96 Gbits/sec
[  7]  8.0-10.0 sec   467 MBytes  1.96 Gbits/sec
[SUM]  8.0-10.0 sec  2.19 GBytes  9.40 Gbits/sec
[  6] 10.0-12.0 sec   468 MBytes  1.96 Gbits/sec
[  3] 10.0-12.0 sec   460 MBytes  1.93 Gbits/sec
[  4] 10.0-12.0 sec   372 MBytes  1.56 Gbits/sec
[  5] 10.0-12.0 sec   470 MBytes  1.97 Gbits/sec
[  7] 10.0-12.0 sec   470 MBytes  1.97 Gbits/sec
[SUM] 10.0-12.0 sec  2.19 GBytes  9.39 Gbits/sec
[  6] 12.0-14.0 sec   471 MBytes  1.97 Gbits/sec
[  3] 12.0-14.0 sec   461 MBytes  1.93 Gbits/sec
[  4] 12.0-14.0 sec   365 MBytes  1.53 Gbits/sec
[  5] 12.0-14.0 sec   471 MBytes  1.98 Gbits/sec
[  7] 12.0-14.0 sec   471 MBytes  1.97 Gbits/sec
[SUM] 12.0-14.0 sec  2.19 GBytes  9.39 Gbits/sec
[  6] 14.0-16.0 sec   468 MBytes  1.96 Gbits/sec
[  3] 14.0-16.0 sec   461 MBytes  1.93 Gbits/sec
[  4] 14.0-16.0 sec   370 MBytes  1.55 Gbits/sec
[  5] 14.0-16.0 sec   469 MBytes  1.97 Gbits/sec
[  7] 14.0-16.0 sec   469 MBytes  1.97 Gbits/sec
[SUM] 14.0-16.0 sec  2.19 GBytes  9.39 Gbits/sec
[  6] 16.0-18.0 sec   465 MBytes  1.95 Gbits/sec
[  3] 16.0-18.0 sec   458 MBytes  1.92 Gbits/sec
[  7] 16.0-18.0 sec   465 MBytes  1.95 Gbits/sec
[  4] 16.0-18.0 sec   386 MBytes  1.62 Gbits/sec
[  5] 16.0-18.0 sec   466 MBytes  1.95 Gbits/sec
[SUM] 16.0-18.0 sec  2.19 GBytes  9.39 Gbits/sec
[  6] 18.0-20.0 sec   464 MBytes  1.95 Gbits/sec
[  6]  0.0-20.0 sec  4.30 GBytes  1.85 Gbits/sec
[  3] 18.0-20.0 sec   459 MBytes  1.93 Gbits/sec
[  3]  0.0-20.0 sec  4.43 GBytes  1.90 Gbits/sec
[  4] 18.0-20.0 sec   387 MBytes  1.62 Gbits/sec
[  4]  0.0-20.0 sec  3.84 GBytes  1.65 Gbits/sec
[  5] 18.0-20.0 sec   464 MBytes  1.95 Gbits/sec
[  5]  0.0-20.0 sec  4.50 GBytes  1.93 Gbits/sec
[  7] 18.0-20.0 sec   465 MBytes  1.95 Gbits/sec
[SUM] 18.0-20.0 sec  2.19 GBytes  9.39 Gbits/sec
[  7]  0.0-20.0 sec  4.66 GBytes  2.00 Gbits/sec
[SUM]  0.0-20.0 sec  21.7 GBytes  9.33 Gbits/sec
