------------------------------------------------------------
Client connecting to 192.168.13.20, TCP port 5001
TCP window size: 85.0 KByte (default)
------------------------------------------------------------
[  7] local 192.168.13.10 port 47702 connected with 192.168.13.20 port 5001
[  4] local 192.168.13.10 port 47694 connected with 192.168.13.20 port 5001
[  5] local 192.168.13.10 port 47696 connected with 192.168.13.20 port 5001
[  6] local 192.168.13.10 port 47698 connected with 192.168.13.20 port 5001
[  3] local 192.168.13.10 port 47700 connected with 192.168.13.20 port 5001
[ ID] Interval       Transfer     Bandwidth
[  5]  0.0- 2.0 sec  58.9 MBytes   247 Mbits/sec
[  7]  0.0- 2.0 sec  49.1 MBytes   206 Mbits/sec
[  6]  0.0- 2.0 sec  28.9 MBytes   121 Mbits/sec
[  3]  0.0- 2.0 sec  55.9 MBytes   234 Mbits/sec
[  4]  0.0- 2.0 sec  29.6 MBytes   124 Mbits/sec
[SUM]  0.0- 2.0 sec   222 MBytes   933 Mbits/sec
[  5]  2.0- 4.0 sec  56.6 MBytes   238 Mbits/sec
[  6]  2.0- 4.0 sec  28.4 MBytes   119 Mbits/sec
[  7]  2.0- 4.0 sec  50.5 MBytes   212 Mbits/sec
[  4]  2.0- 4.0 sec  28.4 MBytes   119 Mbits/sec
[  3]  2.0- 4.0 sec  56.2 MBytes   236 Mbits/sec
[SUM]  2.0- 4.0 sec   220 MBytes   923 Mbits/sec
[  7]  4.0- 6.0 sec  48.9 MBytes   205 Mbits/sec
[  4]  4.0- 6.0 sec  28.9 MBytes   121 Mbits/sec
[  5]  4.0- 6.0 sec  56.9 MBytes   239 Mbits/sec
[  3]  4.0- 6.0 sec  56.4 MBytes   236 Mbits/sec
[  6]  4.0- 6.0 sec  28.9 MBytes   121 Mbits/sec
[SUM]  4.0- 6.0 sec   220 MBytes   922 Mbits/sec
[  4]  6.0- 8.0 sec  29.1 MBytes   122 Mbits/sec
[  5]  6.0- 8.0 sec  57.5 MBytes   241 Mbits/sec
[  6]  6.0- 8.0 sec  28.8 MBytes   121 Mbits/sec
[  7]  6.0- 8.0 sec  49.6 MBytes   208 Mbits/sec
[  3]  6.0- 8.0 sec  55.4 MBytes   232 Mbits/sec
[SUM]  6.0- 8.0 sec   220 MBytes   924 Mbits/sec
[  3]  8.0-10.0 sec  54.6 MBytes   229 Mbits/sec
[  7]  8.0-10.0 sec  49.0 MBytes   206 Mbits/sec
[  6]  8.0-10.0 sec  28.9 MBytes   121 Mbits/sec
[  4]  8.0-10.0 sec  29.1 MBytes   122 Mbits/sec
[  5]  8.0-10.0 sec  57.8 MBytes   242 Mbits/sec
[SUM]  8.0-10.0 sec   219 MBytes   920 Mbits/sec
[  3] 10.0-12.0 sec  55.0 MBytes   231 Mbits/sec
[  4] 10.0-12.0 sec  29.0 MBytes   122 Mbits/sec
[  5] 10.0-12.0 sec  57.6 MBytes   242 Mbits/sec
[  6] 10.0-12.0 sec  28.9 MBytes   121 Mbits/sec
[  7] 10.0-12.0 sec  49.4 MBytes   207 Mbits/sec
[SUM] 10.0-12.0 sec   220 MBytes   922 Mbits/sec
[  3] 12.0-14.0 sec  55.0 MBytes   231 Mbits/sec
[  7] 12.0-14.0 sec  49.1 MBytes   206 Mbits/sec
[  4] 12.0-14.0 sec  29.2 MBytes   123 Mbits/sec
[  5] 12.0-14.0 sec  57.9 MBytes   243 Mbits/sec
[  6] 12.0-14.0 sec  28.9 MBytes   121 Mbits/sec
[SUM] 12.0-14.0 sec   220 MBytes   923 Mbits/sec
[  7] 14.0-16.0 sec  49.6 MBytes   208 Mbits/sec
[  5] 14.0-16.0 sec  57.4 MBytes   241 Mbits/sec
[  3] 14.0-16.0 sec  54.6 MBytes   229 Mbits/sec
[  6] 14.0-16.0 sec  28.8 MBytes   121 Mbits/sec
[  4] 14.0-16.0 sec  29.1 MBytes   122 Mbits/sec
[SUM] 14.0-16.0 sec   220 MBytes   921 Mbits/sec
[  3] 16.0-18.0 sec  54.1 MBytes   227 Mbits/sec
[  5] 16.0-18.0 sec  57.9 MBytes   243 Mbits/sec
[  6] 16.0-18.0 sec  28.9 MBytes   121 Mbits/sec
[  7] 16.0-18.0 sec  50.1 MBytes   210 Mbits/sec
[  4] 16.0-18.0 sec  29.0 MBytes   122 Mbits/sec
[SUM] 16.0-18.0 sec   220 MBytes   923 Mbits/sec
[  5]  0.0-19.0 sec   547 MBytes   242 Mbits/sec
[  4]  0.0-19.0 sec   276 MBytes   122 Mbits/sec
[  6] 18.0-20.0 sec  48.4 MBytes   203 Mbits/sec
[  6]  0.0-20.0 sec   308 MBytes   129 Mbits/sec
[  7] 18.0-20.0 sec  62.1 MBytes   261 Mbits/sec
[  7]  0.0-20.0 sec   508 MBytes   213 Mbits/sec
[  3] 18.0-20.0 sec  66.5 MBytes   279 Mbits/sec
[  3]  0.0-20.0 sec   564 MBytes   236 Mbits/sec
[SUM]  0.0-20.0 sec  2.15 GBytes   923 Mbits/sec
