------------------------------------------------------------
Client connecting to 192.168.13.20, TCP port 5001
TCP window size: 85.0 KByte (default)
------------------------------------------------------------
[  7] local 192.168.13.10 port 43752 connected with 192.168.13.20 port 5001
[  4] local 192.168.13.10 port 43746 connected with 192.168.13.20 port 5001
[  3] local 192.168.13.10 port 43744 connected with 192.168.13.20 port 5001
[  6] local 192.168.13.10 port 43748 connected with 192.168.13.20 port 5001
[  5] local 192.168.13.10 port 43750 connected with 192.168.13.20 port 5001
[ ID] Interval       Transfer     Bandwidth
[  7]  0.0- 2.0 sec  45.2 MBytes   190 Mbits/sec
[  3]  0.0- 2.0 sec  45.2 MBytes   190 Mbits/sec
[  4]  0.0- 2.0 sec  45.4 MBytes   190 Mbits/sec
[  6]  0.0- 2.0 sec  45.4 MBytes   190 Mbits/sec
[  5]  0.0- 2.0 sec  45.4 MBytes   190 Mbits/sec
[SUM]  0.0- 2.0 sec   227 MBytes   951 Mbits/sec
[  7]  2.0- 4.0 sec  44.9 MBytes   188 Mbits/sec
[  4]  2.0- 4.0 sec  44.8 MBytes   188 Mbits/sec
[  6]  2.0- 4.0 sec  44.8 MBytes   188 Mbits/sec
[  5]  2.0- 4.0 sec  44.8 MBytes   188 Mbits/sec
[  3]  2.0- 4.0 sec  45.0 MBytes   189 Mbits/sec
[SUM]  2.0- 4.0 sec   224 MBytes   940 Mbits/sec
[  7]  4.0- 6.0 sec  44.8 MBytes   188 Mbits/sec
[  3]  4.0- 6.0 sec  44.6 MBytes   187 Mbits/sec
[  5]  4.0- 6.0 sec  44.8 MBytes   188 Mbits/sec
[  4]  4.0- 6.0 sec  44.9 MBytes   188 Mbits/sec
[  6]  4.0- 6.0 sec  44.9 MBytes   188 Mbits/sec
[SUM]  4.0- 6.0 sec   224 MBytes   939 Mbits/sec
[  7]  6.0- 8.0 sec  44.9 MBytes   188 Mbits/sec
[  5]  6.0- 8.0 sec  44.9 MBytes   188 Mbits/sec
[  4]  6.0- 8.0 sec  44.8 MBytes   188 Mbits/sec
[  3]  6.0- 8.0 sec  45.0 MBytes   189 Mbits/sec
[  6]  6.0- 8.0 sec  44.8 MBytes   188 Mbits/sec
[SUM]  6.0- 8.0 sec   224 MBytes   941 Mbits/sec
[  7]  8.0-10.0 sec  44.8 MBytes   188 Mbits/sec
[  4]  8.0-10.0 sec  44.9 MBytes   188 Mbits/sec
[  3]  8.0-10.0 sec  44.6 MBytes   187 Mbits/sec
[  6]  8.0-10.0 sec  44.9 MBytes   188 Mbits/sec
[  5]  8.0-10.0 sec  44.8 MBytes   188 Mbits/sec
[SUM]  8.0-10.0 sec   224 MBytes   939 Mbits/sec
[  3] 10.0-12.0 sec  44.8 MBytes   188 Mbits/sec
[  7] 10.0-12.0 sec  44.9 MBytes   188 Mbits/sec
[  6] 10.0-12.0 sec  44.8 MBytes   188 Mbits/sec
[  5] 10.0-12.0 sec  44.9 MBytes   188 Mbits/sec
[  4] 10.0-12.0 sec  44.8 MBytes   188 Mbits/sec
[SUM] 10.0-12.0 sec   224 MBytes   940 Mbits/sec
[  7] 12.0-14.0 sec  44.8 MBytes   188 Mbits/sec
[  4] 12.0-14.0 sec  44.6 MBytes   187 Mbits/sec
[  5] 12.0-14.0 sec  44.8 MBytes   188 Mbits/sec
[  3] 12.0-14.0 sec  44.9 MBytes   188 Mbits/sec
[  6] 12.0-14.0 sec  44.9 MBytes   188 Mbits/sec
[SUM] 12.0-14.0 sec   224 MBytes   939 Mbits/sec
[  3] 14.0-16.0 sec  44.8 MBytes   188 Mbits/sec
[  7] 14.0-16.0 sec  44.8 MBytes   188 Mbits/sec
[  4] 14.0-16.0 sec  45.0 MBytes   189 Mbits/sec
[  6] 14.0-16.0 sec  44.8 MBytes   188 Mbits/sec
[  5] 14.0-16.0 sec  44.9 MBytes   188 Mbits/sec
[SUM] 14.0-16.0 sec   224 MBytes   940 Mbits/sec
[  7] 16.0-18.0 sec  44.9 MBytes   188 Mbits/sec
[  4] 16.0-18.0 sec  44.6 MBytes   187 Mbits/sec
[  3] 16.0-18.0 sec  44.9 MBytes   188 Mbits/sec
[  6] 16.0-18.0 sec  44.6 MBytes   187 Mbits/sec
[  5] 16.0-18.0 sec  44.8 MBytes   188 Mbits/sec
[SUM] 16.0-18.0 sec   224 MBytes   938 Mbits/sec
[  7] 18.0-20.0 sec  44.8 MBytes   188 Mbits/sec
[  7]  0.0-20.0 sec   449 MBytes   188 Mbits/sec
[  3] 18.0-20.0 sec  44.8 MBytes   188 Mbits/sec
[  3]  0.0-20.0 sec   449 MBytes   188 Mbits/sec
[  5] 18.0-20.0 sec  44.8 MBytes   188 Mbits/sec
[  5]  0.0-20.0 sec   449 MBytes   188 Mbits/sec
[  4] 18.0-20.0 sec  45.0 MBytes   189 Mbits/sec
[  4]  0.0-20.0 sec   449 MBytes   188 Mbits/sec
[  6] 18.0-20.0 sec  45.0 MBytes   189 Mbits/sec
[SUM] 18.0-20.0 sec   224 MBytes   941 Mbits/sec
[  6]  0.0-20.0 sec   449 MBytes   188 Mbits/sec
[SUM]  0.0-20.0 sec  2.19 GBytes   940 Mbits/sec
