------------------------------------------------------------
Client connecting to 192.168.13.20, TCP port 5001
TCP window size: 85.0 KByte (default)
------------------------------------------------------------
[  4] local 192.168.13.10 port 47738 connected with 192.168.13.20 port 5001
[  3] local 192.168.13.10 port 47714 connected with 192.168.13.20 port 5001
[  5] local 192.168.13.10 port 47716 connected with 192.168.13.20 port 5001
[ 11] local 192.168.13.10 port 47750 connected with 192.168.13.20 port 5001
[  8] local 192.168.13.10 port 47744 connected with 192.168.13.20 port 5001
[  7] local 192.168.13.10 port 47740 connected with 192.168.13.20 port 5001
[  6] local 192.168.13.10 port 47742 connected with 192.168.13.20 port 5001
[  9] local 192.168.13.10 port 47746 connected with 192.168.13.20 port 5001
[ 12] local 192.168.13.10 port 47752 connected with 192.168.13.20 port 5001
[ 10] local 192.168.13.10 port 47748 connected with 192.168.13.20 port 5001
[ ID] Interval       Transfer     Bandwidth
[  4]  0.0- 2.0 sec  12.1 MBytes  50.9 Mbits/sec
[  8]  0.0- 2.0 sec  46.1 MBytes   193 Mbits/sec
[  7]  0.0- 2.0 sec  28.6 MBytes   120 Mbits/sec
[ 12]  0.0- 2.0 sec  41.8 MBytes   175 Mbits/sec
[  5]  0.0- 2.0 sec  28.1 MBytes   118 Mbits/sec
[ 11]  0.0- 2.0 sec  24.4 MBytes   102 Mbits/sec
[  6]  0.0- 2.0 sec  19.4 MBytes  81.3 Mbits/sec
[ 10]  0.0- 2.0 sec  12.6 MBytes  53.0 Mbits/sec
[  3]  0.0- 2.0 sec  7.50 MBytes  31.5 Mbits/sec
[  9]  0.0- 2.0 sec  7.12 MBytes  29.9 Mbits/sec
[SUM]  0.0- 2.0 sec   228 MBytes   955 Mbits/sec
[  5]  2.0- 4.0 sec  24.1 MBytes   101 Mbits/sec
[ 11]  2.0- 4.0 sec  21.5 MBytes  90.2 Mbits/sec
[  8]  2.0- 4.0 sec  45.6 MBytes   191 Mbits/sec
[  7]  2.0- 4.0 sec  26.0 MBytes   109 Mbits/sec
[ 12]  2.0- 4.0 sec  44.0 MBytes   185 Mbits/sec
[  6]  2.0- 4.0 sec  20.9 MBytes  87.6 Mbits/sec
[  9]  2.0- 4.0 sec  6.75 MBytes  28.3 Mbits/sec
[ 10]  2.0- 4.0 sec  13.1 MBytes  55.1 Mbits/sec
[  4]  2.0- 4.0 sec  12.4 MBytes  51.9 Mbits/sec
[  3]  2.0- 4.0 sec  6.62 MBytes  27.8 Mbits/sec
[SUM]  2.0- 4.0 sec   221 MBytes   927 Mbits/sec
[  7]  4.0- 6.0 sec  23.2 MBytes  97.5 Mbits/sec
[ 10]  4.0- 6.0 sec  11.5 MBytes  48.2 Mbits/sec
[  3]  4.0- 6.0 sec  10.2 MBytes  43.0 Mbits/sec
[  5]  4.0- 6.0 sec  20.9 MBytes  87.6 Mbits/sec
[ 11]  4.0- 6.0 sec  21.0 MBytes  88.1 Mbits/sec
[  8]  4.0- 6.0 sec  45.8 MBytes   192 Mbits/sec
[  6]  4.0- 6.0 sec  20.1 MBytes  84.4 Mbits/sec
[ 12]  4.0- 6.0 sec  45.8 MBytes   192 Mbits/sec
[  9]  4.0- 6.0 sec  11.2 MBytes  47.2 Mbits/sec
[  4]  4.0- 6.0 sec  11.1 MBytes  46.7 Mbits/sec
[SUM]  4.0- 6.0 sec   221 MBytes   926 Mbits/sec
[  3]  6.0- 8.0 sec  10.6 MBytes  44.6 Mbits/sec
[ 11]  6.0- 8.0 sec  21.1 MBytes  88.6 Mbits/sec
[  8]  6.0- 8.0 sec  45.8 MBytes   192 Mbits/sec
[ 12]  6.0- 8.0 sec  45.8 MBytes   192 Mbits/sec
[  5]  6.0- 8.0 sec  20.9 MBytes  87.6 Mbits/sec
[  7]  6.0- 8.0 sec  23.4 MBytes  98.0 Mbits/sec
[ 10]  6.0- 8.0 sec  11.6 MBytes  48.8 Mbits/sec
[  6]  6.0- 8.0 sec  20.1 MBytes  84.4 Mbits/sec
[  9]  6.0- 8.0 sec  11.2 MBytes  47.2 Mbits/sec
[  4]  6.0- 8.0 sec  10.9 MBytes  45.6 Mbits/sec
[SUM]  6.0- 8.0 sec   221 MBytes   929 Mbits/sec
[  5]  8.0-10.0 sec  19.0 MBytes  79.7 Mbits/sec
[ 11]  8.0-10.0 sec  21.0 MBytes  88.1 Mbits/sec
[  8]  8.0-10.0 sec  45.8 MBytes   192 Mbits/sec
[ 12]  8.0-10.0 sec  45.6 MBytes   191 Mbits/sec
[ 10]  8.0-10.0 sec  11.5 MBytes  48.2 Mbits/sec
[  7]  8.0-10.0 sec  20.4 MBytes  85.5 Mbits/sec
[  6]  8.0-10.0 sec  20.0 MBytes  83.9 Mbits/sec
[  9]  8.0-10.0 sec  14.2 MBytes  59.8 Mbits/sec
[  3]  8.0-10.0 sec  13.4 MBytes  56.1 Mbits/sec
[  4]  8.0-10.0 sec  10.2 MBytes  43.0 Mbits/sec
[SUM]  8.0-10.0 sec   221 MBytes   927 Mbits/sec
[  8] 10.0-12.0 sec  45.9 MBytes   192 Mbits/sec
[  7] 10.0-12.0 sec  19.2 MBytes  80.7 Mbits/sec
[  6] 10.0-12.0 sec  20.1 MBytes  84.4 Mbits/sec
[  9] 10.0-12.0 sec  14.9 MBytes  62.4 Mbits/sec
[  3] 10.0-12.0 sec  14.1 MBytes  59.2 Mbits/sec
[ 12] 10.0-12.0 sec  45.9 MBytes   192 Mbits/sec
[ 11] 10.0-12.0 sec  20.9 MBytes  87.6 Mbits/sec
[ 10] 10.0-12.0 sec  11.9 MBytes  49.8 Mbits/sec
[  4] 10.0-12.0 sec  9.62 MBytes  40.4 Mbits/sec
[  5] 10.0-12.0 sec  19.0 MBytes  79.7 Mbits/sec
[SUM] 10.0-12.0 sec   222 MBytes   929 Mbits/sec
[ 11] 12.0-14.0 sec  21.4 MBytes  89.7 Mbits/sec
[  8] 12.0-14.0 sec  44.8 MBytes   188 Mbits/sec
[  6] 12.0-14.0 sec  20.0 MBytes  83.9 Mbits/sec
[ 12] 12.0-14.0 sec  45.9 MBytes   192 Mbits/sec
[  7] 12.0-14.0 sec  20.8 MBytes  87.0 Mbits/sec
[  9] 12.0-14.0 sec  14.5 MBytes  60.8 Mbits/sec
[  3] 12.0-14.0 sec  14.4 MBytes  60.3 Mbits/sec
[  5] 12.0-14.0 sec  18.4 MBytes  77.1 Mbits/sec
[ 10] 12.0-14.0 sec  11.5 MBytes  48.2 Mbits/sec
[  4] 12.0-14.0 sec  10.0 MBytes  41.9 Mbits/sec
[SUM] 12.0-14.0 sec   222 MBytes   929 Mbits/sec
[  8] 14.0-16.0 sec  45.2 MBytes   190 Mbits/sec
[ 12] 14.0-16.0 sec  45.5 MBytes   191 Mbits/sec
[ 11] 14.0-16.0 sec  22.6 MBytes  94.9 Mbits/sec
[  9] 14.0-16.0 sec  13.5 MBytes  56.6 Mbits/sec
[  5] 14.0-16.0 sec  18.4 MBytes  77.1 Mbits/sec
[  7] 14.0-16.0 sec  21.4 MBytes  89.7 Mbits/sec
[  6] 14.0-16.0 sec  19.1 MBytes  80.2 Mbits/sec
[  3] 14.0-16.0 sec  14.6 MBytes  61.3 Mbits/sec
[ 10] 14.0-16.0 sec  10.8 MBytes  45.1 Mbits/sec
[  4] 14.0-16.0 sec  10.9 MBytes  45.6 Mbits/sec
[SUM] 14.0-16.0 sec   222 MBytes   931 Mbits/sec
[  3]  0.0-16.9 sec  98.4 MBytes  48.8 Mbits/sec
[  5]  0.0-17.0 sec   178 MBytes  87.8 Mbits/sec
[  8]  0.0-18.0 sec   410 MBytes   191 Mbits/sec
[ 11]  0.0-18.0 sec   196 MBytes  91.2 Mbits/sec
[  7]  0.0-18.0 sec   202 MBytes  94.3 Mbits/sec
[  6]  0.0-18.0 sec   180 MBytes  84.1 Mbits/sec
[  4] 16.0-18.0 sec  25.9 MBytes   109 Mbits/sec
[  9] 16.0-18.0 sec  15.4 MBytes  64.5 Mbits/sec
[  9]  0.0-18.0 sec   109 MBytes  50.8 Mbits/sec
[ 12] 16.0-18.0 sec  45.4 MBytes   190 Mbits/sec
[ 10] 16.0-18.0 sec  10.6 MBytes  44.6 Mbits/sec
[ 12]  0.0-20.0 sec   482 MBytes   202 Mbits/sec
[  4] 18.0-20.0 sec  67.2 MBytes   282 Mbits/sec
[  4]  0.0-20.0 sec   180 MBytes  75.7 Mbits/sec
[ 10] 18.0-20.0 sec  77.2 MBytes   324 Mbits/sec
[ 10]  0.0-20.0 sec   182 MBytes  76.5 Mbits/sec
[SUM]  0.0-20.0 sec  2.17 GBytes   929 Mbits/sec
